[19-Feb-2018 16:17:46 UTC] PHP Parse error:  syntax error, unexpected '<<' (T_SL) in /home/admin/public_html/app/Http/helpers/helper.php on line 17
[19-Feb-2018 16:17:46 UTC] PHP Parse error:  syntax error, unexpected '<<' (T_SL) in /home/admin/public_html/app/Http/helpers/helper.php on line 17
[19-Feb-2018 16:17:46 UTC] PHP Parse error:  syntax error, unexpected '<<' (T_SL) in /home/admin/public_html/app/Http/helpers/helper.php on line 17
[19-Feb-2018 16:17:46 UTC] PHP Parse error:  syntax error, unexpected '<<' (T_SL) in /home/admin/public_html/app/Http/helpers/helper.php on line 17
[19-Feb-2018 16:17:47 UTC] PHP Parse error:  syntax error, unexpected '<<' (T_SL) in /home/admin/public_html/app/Http/helpers/helper.php on line 17
[19-Feb-2018 16:17:47 UTC] PHP Parse error:  syntax error, unexpected '<<' (T_SL) in /home/admin/public_html/app/Http/helpers/helper.php on line 17
[19-Feb-2018 16:17:48 UTC] PHP Parse error:  syntax error, unexpected '<<' (T_SL) in /home/admin/public_html/app/Http/helpers/helper.php on line 17
[19-Feb-2018 16:17:49 UTC] PHP Parse error:  syntax error, unexpected '<<' (T_SL) in /home/admin/public_html/app/Http/helpers/helper.php on line 17
[19-Feb-2018 16:17:49 UTC] PHP Parse error:  syntax error, unexpected '<<' (T_SL) in /home/admin/public_html/app/Http/helpers/helper.php on line 17
[19-Feb-2018 16:17:50 UTC] PHP Parse error:  syntax error, unexpected '<<' (T_SL) in /home/admin/public_html/app/Http/helpers/helper.php on line 17
[19-Feb-2018 16:17:51 UTC] PHP Parse error:  syntax error, unexpected '<<' (T_SL) in /home/admin/public_html/app/Http/helpers/helper.php on line 17
[19-Feb-2018 16:17:51 UTC] PHP Parse error:  syntax error, unexpected '<<' (T_SL) in /home/admin/public_html/app/Http/helpers/helper.php on line 17
[19-Feb-2018 16:17:52 UTC] PHP Parse error:  syntax error, unexpected '<<' (T_SL) in /home/admin/public_html/app/Http/helpers/helper.php on line 17
[19-Feb-2018 16:17:53 UTC] PHP Parse error:  syntax error, unexpected '<<' (T_SL) in /home/admin/public_html/app/Http/helpers/helper.php on line 17
[19-Feb-2018 16:17:53 UTC] PHP Parse error:  syntax error, unexpected '<<' (T_SL) in /home/admin/public_html/app/Http/helpers/helper.php on line 17
[19-Feb-2018 16:17:54 UTC] PHP Parse error:  syntax error, unexpected '<<' (T_SL) in /home/admin/public_html/app/Http/helpers/helper.php on line 17
[19-Feb-2018 16:17:55 UTC] PHP Parse error:  syntax error, unexpected '<<' (T_SL) in /home/admin/public_html/app/Http/helpers/helper.php on line 17
[19-Feb-2018 16:17:55 UTC] PHP Parse error:  syntax error, unexpected '<<' (T_SL) in /home/admin/public_html/app/Http/helpers/helper.php on line 17
[19-Feb-2018 16:17:55 UTC] PHP Parse error:  syntax error, unexpected '<<' (T_SL) in /home/admin/public_html/app/Http/helpers/helper.php on line 17
[19-Feb-2018 16:17:55 UTC] PHP Parse error:  syntax error, unexpected '<<' (T_SL) in /home/admin/public_html/app/Http/helpers/helper.php on line 17
[19-Feb-2018 16:17:55 UTC] PHP Parse error:  syntax error, unexpected '<<' (T_SL) in /home/admin/public_html/app/Http/helpers/helper.php on line 17
[19-Feb-2018 16:17:56 UTC] PHP Parse error:  syntax error, unexpected '<<' (T_SL) in /home/admin/public_html/app/Http/helpers/helper.php on line 17
[19-Feb-2018 16:17:56 UTC] PHP Parse error:  syntax error, unexpected '<<' (T_SL) in /home/admin/public_html/app/Http/helpers/helper.php on line 17
[19-Feb-2018 16:17:57 UTC] PHP Parse error:  syntax error, unexpected '<<' (T_SL) in /home/admin/public_html/app/Http/helpers/helper.php on line 17
[19-Feb-2018 16:17:57 UTC] PHP Parse error:  syntax error, unexpected '<<' (T_SL) in /home/admin/public_html/app/Http/helpers/helper.php on line 17
[19-Feb-2018 16:17:57 UTC] PHP Parse error:  syntax error, unexpected '<<' (T_SL) in /home/admin/public_html/app/Http/helpers/helper.php on line 17
[19-Feb-2018 16:17:57 UTC] PHP Parse error:  syntax error, unexpected '<<' (T_SL) in /home/admin/public_html/app/Http/helpers/helper.php on line 17
[19-Feb-2018 16:17:58 UTC] PHP Parse error:  syntax error, unexpected '<<' (T_SL) in /home/admin/public_html/app/Http/helpers/helper.php on line 17
[19-Feb-2018 16:17:58 UTC] PHP Parse error:  syntax error, unexpected '<<' (T_SL) in /home/admin/public_html/app/Http/helpers/helper.php on line 17
[19-Feb-2018 16:17:58 UTC] PHP Parse error:  syntax error, unexpected '<<' (T_SL) in /home/admin/public_html/app/Http/helpers/helper.php on line 17
[19-Feb-2018 16:17:59 UTC] PHP Parse error:  syntax error, unexpected '<<' (T_SL) in /home/admin/public_html/app/Http/helpers/helper.php on line 17
[19-Feb-2018 16:17:59 UTC] PHP Parse error:  syntax error, unexpected '<<' (T_SL) in /home/admin/public_html/app/Http/helpers/helper.php on line 17
[19-Feb-2018 16:18:00 UTC] PHP Parse error:  syntax error, unexpected '<<' (T_SL) in /home/admin/public_html/app/Http/helpers/helper.php on line 17
[19-Feb-2018 16:18:02 UTC] PHP Parse error:  syntax error, unexpected '<<' (T_SL) in /home/admin/public_html/app/Http/helpers/helper.php on line 17
[19-Feb-2018 16:18:03 UTC] PHP Parse error:  syntax error, unexpected '<<' (T_SL) in /home/admin/public_html/app/Http/helpers/helper.php on line 17
[19-Feb-2018 16:18:03 UTC] PHP Parse error:  syntax error, unexpected '<<' (T_SL) in /home/admin/public_html/app/Http/helpers/helper.php on line 17
[19-Feb-2018 16:18:03 UTC] PHP Parse error:  syntax error, unexpected '<<' (T_SL) in /home/admin/public_html/app/Http/helpers/helper.php on line 17
[19-Feb-2018 16:18:03 UTC] PHP Parse error:  syntax error, unexpected '<<' (T_SL) in /home/admin/public_html/app/Http/helpers/helper.php on line 17
[19-Feb-2018 16:18:03 UTC] PHP Parse error:  syntax error, unexpected '<<' (T_SL) in /home/admin/public_html/app/Http/helpers/helper.php on line 17
[19-Feb-2018 16:18:03 UTC] PHP Parse error:  syntax error, unexpected '<<' (T_SL) in /home/admin/public_html/app/Http/helpers/helper.php on line 17
[19-Feb-2018 16:18:03 UTC] PHP Parse error:  syntax error, unexpected '<<' (T_SL) in /home/admin/public_html/app/Http/helpers/helper.php on line 17
[19-Feb-2018 16:18:03 UTC] PHP Parse error:  syntax error, unexpected '<<' (T_SL) in /home/admin/public_html/app/Http/helpers/helper.php on line 17
[19-Feb-2018 16:18:03 UTC] PHP Parse error:  syntax error, unexpected '<<' (T_SL) in /home/admin/public_html/app/Http/helpers/helper.php on line 17
[19-Feb-2018 16:18:03 UTC] PHP Parse error:  syntax error, unexpected '<<' (T_SL) in /home/admin/public_html/app/Http/helpers/helper.php on line 17
[19-Feb-2018 16:18:03 UTC] PHP Parse error:  syntax error, unexpected '<<' (T_SL) in /home/admin/public_html/app/Http/helpers/helper.php on line 17
[19-Feb-2018 16:18:03 UTC] PHP Parse error:  syntax error, unexpected '<<' (T_SL) in /home/admin/public_html/app/Http/helpers/helper.php on line 17
[19-Feb-2018 16:18:03 UTC] PHP Parse error:  syntax error, unexpected '<<' (T_SL) in /home/admin/public_html/app/Http/helpers/helper.php on line 17
[19-Feb-2018 16:18:03 UTC] PHP Parse error:  syntax error, unexpected '<<' (T_SL) in /home/admin/public_html/app/Http/helpers/helper.php on line 17
[19-Feb-2018 16:18:03 UTC] PHP Parse error:  syntax error, unexpected '<<' (T_SL) in /home/admin/public_html/app/Http/helpers/helper.php on line 17
[19-Feb-2018 16:18:04 UTC] PHP Parse error:  syntax error, unexpected '<<' (T_SL) in /home/admin/public_html/app/Http/helpers/helper.php on line 17
[19-Feb-2018 16:18:04 UTC] PHP Parse error:  syntax error, unexpected '<<' (T_SL) in /home/admin/public_html/app/Http/helpers/helper.php on line 17
[19-Feb-2018 16:18:04 UTC] PHP Parse error:  syntax error, unexpected '<<' (T_SL) in /home/admin/public_html/app/Http/helpers/helper.php on line 17
[19-Feb-2018 16:18:04 UTC] PHP Parse error:  syntax error, unexpected '<<' (T_SL) in /home/admin/public_html/app/Http/helpers/helper.php on line 17
[19-Feb-2018 16:18:05 UTC] PHP Parse error:  syntax error, unexpected '<<' (T_SL) in /home/admin/public_html/app/Http/helpers/helper.php on line 17
[19-Feb-2018 16:18:05 UTC] PHP Parse error:  syntax error, unexpected '<<' (T_SL) in /home/admin/public_html/app/Http/helpers/helper.php on line 17
[19-Feb-2018 16:18:05 UTC] PHP Parse error:  syntax error, unexpected '<<' (T_SL) in /home/admin/public_html/app/Http/helpers/helper.php on line 17
[19-Feb-2018 16:18:05 UTC] PHP Parse error:  syntax error, unexpected '<<' (T_SL) in /home/admin/public_html/app/Http/helpers/helper.php on line 17
[19-Feb-2018 16:18:05 UTC] PHP Parse error:  syntax error, unexpected '<<' (T_SL) in /home/admin/public_html/app/Http/helpers/helper.php on line 17
[19-Feb-2018 16:18:06 UTC] PHP Parse error:  syntax error, unexpected '<<' (T_SL) in /home/admin/public_html/app/Http/helpers/helper.php on line 17
[19-Feb-2018 16:18:07 UTC] PHP Parse error:  syntax error, unexpected '<<' (T_SL) in /home/admin/public_html/app/Http/helpers/helper.php on line 17
[19-Feb-2018 16:18:07 UTC] PHP Parse error:  syntax error, unexpected '<<' (T_SL) in /home/admin/public_html/app/Http/helpers/helper.php on line 17
[19-Feb-2018 16:18:07 UTC] PHP Parse error:  syntax error, unexpected '<<' (T_SL) in /home/admin/public_html/app/Http/helpers/helper.php on line 17
[19-Feb-2018 16:18:08 UTC] PHP Parse error:  syntax error, unexpected '<<' (T_SL) in /home/admin/public_html/app/Http/helpers/helper.php on line 17
[19-Feb-2018 16:18:08 UTC] PHP Parse error:  syntax error, unexpected '<<' (T_SL) in /home/admin/public_html/app/Http/helpers/helper.php on line 17
[19-Feb-2018 16:18:08 UTC] PHP Parse error:  syntax error, unexpected '<<' (T_SL) in /home/admin/public_html/app/Http/helpers/helper.php on line 17
[19-Feb-2018 16:18:08 UTC] PHP Parse error:  syntax error, unexpected '<<' (T_SL) in /home/admin/public_html/app/Http/helpers/helper.php on line 17
[19-Feb-2018 16:18:08 UTC] PHP Parse error:  syntax error, unexpected '<<' (T_SL) in /home/admin/public_html/app/Http/helpers/helper.php on line 17
[19-Feb-2018 16:18:09 UTC] PHP Parse error:  syntax error, unexpected '<<' (T_SL) in /home/admin/public_html/app/Http/helpers/helper.php on line 17
[19-Feb-2018 16:18:09 UTC] PHP Parse error:  syntax error, unexpected '<<' (T_SL) in /home/admin/public_html/app/Http/helpers/helper.php on line 17
[19-Feb-2018 16:18:09 UTC] PHP Parse error:  syntax error, unexpected '<<' (T_SL) in /home/admin/public_html/app/Http/helpers/helper.php on line 17
[19-Feb-2018 16:18:09 UTC] PHP Parse error:  syntax error, unexpected '<<' (T_SL) in /home/admin/public_html/app/Http/helpers/helper.php on line 17
[19-Feb-2018 16:18:09 UTC] PHP Parse error:  syntax error, unexpected '<<' (T_SL) in /home/admin/public_html/app/Http/helpers/helper.php on line 17
[19-Feb-2018 16:18:09 UTC] PHP Parse error:  syntax error, unexpected '<<' (T_SL) in /home/admin/public_html/app/Http/helpers/helper.php on line 17
[19-Feb-2018 16:18:10 UTC] PHP Parse error:  syntax error, unexpected '<<' (T_SL) in /home/admin/public_html/app/Http/helpers/helper.php on line 17
[19-Feb-2018 16:18:10 UTC] PHP Parse error:  syntax error, unexpected '<<' (T_SL) in /home/admin/public_html/app/Http/helpers/helper.php on line 17
[19-Feb-2018 16:18:10 UTC] PHP Parse error:  syntax error, unexpected '<<' (T_SL) in /home/admin/public_html/app/Http/helpers/helper.php on line 17
[19-Feb-2018 16:18:10 UTC] PHP Parse error:  syntax error, unexpected '<<' (T_SL) in /home/admin/public_html/app/Http/helpers/helper.php on line 17
[19-Feb-2018 16:18:10 UTC] PHP Parse error:  syntax error, unexpected '<<' (T_SL) in /home/admin/public_html/app/Http/helpers/helper.php on line 17
[19-Feb-2018 16:18:11 UTC] PHP Parse error:  syntax error, unexpected '<<' (T_SL) in /home/admin/public_html/app/Http/helpers/helper.php on line 17
[19-Feb-2018 16:18:11 UTC] PHP Parse error:  syntax error, unexpected '<<' (T_SL) in /home/admin/public_html/app/Http/helpers/helper.php on line 17
[19-Feb-2018 16:18:12 UTC] PHP Parse error:  syntax error, unexpected '<<' (T_SL) in /home/admin/public_html/app/Http/helpers/helper.php on line 17
[19-Feb-2018 16:18:13 UTC] PHP Parse error:  syntax error, unexpected '<<' (T_SL) in /home/admin/public_html/app/Http/helpers/helper.php on line 17
[19-Feb-2018 16:18:13 UTC] PHP Parse error:  syntax error, unexpected '<<' (T_SL) in /home/admin/public_html/app/Http/helpers/helper.php on line 17
[19-Feb-2018 16:18:14 UTC] PHP Parse error:  syntax error, unexpected '<<' (T_SL) in /home/admin/public_html/app/Http/helpers/helper.php on line 17
[19-Feb-2018 16:18:14 UTC] PHP Parse error:  syntax error, unexpected '<<' (T_SL) in /home/admin/public_html/app/Http/helpers/helper.php on line 17
[19-Feb-2018 16:18:14 UTC] PHP Parse error:  syntax error, unexpected '<<' (T_SL) in /home/admin/public_html/app/Http/helpers/helper.php on line 17
[19-Feb-2018 16:18:14 UTC] PHP Parse error:  syntax error, unexpected '<<' (T_SL) in /home/admin/public_html/app/Http/helpers/helper.php on line 17
[19-Feb-2018 16:18:14 UTC] PHP Parse error:  syntax error, unexpected '<<' (T_SL) in /home/admin/public_html/app/Http/helpers/helper.php on line 17
[19-Feb-2018 16:18:14 UTC] PHP Parse error:  syntax error, unexpected '<<' (T_SL) in /home/admin/public_html/app/Http/helpers/helper.php on line 17
[19-Feb-2018 16:18:14 UTC] PHP Parse error:  syntax error, unexpected '<<' (T_SL) in /home/admin/public_html/app/Http/helpers/helper.php on line 17
[19-Feb-2018 16:18:15 UTC] PHP Parse error:  syntax error, unexpected '<<' (T_SL) in /home/admin/public_html/app/Http/helpers/helper.php on line 17
[19-Feb-2018 16:18:15 UTC] PHP Parse error:  syntax error, unexpected '<<' (T_SL) in /home/admin/public_html/app/Http/helpers/helper.php on line 17
[19-Feb-2018 16:18:15 UTC] PHP Parse error:  syntax error, unexpected '<<' (T_SL) in /home/admin/public_html/app/Http/helpers/helper.php on line 17
[19-Feb-2018 16:18:15 UTC] PHP Parse error:  syntax error, unexpected '<<' (T_SL) in /home/admin/public_html/app/Http/helpers/helper.php on line 17
[19-Feb-2018 16:18:15 UTC] PHP Parse error:  syntax error, unexpected '<<' (T_SL) in /home/admin/public_html/app/Http/helpers/helper.php on line 17
[19-Feb-2018 16:18:15 UTC] PHP Parse error:  syntax error, unexpected '<<' (T_SL) in /home/admin/public_html/app/Http/helpers/helper.php on line 17
[19-Feb-2018 16:18:15 UTC] PHP Parse error:  syntax error, unexpected '<<' (T_SL) in /home/admin/public_html/app/Http/helpers/helper.php on line 17
[19-Feb-2018 16:18:15 UTC] PHP Parse error:  syntax error, unexpected '<<' (T_SL) in /home/admin/public_html/app/Http/helpers/helper.php on line 17
[19-Feb-2018 16:18:15 UTC] PHP Parse error:  syntax error, unexpected '<<' (T_SL) in /home/admin/public_html/app/Http/helpers/helper.php on line 17
[19-Feb-2018 16:18:15 UTC] PHP Parse error:  syntax error, unexpected '<<' (T_SL) in /home/admin/public_html/app/Http/helpers/helper.php on line 17
[19-Feb-2018 16:18:15 UTC] PHP Parse error:  syntax error, unexpected '<<' (T_SL) in /home/admin/public_html/app/Http/helpers/helper.php on line 17
[19-Feb-2018 16:18:15 UTC] PHP Parse error:  syntax error, unexpected '<<' (T_SL) in /home/admin/public_html/app/Http/helpers/helper.php on line 17
[19-Feb-2018 16:18:15 UTC] PHP Parse error:  syntax error, unexpected '<<' (T_SL) in /home/admin/public_html/app/Http/helpers/helper.php on line 17
[19-Feb-2018 16:18:16 UTC] PHP Parse error:  syntax error, unexpected '<<' (T_SL) in /home/admin/public_html/app/Http/helpers/helper.php on line 17
[19-Feb-2018 16:18:16 UTC] PHP Parse error:  syntax error, unexpected '<<' (T_SL) in /home/admin/public_html/app/Http/helpers/helper.php on line 17
[19-Feb-2018 16:18:17 UTC] PHP Parse error:  syntax error, unexpected '<<' (T_SL) in /home/admin/public_html/app/Http/helpers/helper.php on line 17
[19-Feb-2018 16:18:17 UTC] PHP Parse error:  syntax error, unexpected '<<' (T_SL) in /home/admin/public_html/app/Http/helpers/helper.php on line 17
[19-Feb-2018 16:18:17 UTC] PHP Parse error:  syntax error, unexpected '<<' (T_SL) in /home/admin/public_html/app/Http/helpers/helper.php on line 17
[19-Feb-2018 16:18:17 UTC] PHP Parse error:  syntax error, unexpected '<<' (T_SL) in /home/admin/public_html/app/Http/helpers/helper.php on line 17
[19-Feb-2018 16:18:18 UTC] PHP Parse error:  syntax error, unexpected '<<' (T_SL) in /home/admin/public_html/app/Http/helpers/helper.php on line 17
[19-Feb-2018 16:18:18 UTC] PHP Parse error:  syntax error, unexpected '<<' (T_SL) in /home/admin/public_html/app/Http/helpers/helper.php on line 17
[19-Feb-2018 16:18:19 UTC] PHP Parse error:  syntax error, unexpected '<<' (T_SL) in /home/admin/public_html/app/Http/helpers/helper.php on line 17
[19-Feb-2018 16:18:19 UTC] PHP Parse error:  syntax error, unexpected '<<' (T_SL) in /home/admin/public_html/app/Http/helpers/helper.php on line 17
[19-Feb-2018 16:18:19 UTC] PHP Parse error:  syntax error, unexpected '<<' (T_SL) in /home/admin/public_html/app/Http/helpers/helper.php on line 17
[19-Feb-2018 16:18:19 UTC] PHP Parse error:  syntax error, unexpected '<<' (T_SL) in /home/admin/public_html/app/Http/helpers/helper.php on line 17
[19-Feb-2018 16:18:19 UTC] PHP Parse error:  syntax error, unexpected '<<' (T_SL) in /home/admin/public_html/app/Http/helpers/helper.php on line 17
[19-Feb-2018 16:18:20 UTC] PHP Parse error:  syntax error, unexpected '<<' (T_SL) in /home/admin/public_html/app/Http/helpers/helper.php on line 17
[19-Feb-2018 16:18:20 UTC] PHP Parse error:  syntax error, unexpected '<<' (T_SL) in /home/admin/public_html/app/Http/helpers/helper.php on line 17
[19-Feb-2018 16:18:20 UTC] PHP Parse error:  syntax error, unexpected '<<' (T_SL) in /home/admin/public_html/app/Http/helpers/helper.php on line 17
[19-Feb-2018 16:18:21 UTC] PHP Parse error:  syntax error, unexpected '<<' (T_SL) in /home/admin/public_html/app/Http/helpers/helper.php on line 17
[19-Feb-2018 16:18:21 UTC] PHP Parse error:  syntax error, unexpected '<<' (T_SL) in /home/admin/public_html/app/Http/helpers/helper.php on line 17
[19-Feb-2018 16:18:22 UTC] PHP Parse error:  syntax error, unexpected '<<' (T_SL) in /home/admin/public_html/app/Http/helpers/helper.php on line 17
[19-Feb-2018 16:18:22 UTC] PHP Parse error:  syntax error, unexpected '<<' (T_SL) in /home/admin/public_html/app/Http/helpers/helper.php on line 17
[19-Feb-2018 16:18:23 UTC] PHP Parse error:  syntax error, unexpected '<<' (T_SL) in /home/admin/public_html/app/Http/helpers/helper.php on line 17
[19-Feb-2018 16:18:24 UTC] PHP Parse error:  syntax error, unexpected '<<' (T_SL) in /home/admin/public_html/app/Http/helpers/helper.php on line 17
[19-Feb-2018 16:18:25 UTC] PHP Parse error:  syntax error, unexpected '<<' (T_SL) in /home/admin/public_html/app/Http/helpers/helper.php on line 17
[19-Feb-2018 16:18:25 UTC] PHP Parse error:  syntax error, unexpected '<<' (T_SL) in /home/admin/public_html/app/Http/helpers/helper.php on line 17
[19-Feb-2018 16:18:25 UTC] PHP Parse error:  syntax error, unexpected '<<' (T_SL) in /home/admin/public_html/app/Http/helpers/helper.php on line 17
[19-Feb-2018 16:18:25 UTC] PHP Parse error:  syntax error, unexpected '<<' (T_SL) in /home/admin/public_html/app/Http/helpers/helper.php on line 17
[19-Feb-2018 16:18:25 UTC] PHP Parse error:  syntax error, unexpected '<<' (T_SL) in /home/admin/public_html/app/Http/helpers/helper.php on line 17
[19-Feb-2018 16:18:25 UTC] PHP Parse error:  syntax error, unexpected '<<' (T_SL) in /home/admin/public_html/app/Http/helpers/helper.php on line 17
[19-Feb-2018 16:18:25 UTC] PHP Parse error:  syntax error, unexpected '<<' (T_SL) in /home/admin/public_html/app/Http/helpers/helper.php on line 17
[19-Feb-2018 16:18:25 UTC] PHP Parse error:  syntax error, unexpected '<<' (T_SL) in /home/admin/public_html/app/Http/helpers/helper.php on line 17
[19-Feb-2018 16:18:26 UTC] PHP Parse error:  syntax error, unexpected '<<' (T_SL) in /home/admin/public_html/app/Http/helpers/helper.php on line 17
[19-Feb-2018 16:18:26 UTC] PHP Parse error:  syntax error, unexpected '<<' (T_SL) in /home/admin/public_html/app/Http/helpers/helper.php on line 17
[19-Feb-2018 16:18:26 UTC] PHP Parse error:  syntax error, unexpected '<<' (T_SL) in /home/admin/public_html/app/Http/helpers/helper.php on line 17
[19-Feb-2018 16:18:26 UTC] PHP Parse error:  syntax error, unexpected '<<' (T_SL) in /home/admin/public_html/app/Http/helpers/helper.php on line 17
[19-Feb-2018 16:18:26 UTC] PHP Parse error:  syntax error, unexpected '<<' (T_SL) in /home/admin/public_html/app/Http/helpers/helper.php on line 17
[19-Feb-2018 16:18:26 UTC] PHP Parse error:  syntax error, unexpected '<<' (T_SL) in /home/admin/public_html/app/Http/helpers/helper.php on line 17
[19-Feb-2018 16:18:26 UTC] PHP Parse error:  syntax error, unexpected '<<' (T_SL) in /home/admin/public_html/app/Http/helpers/helper.php on line 17
[19-Feb-2018 16:18:27 UTC] PHP Parse error:  syntax error, unexpected '<<' (T_SL) in /home/admin/public_html/app/Http/helpers/helper.php on line 17
[19-Feb-2018 16:18:27 UTC] PHP Parse error:  syntax error, unexpected '<<' (T_SL) in /home/admin/public_html/app/Http/helpers/helper.php on line 17
[19-Feb-2018 16:18:28 UTC] PHP Parse error:  syntax error, unexpected '<<' (T_SL) in /home/admin/public_html/app/Http/helpers/helper.php on line 17
[19-Feb-2018 16:18:28 UTC] PHP Parse error:  syntax error, unexpected '<<' (T_SL) in /home/admin/public_html/app/Http/helpers/helper.php on line 17
[19-Feb-2018 16:18:28 UTC] PHP Parse error:  syntax error, unexpected '<<' (T_SL) in /home/admin/public_html/app/Http/helpers/helper.php on line 17
[19-Feb-2018 16:18:28 UTC] PHP Parse error:  syntax error, unexpected '<<' (T_SL) in /home/admin/public_html/app/Http/helpers/helper.php on line 17
[19-Feb-2018 16:18:28 UTC] PHP Parse error:  syntax error, unexpected '<<' (T_SL) in /home/admin/public_html/app/Http/helpers/helper.php on line 17
[19-Feb-2018 16:18:29 UTC] PHP Parse error:  syntax error, unexpected '<<' (T_SL) in /home/admin/public_html/app/Http/helpers/helper.php on line 17
[19-Feb-2018 16:18:29 UTC] PHP Parse error:  syntax error, unexpected '<<' (T_SL) in /home/admin/public_html/app/Http/helpers/helper.php on line 17
[19-Feb-2018 16:18:30 UTC] PHP Parse error:  syntax error, unexpected '<<' (T_SL) in /home/admin/public_html/app/Http/helpers/helper.php on line 17
[19-Feb-2018 16:18:30 UTC] PHP Parse error:  syntax error, unexpected '<<' (T_SL) in /home/admin/public_html/app/Http/helpers/helper.php on line 17
[19-Feb-2018 16:18:31 UTC] PHP Parse error:  syntax error, unexpected '<<' (T_SL) in /home/admin/public_html/app/Http/helpers/helper.php on line 17
[19-Feb-2018 16:18:31 UTC] PHP Parse error:  syntax error, unexpected '<<' (T_SL) in /home/admin/public_html/app/Http/helpers/helper.php on line 17
[19-Feb-2018 16:18:31 UTC] PHP Parse error:  syntax error, unexpected '<<' (T_SL) in /home/admin/public_html/app/Http/helpers/helper.php on line 17
[19-Feb-2018 16:18:31 UTC] PHP Parse error:  syntax error, unexpected '<<' (T_SL) in /home/admin/public_html/app/Http/helpers/helper.php on line 17
[19-Feb-2018 16:18:33 UTC] PHP Parse error:  syntax error, unexpected '<<' (T_SL) in /home/admin/public_html/app/Http/helpers/helper.php on line 17
[19-Feb-2018 16:18:33 UTC] PHP Parse error:  syntax error, unexpected '<<' (T_SL) in /home/admin/public_html/app/Http/helpers/helper.php on line 17
[19-Feb-2018 16:18:33 UTC] PHP Parse error:  syntax error, unexpected '<<' (T_SL) in /home/admin/public_html/app/Http/helpers/helper.php on line 17
[19-Feb-2018 16:18:33 UTC] PHP Parse error:  syntax error, unexpected '<<' (T_SL) in /home/admin/public_html/app/Http/helpers/helper.php on line 17
[19-Feb-2018 16:18:33 UTC] PHP Parse error:  syntax error, unexpected '<<' (T_SL) in /home/admin/public_html/app/Http/helpers/helper.php on line 17
[19-Feb-2018 16:18:34 UTC] PHP Parse error:  syntax error, unexpected '<<' (T_SL) in /home/admin/public_html/app/Http/helpers/helper.php on line 17
[19-Feb-2018 16:18:34 UTC] PHP Parse error:  syntax error, unexpected '<<' (T_SL) in /home/admin/public_html/app/Http/helpers/helper.php on line 17
[19-Feb-2018 16:18:34 UTC] PHP Parse error:  syntax error, unexpected '<<' (T_SL) in /home/admin/public_html/app/Http/helpers/helper.php on line 17
[19-Feb-2018 16:18:34 UTC] PHP Parse error:  syntax error, unexpected '<<' (T_SL) in /home/admin/public_html/app/Http/helpers/helper.php on line 17
[19-Feb-2018 16:18:34 UTC] PHP Parse error:  syntax error, unexpected '<<' (T_SL) in /home/admin/public_html/app/Http/helpers/helper.php on line 17
[19-Feb-2018 16:18:36 UTC] PHP Parse error:  syntax error, unexpected '<<' (T_SL) in /home/admin/public_html/app/Http/helpers/helper.php on line 17
[19-Feb-2018 16:18:36 UTC] PHP Parse error:  syntax error, unexpected '<<' (T_SL) in /home/admin/public_html/app/Http/helpers/helper.php on line 17
[19-Feb-2018 16:18:37 UTC] PHP Parse error:  syntax error, unexpected '<<' (T_SL) in /home/admin/public_html/app/Http/helpers/helper.php on line 17
[19-Feb-2018 16:18:37 UTC] PHP Parse error:  syntax error, unexpected '<<' (T_SL) in /home/admin/public_html/app/Http/helpers/helper.php on line 17
[19-Feb-2018 16:18:37 UTC] PHP Parse error:  syntax error, unexpected '<<' (T_SL) in /home/admin/public_html/app/Http/helpers/helper.php on line 17
[19-Feb-2018 16:18:37 UTC] PHP Parse error:  syntax error, unexpected '<<' (T_SL) in /home/admin/public_html/app/Http/helpers/helper.php on line 17
[19-Feb-2018 16:18:37 UTC] PHP Parse error:  syntax error, unexpected '<<' (T_SL) in /home/admin/public_html/app/Http/helpers/helper.php on line 17
[19-Feb-2018 16:18:37 UTC] PHP Parse error:  syntax error, unexpected '<<' (T_SL) in /home/admin/public_html/app/Http/helpers/helper.php on line 17
[19-Feb-2018 16:18:37 UTC] PHP Parse error:  syntax error, unexpected '<<' (T_SL) in /home/admin/public_html/app/Http/helpers/helper.php on line 17
[19-Feb-2018 16:18:37 UTC] PHP Parse error:  syntax error, unexpected '<<' (T_SL) in /home/admin/public_html/app/Http/helpers/helper.php on line 17
[19-Feb-2018 16:18:37 UTC] PHP Parse error:  syntax error, unexpected '<<' (T_SL) in /home/admin/public_html/app/Http/helpers/helper.php on line 17
[19-Feb-2018 16:18:37 UTC] PHP Parse error:  syntax error, unexpected '<<' (T_SL) in /home/admin/public_html/app/Http/helpers/helper.php on line 17
[19-Feb-2018 16:18:37 UTC] PHP Parse error:  syntax error, unexpected '<<' (T_SL) in /home/admin/public_html/app/Http/helpers/helper.php on line 17
[19-Feb-2018 16:18:38 UTC] PHP Parse error:  syntax error, unexpected '<<' (T_SL) in /home/admin/public_html/app/Http/helpers/helper.php on line 17
[19-Feb-2018 16:18:38 UTC] PHP Parse error:  syntax error, unexpected '<<' (T_SL) in /home/admin/public_html/app/Http/helpers/helper.php on line 17
[19-Feb-2018 16:18:39 UTC] PHP Parse error:  syntax error, unexpected '<<' (T_SL) in /home/admin/public_html/app/Http/helpers/helper.php on line 17
[19-Feb-2018 16:18:39 UTC] PHP Parse error:  syntax error, unexpected '<<' (T_SL) in /home/admin/public_html/app/Http/helpers/helper.php on line 17
[19-Feb-2018 16:18:39 UTC] PHP Parse error:  syntax error, unexpected '<<' (T_SL) in /home/admin/public_html/app/Http/helpers/helper.php on line 17
[19-Feb-2018 16:18:40 UTC] PHP Parse error:  syntax error, unexpected '<<' (T_SL) in /home/admin/public_html/app/Http/helpers/helper.php on line 17
[19-Feb-2018 16:18:40 UTC] PHP Parse error:  syntax error, unexpected '<<' (T_SL) in /home/admin/public_html/app/Http/helpers/helper.php on line 17
[19-Feb-2018 16:18:41 UTC] PHP Parse error:  syntax error, unexpected '<<' (T_SL) in /home/admin/public_html/app/Http/helpers/helper.php on line 17
[19-Feb-2018 16:18:41 UTC] PHP Parse error:  syntax error, unexpected '<<' (T_SL) in /home/admin/public_html/app/Http/helpers/helper.php on line 17
[19-Feb-2018 16:18:41 UTC] PHP Parse error:  syntax error, unexpected '<<' (T_SL) in /home/admin/public_html/app/Http/helpers/helper.php on line 17
[19-Feb-2018 16:18:41 UTC] PHP Parse error:  syntax error, unexpected '<<' (T_SL) in /home/admin/public_html/app/Http/helpers/helper.php on line 17
[19-Feb-2018 16:18:41 UTC] PHP Parse error:  syntax error, unexpected '<<' (T_SL) in /home/admin/public_html/app/Http/helpers/helper.php on line 17
[19-Feb-2018 16:18:41 UTC] PHP Parse error:  syntax error, unexpected '<<' (T_SL) in /home/admin/public_html/app/Http/helpers/helper.php on line 17
[19-Feb-2018 16:18:41 UTC] PHP Parse error:  syntax error, unexpected '<<' (T_SL) in /home/admin/public_html/app/Http/helpers/helper.php on line 17
[19-Feb-2018 16:18:41 UTC] PHP Parse error:  syntax error, unexpected '<<' (T_SL) in /home/admin/public_html/app/Http/helpers/helper.php on line 17
[19-Feb-2018 16:18:42 UTC] PHP Parse error:  syntax error, unexpected '<<' (T_SL) in /home/admin/public_html/app/Http/helpers/helper.php on line 17
[19-Feb-2018 16:18:43 UTC] PHP Parse error:  syntax error, unexpected '<<' (T_SL) in /home/admin/public_html/app/Http/helpers/helper.php on line 17
[19-Feb-2018 16:18:43 UTC] PHP Parse error:  syntax error, unexpected '<<' (T_SL) in /home/admin/public_html/app/Http/helpers/helper.php on line 17
[19-Feb-2018 16:18:43 UTC] PHP Parse error:  syntax error, unexpected '<<' (T_SL) in /home/admin/public_html/app/Http/helpers/helper.php on line 17
[19-Feb-2018 16:18:44 UTC] PHP Parse error:  syntax error, unexpected '<<' (T_SL) in /home/admin/public_html/app/Http/helpers/helper.php on line 17
[19-Feb-2018 16:18:44 UTC] PHP Parse error:  syntax error, unexpected '<<' (T_SL) in /home/admin/public_html/app/Http/helpers/helper.php on line 17
[19-Feb-2018 16:18:44 UTC] PHP Parse error:  syntax error, unexpected '<<' (T_SL) in /home/admin/public_html/app/Http/helpers/helper.php on line 17
[19-Feb-2018 16:18:45 UTC] PHP Parse error:  syntax error, unexpected '<<' (T_SL) in /home/admin/public_html/app/Http/helpers/helper.php on line 17
[19-Feb-2018 16:18:45 UTC] PHP Parse error:  syntax error, unexpected '<<' (T_SL) in /home/admin/public_html/app/Http/helpers/helper.php on line 17
[19-Feb-2018 16:18:45 UTC] PHP Parse error:  syntax error, unexpected '<<' (T_SL) in /home/admin/public_html/app/Http/helpers/helper.php on line 17
[19-Feb-2018 16:18:46 UTC] PHP Parse error:  syntax error, unexpected '<<' (T_SL) in /home/admin/public_html/app/Http/helpers/helper.php on line 17
[19-Feb-2018 16:18:48 UTC] PHP Parse error:  syntax error, unexpected '<<' (T_SL) in /home/admin/public_html/app/Http/helpers/helper.php on line 17
[19-Feb-2018 16:18:48 UTC] PHP Parse error:  syntax error, unexpected '<<' (T_SL) in /home/admin/public_html/app/Http/helpers/helper.php on line 17
[19-Feb-2018 16:18:48 UTC] PHP Parse error:  syntax error, unexpected '<<' (T_SL) in /home/admin/public_html/app/Http/helpers/helper.php on line 17
[19-Feb-2018 16:18:48 UTC] PHP Parse error:  syntax error, unexpected '<<' (T_SL) in /home/admin/public_html/app/Http/helpers/helper.php on line 17
[19-Feb-2018 16:18:48 UTC] PHP Parse error:  syntax error, unexpected '<<' (T_SL) in /home/admin/public_html/app/Http/helpers/helper.php on line 17
[19-Feb-2018 16:18:48 UTC] PHP Parse error:  syntax error, unexpected '<<' (T_SL) in /home/admin/public_html/app/Http/helpers/helper.php on line 17
[19-Feb-2018 16:18:49 UTC] PHP Parse error:  syntax error, unexpected '<<' (T_SL) in /home/admin/public_html/app/Http/helpers/helper.php on line 17
[19-Feb-2018 16:18:49 UTC] PHP Parse error:  syntax error, unexpected '<<' (T_SL) in /home/admin/public_html/app/Http/helpers/helper.php on line 17
[19-Feb-2018 16:18:49 UTC] PHP Parse error:  syntax error, unexpected '<<' (T_SL) in /home/admin/public_html/app/Http/helpers/helper.php on line 17
[19-Feb-2018 16:18:49 UTC] PHP Parse error:  syntax error, unexpected '<<' (T_SL) in /home/admin/public_html/app/Http/helpers/helper.php on line 17
[19-Feb-2018 16:18:49 UTC] PHP Parse error:  syntax error, unexpected '<<' (T_SL) in /home/admin/public_html/app/Http/helpers/helper.php on line 17
[19-Feb-2018 16:18:50 UTC] PHP Parse error:  syntax error, unexpected '<<' (T_SL) in /home/admin/public_html/app/Http/helpers/helper.php on line 17
[19-Feb-2018 16:18:51 UTC] PHP Parse error:  syntax error, unexpected '<<' (T_SL) in /home/admin/public_html/app/Http/helpers/helper.php on line 17
[19-Feb-2018 16:18:51 UTC] PHP Parse error:  syntax error, unexpected '<<' (T_SL) in /home/admin/public_html/app/Http/helpers/helper.php on line 17
[19-Feb-2018 16:18:52 UTC] PHP Parse error:  syntax error, unexpected '<<' (T_SL) in /home/admin/public_html/app/Http/helpers/helper.php on line 17
[19-Feb-2018 16:18:52 UTC] PHP Parse error:  syntax error, unexpected '<<' (T_SL) in /home/admin/public_html/app/Http/helpers/helper.php on line 17
[19-Feb-2018 16:18:52 UTC] PHP Parse error:  syntax error, unexpected '<<' (T_SL) in /home/admin/public_html/app/Http/helpers/helper.php on line 17
[19-Feb-2018 16:18:52 UTC] PHP Parse error:  syntax error, unexpected '<<' (T_SL) in /home/admin/public_html/app/Http/helpers/helper.php on line 17
[19-Feb-2018 16:18:53 UTC] PHP Parse error:  syntax error, unexpected '<<' (T_SL) in /home/admin/public_html/app/Http/helpers/helper.php on line 17
[19-Feb-2018 16:18:53 UTC] PHP Parse error:  syntax error, unexpected '<<' (T_SL) in /home/admin/public_html/app/Http/helpers/helper.php on line 17
[19-Feb-2018 16:18:53 UTC] PHP Parse error:  syntax error, unexpected '<<' (T_SL) in /home/admin/public_html/app/Http/helpers/helper.php on line 17
[19-Feb-2018 16:18:53 UTC] PHP Parse error:  syntax error, unexpected '<<' (T_SL) in /home/admin/public_html/app/Http/helpers/helper.php on line 17
[19-Feb-2018 16:18:56 UTC] PHP Parse error:  syntax error, unexpected '<<' (T_SL) in /home/admin/public_html/app/Http/helpers/helper.php on line 17
[19-Feb-2018 16:18:57 UTC] PHP Parse error:  syntax error, unexpected '<<' (T_SL) in /home/admin/public_html/app/Http/helpers/helper.php on line 17
[19-Feb-2018 16:18:57 UTC] PHP Parse error:  syntax error, unexpected '<<' (T_SL) in /home/admin/public_html/app/Http/helpers/helper.php on line 17
[19-Feb-2018 16:18:57 UTC] PHP Parse error:  syntax error, unexpected '<<' (T_SL) in /home/admin/public_html/app/Http/helpers/helper.php on line 17
[19-Feb-2018 16:18:58 UTC] PHP Parse error:  syntax error, unexpected '<<' (T_SL) in /home/admin/public_html/app/Http/helpers/helper.php on line 17
[19-Feb-2018 16:18:58 UTC] PHP Parse error:  syntax error, unexpected '<<' (T_SL) in /home/admin/public_html/app/Http/helpers/helper.php on line 17
[19-Feb-2018 16:18:59 UTC] PHP Parse error:  syntax error, unexpected '<<' (T_SL) in /home/admin/public_html/app/Http/helpers/helper.php on line 17
[19-Feb-2018 16:19:01 UTC] PHP Parse error:  syntax error, unexpected '<<' (T_SL) in /home/admin/public_html/app/Http/helpers/helper.php on line 17
[19-Feb-2018 16:19:02 UTC] PHP Parse error:  syntax error, unexpected '<<' (T_SL) in /home/admin/public_html/app/Http/helpers/helper.php on line 17
[19-Feb-2018 16:19:02 UTC] PHP Parse error:  syntax error, unexpected '<<' (T_SL) in /home/admin/public_html/app/Http/helpers/helper.php on line 17
[19-Feb-2018 16:19:03 UTC] PHP Parse error:  syntax error, unexpected '<<' (T_SL) in /home/admin/public_html/app/Http/helpers/helper.php on line 17
[19-Feb-2018 16:19:03 UTC] PHP Parse error:  syntax error, unexpected '<<' (T_SL) in /home/admin/public_html/app/Http/helpers/helper.php on line 17
[19-Feb-2018 16:19:03 UTC] PHP Parse error:  syntax error, unexpected '<<' (T_SL) in /home/admin/public_html/app/Http/helpers/helper.php on line 17
[19-Feb-2018 16:19:04 UTC] PHP Parse error:  syntax error, unexpected '<<' (T_SL) in /home/admin/public_html/app/Http/helpers/helper.php on line 17
[19-Feb-2018 16:19:04 UTC] PHP Parse error:  syntax error, unexpected '<<' (T_SL) in /home/admin/public_html/app/Http/helpers/helper.php on line 17
[19-Feb-2018 16:19:05 UTC] PHP Parse error:  syntax error, unexpected '<<' (T_SL) in /home/admin/public_html/app/Http/helpers/helper.php on line 17
[19-Feb-2018 16:19:05 UTC] PHP Parse error:  syntax error, unexpected '<<' (T_SL) in /home/admin/public_html/app/Http/helpers/helper.php on line 17
[19-Feb-2018 16:19:05 UTC] PHP Parse error:  syntax error, unexpected '<<' (T_SL) in /home/admin/public_html/app/Http/helpers/helper.php on line 17
[19-Feb-2018 16:19:05 UTC] PHP Parse error:  syntax error, unexpected '<<' (T_SL) in /home/admin/public_html/app/Http/helpers/helper.php on line 17
[19-Feb-2018 16:19:05 UTC] PHP Parse error:  syntax error, unexpected '<<' (T_SL) in /home/admin/public_html/app/Http/helpers/helper.php on line 17
[19-Feb-2018 16:19:06 UTC] PHP Parse error:  syntax error, unexpected '<<' (T_SL) in /home/admin/public_html/app/Http/helpers/helper.php on line 17
[19-Feb-2018 16:19:07 UTC] PHP Parse error:  syntax error, unexpected '<<' (T_SL) in /home/admin/public_html/app/Http/helpers/helper.php on line 17
[19-Feb-2018 16:19:08 UTC] PHP Parse error:  syntax error, unexpected '<<' (T_SL) in /home/admin/public_html/app/Http/helpers/helper.php on line 17
[19-Feb-2018 16:19:08 UTC] PHP Parse error:  syntax error, unexpected '<<' (T_SL) in /home/admin/public_html/app/Http/helpers/helper.php on line 17
[19-Feb-2018 16:19:08 UTC] PHP Parse error:  syntax error, unexpected '<<' (T_SL) in /home/admin/public_html/app/Http/helpers/helper.php on line 17
[19-Feb-2018 16:19:09 UTC] PHP Parse error:  syntax error, unexpected '<<' (T_SL) in /home/admin/public_html/app/Http/helpers/helper.php on line 17
[19-Feb-2018 16:19:09 UTC] PHP Parse error:  syntax error, unexpected '<<' (T_SL) in /home/admin/public_html/app/Http/helpers/helper.php on line 17
[19-Feb-2018 16:19:09 UTC] PHP Parse error:  syntax error, unexpected '<<' (T_SL) in /home/admin/public_html/app/Http/helpers/helper.php on line 17
[19-Feb-2018 16:19:09 UTC] PHP Parse error:  syntax error, unexpected '<<' (T_SL) in /home/admin/public_html/app/Http/helpers/helper.php on line 17
[19-Feb-2018 16:19:09 UTC] PHP Parse error:  syntax error, unexpected '<<' (T_SL) in /home/admin/public_html/app/Http/helpers/helper.php on line 17
[19-Feb-2018 16:19:10 UTC] PHP Parse error:  syntax error, unexpected '<<' (T_SL) in /home/admin/public_html/app/Http/helpers/helper.php on line 17
[19-Feb-2018 16:19:10 UTC] PHP Parse error:  syntax error, unexpected '<<' (T_SL) in /home/admin/public_html/app/Http/helpers/helper.php on line 17
[19-Feb-2018 16:19:11 UTC] PHP Parse error:  syntax error, unexpected '<<' (T_SL) in /home/admin/public_html/app/Http/helpers/helper.php on line 17
[19-Feb-2018 16:19:11 UTC] PHP Parse error:  syntax error, unexpected '<<' (T_SL) in /home/admin/public_html/app/Http/helpers/helper.php on line 17
[19-Feb-2018 16:19:12 UTC] PHP Parse error:  syntax error, unexpected '<<' (T_SL) in /home/admin/public_html/app/Http/helpers/helper.php on line 17
[19-Feb-2018 16:19:13 UTC] PHP Parse error:  syntax error, unexpected '<<' (T_SL) in /home/admin/public_html/app/Http/helpers/helper.php on line 17
[19-Feb-2018 16:19:13 UTC] PHP Parse error:  syntax error, unexpected '<<' (T_SL) in /home/admin/public_html/app/Http/helpers/helper.php on line 17
[19-Feb-2018 16:19:13 UTC] PHP Parse error:  syntax error, unexpected '<<' (T_SL) in /home/admin/public_html/app/Http/helpers/helper.php on line 17
[19-Feb-2018 16:19:14 UTC] PHP Parse error:  syntax error, unexpected '<<' (T_SL) in /home/admin/public_html/app/Http/helpers/helper.php on line 17
[19-Feb-2018 16:19:14 UTC] PHP Parse error:  syntax error, unexpected '<<' (T_SL) in /home/admin/public_html/app/Http/helpers/helper.php on line 17
[19-Feb-2018 16:19:14 UTC] PHP Parse error:  syntax error, unexpected '<<' (T_SL) in /home/admin/public_html/app/Http/helpers/helper.php on line 17
[19-Feb-2018 16:19:14 UTC] PHP Parse error:  syntax error, unexpected '<<' (T_SL) in /home/admin/public_html/app/Http/helpers/helper.php on line 17
[19-Feb-2018 16:19:14 UTC] PHP Parse error:  syntax error, unexpected '<<' (T_SL) in /home/admin/public_html/app/Http/helpers/helper.php on line 17
[19-Feb-2018 16:19:15 UTC] PHP Parse error:  syntax error, unexpected '<<' (T_SL) in /home/admin/public_html/app/Http/helpers/helper.php on line 17
[19-Feb-2018 16:19:15 UTC] PHP Parse error:  syntax error, unexpected '<<' (T_SL) in /home/admin/public_html/app/Http/helpers/helper.php on line 17
[19-Feb-2018 16:19:15 UTC] PHP Parse error:  syntax error, unexpected '<<' (T_SL) in /home/admin/public_html/app/Http/helpers/helper.php on line 17
[19-Feb-2018 16:19:15 UTC] PHP Parse error:  syntax error, unexpected '<<' (T_SL) in /home/admin/public_html/app/Http/helpers/helper.php on line 17
[19-Feb-2018 16:19:16 UTC] PHP Parse error:  syntax error, unexpected '<<' (T_SL) in /home/admin/public_html/app/Http/helpers/helper.php on line 17
[19-Feb-2018 16:19:16 UTC] PHP Parse error:  syntax error, unexpected '<<' (T_SL) in /home/admin/public_html/app/Http/helpers/helper.php on line 17
[19-Feb-2018 16:19:16 UTC] PHP Parse error:  syntax error, unexpected '<<' (T_SL) in /home/admin/public_html/app/Http/helpers/helper.php on line 17
[19-Feb-2018 16:19:16 UTC] PHP Parse error:  syntax error, unexpected '<<' (T_SL) in /home/admin/public_html/app/Http/helpers/helper.php on line 17
[19-Feb-2018 16:19:16 UTC] PHP Parse error:  syntax error, unexpected '<<' (T_SL) in /home/admin/public_html/app/Http/helpers/helper.php on line 17
[19-Feb-2018 16:19:16 UTC] PHP Parse error:  syntax error, unexpected '<<' (T_SL) in /home/admin/public_html/app/Http/helpers/helper.php on line 17
[19-Feb-2018 16:19:16 UTC] PHP Parse error:  syntax error, unexpected '<<' (T_SL) in /home/admin/public_html/app/Http/helpers/helper.php on line 17
[19-Feb-2018 16:19:16 UTC] PHP Parse error:  syntax error, unexpected '<<' (T_SL) in /home/admin/public_html/app/Http/helpers/helper.php on line 17
[19-Feb-2018 16:19:16 UTC] PHP Parse error:  syntax error, unexpected '<<' (T_SL) in /home/admin/public_html/app/Http/helpers/helper.php on line 17
[19-Feb-2018 16:19:17 UTC] PHP Parse error:  syntax error, unexpected '<<' (T_SL) in /home/admin/public_html/app/Http/helpers/helper.php on line 17
[19-Feb-2018 16:19:17 UTC] PHP Parse error:  syntax error, unexpected '<<' (T_SL) in /home/admin/public_html/app/Http/helpers/helper.php on line 17
[19-Feb-2018 16:19:17 UTC] PHP Parse error:  syntax error, unexpected '<<' (T_SL) in /home/admin/public_html/app/Http/helpers/helper.php on line 17
[19-Feb-2018 16:19:17 UTC] PHP Parse error:  syntax error, unexpected '<<' (T_SL) in /home/admin/public_html/app/Http/helpers/helper.php on line 17
[19-Feb-2018 16:19:18 UTC] PHP Parse error:  syntax error, unexpected '<<' (T_SL) in /home/admin/public_html/app/Http/helpers/helper.php on line 17
[19-Feb-2018 16:19:19 UTC] PHP Parse error:  syntax error, unexpected '<<' (T_SL) in /home/admin/public_html/app/Http/helpers/helper.php on line 17
[19-Feb-2018 16:19:19 UTC] PHP Parse error:  syntax error, unexpected '<<' (T_SL) in /home/admin/public_html/app/Http/helpers/helper.php on line 17
[19-Feb-2018 16:19:19 UTC] PHP Parse error:  syntax error, unexpected '<<' (T_SL) in /home/admin/public_html/app/Http/helpers/helper.php on line 17
[19-Feb-2018 16:19:19 UTC] PHP Parse error:  syntax error, unexpected '<<' (T_SL) in /home/admin/public_html/app/Http/helpers/helper.php on line 17
[19-Feb-2018 16:19:19 UTC] PHP Parse error:  syntax error, unexpected '<<' (T_SL) in /home/admin/public_html/app/Http/helpers/helper.php on line 17
[19-Feb-2018 16:19:20 UTC] PHP Parse error:  syntax error, unexpected '<<' (T_SL) in /home/admin/public_html/app/Http/helpers/helper.php on line 17
[19-Feb-2018 16:19:20 UTC] PHP Parse error:  syntax error, unexpected '<<' (T_SL) in /home/admin/public_html/app/Http/helpers/helper.php on line 17
[19-Feb-2018 16:19:20 UTC] PHP Parse error:  syntax error, unexpected '<<' (T_SL) in /home/admin/public_html/app/Http/helpers/helper.php on line 17
[19-Feb-2018 16:19:20 UTC] PHP Parse error:  syntax error, unexpected '<<' (T_SL) in /home/admin/public_html/app/Http/helpers/helper.php on line 17
[19-Feb-2018 16:19:21 UTC] PHP Parse error:  syntax error, unexpected '<<' (T_SL) in /home/admin/public_html/app/Http/helpers/helper.php on line 17
[19-Feb-2018 16:19:21 UTC] PHP Parse error:  syntax error, unexpected '<<' (T_SL) in /home/admin/public_html/app/Http/helpers/helper.php on line 17
[19-Feb-2018 16:19:22 UTC] PHP Parse error:  syntax error, unexpected '<<' (T_SL) in /home/admin/public_html/app/Http/helpers/helper.php on line 17
[19-Feb-2018 16:19:22 UTC] PHP Parse error:  syntax error, unexpected '<<' (T_SL) in /home/admin/public_html/app/Http/helpers/helper.php on line 17
[19-Feb-2018 16:19:22 UTC] PHP Parse error:  syntax error, unexpected '<<' (T_SL) in /home/admin/public_html/app/Http/helpers/helper.php on line 17
[19-Feb-2018 16:19:23 UTC] PHP Parse error:  syntax error, unexpected '<<' (T_SL) in /home/admin/public_html/app/Http/helpers/helper.php on line 17
[19-Feb-2018 16:19:23 UTC] PHP Parse error:  syntax error, unexpected '<<' (T_SL) in /home/admin/public_html/app/Http/helpers/helper.php on line 17
[19-Feb-2018 16:19:23 UTC] PHP Parse error:  syntax error, unexpected '<<' (T_SL) in /home/admin/public_html/app/Http/helpers/helper.php on line 17
[19-Feb-2018 16:19:23 UTC] PHP Parse error:  syntax error, unexpected '<<' (T_SL) in /home/admin/public_html/app/Http/helpers/helper.php on line 17
[19-Feb-2018 16:19:24 UTC] PHP Parse error:  syntax error, unexpected '<<' (T_SL) in /home/admin/public_html/app/Http/helpers/helper.php on line 17
[19-Feb-2018 16:19:25 UTC] PHP Parse error:  syntax error, unexpected '<<' (T_SL) in /home/admin/public_html/app/Http/helpers/helper.php on line 17
[19-Feb-2018 16:19:25 UTC] PHP Parse error:  syntax error, unexpected '<<' (T_SL) in /home/admin/public_html/app/Http/helpers/helper.php on line 17
[19-Feb-2018 16:19:26 UTC] PHP Parse error:  syntax error, unexpected '<<' (T_SL) in /home/admin/public_html/app/Http/helpers/helper.php on line 17
[19-Feb-2018 16:19:26 UTC] PHP Parse error:  syntax error, unexpected '<<' (T_SL) in /home/admin/public_html/app/Http/helpers/helper.php on line 17
[19-Feb-2018 16:19:26 UTC] PHP Parse error:  syntax error, unexpected '<<' (T_SL) in /home/admin/public_html/app/Http/helpers/helper.php on line 17
[19-Feb-2018 16:19:26 UTC] PHP Parse error:  syntax error, unexpected '<<' (T_SL) in /home/admin/public_html/app/Http/helpers/helper.php on line 17
[19-Feb-2018 16:19:26 UTC] PHP Parse error:  syntax error, unexpected '<<' (T_SL) in /home/admin/public_html/app/Http/helpers/helper.php on line 17
[19-Feb-2018 16:19:28 UTC] PHP Parse error:  syntax error, unexpected '<<' (T_SL) in /home/admin/public_html/app/Http/helpers/helper.php on line 17
[19-Feb-2018 16:19:29 UTC] PHP Parse error:  syntax error, unexpected '<<' (T_SL) in /home/admin/public_html/app/Http/helpers/helper.php on line 17
[19-Feb-2018 16:19:29 UTC] PHP Parse error:  syntax error, unexpected '<<' (T_SL) in /home/admin/public_html/app/Http/helpers/helper.php on line 17
[19-Feb-2018 16:19:29 UTC] PHP Parse error:  syntax error, unexpected '<<' (T_SL) in /home/admin/public_html/app/Http/helpers/helper.php on line 17
[19-Feb-2018 16:19:29 UTC] PHP Parse error:  syntax error, unexpected '<<' (T_SL) in /home/admin/public_html/app/Http/helpers/helper.php on line 17
[19-Feb-2018 16:19:29 UTC] PHP Parse error:  syntax error, unexpected '<<' (T_SL) in /home/admin/public_html/app/Http/helpers/helper.php on line 17
[19-Feb-2018 16:19:31 UTC] PHP Parse error:  syntax error, unexpected '<<' (T_SL) in /home/admin/public_html/app/Http/helpers/helper.php on line 17
[19-Feb-2018 16:19:32 UTC] PHP Parse error:  syntax error, unexpected '<<' (T_SL) in /home/admin/public_html/app/Http/helpers/helper.php on line 17
[19-Feb-2018 16:19:32 UTC] PHP Parse error:  syntax error, unexpected '<<' (T_SL) in /home/admin/public_html/app/Http/helpers/helper.php on line 17
[19-Feb-2018 16:19:32 UTC] PHP Parse error:  syntax error, unexpected '<<' (T_SL) in /home/admin/public_html/app/Http/helpers/helper.php on line 17
[19-Feb-2018 16:19:32 UTC] PHP Parse error:  syntax error, unexpected '<<' (T_SL) in /home/admin/public_html/app/Http/helpers/helper.php on line 17
[19-Feb-2018 16:19:33 UTC] PHP Parse error:  syntax error, unexpected '<<' (T_SL) in /home/admin/public_html/app/Http/helpers/helper.php on line 17
[19-Feb-2018 16:19:33 UTC] PHP Parse error:  syntax error, unexpected '<<' (T_SL) in /home/admin/public_html/app/Http/helpers/helper.php on line 17
[19-Feb-2018 16:19:33 UTC] PHP Parse error:  syntax error, unexpected '<<' (T_SL) in /home/admin/public_html/app/Http/helpers/helper.php on line 17
[19-Feb-2018 16:19:34 UTC] PHP Parse error:  syntax error, unexpected '<<' (T_SL) in /home/admin/public_html/app/Http/helpers/helper.php on line 17
[19-Feb-2018 16:19:35 UTC] PHP Parse error:  syntax error, unexpected '<<' (T_SL) in /home/admin/public_html/app/Http/helpers/helper.php on line 17
[19-Feb-2018 16:19:35 UTC] PHP Parse error:  syntax error, unexpected '<<' (T_SL) in /home/admin/public_html/app/Http/helpers/helper.php on line 17
[19-Feb-2018 16:19:35 UTC] PHP Parse error:  syntax error, unexpected '<<' (T_SL) in /home/admin/public_html/app/Http/helpers/helper.php on line 17
[19-Feb-2018 16:19:40 UTC] PHP Parse error:  syntax error, unexpected '<<' (T_SL) in /home/admin/public_html/app/Http/helpers/helper.php on line 17
[19-Feb-2018 16:19:40 UTC] PHP Parse error:  syntax error, unexpected '<<' (T_SL) in /home/admin/public_html/app/Http/helpers/helper.php on line 17
[19-Feb-2018 16:19:40 UTC] PHP Parse error:  syntax error, unexpected '<<' (T_SL) in /home/admin/public_html/app/Http/helpers/helper.php on line 17
[19-Feb-2018 16:19:41 UTC] PHP Parse error:  syntax error, unexpected '<<' (T_SL) in /home/admin/public_html/app/Http/helpers/helper.php on line 17
[19-Feb-2018 16:19:41 UTC] PHP Parse error:  syntax error, unexpected '<<' (T_SL) in /home/admin/public_html/app/Http/helpers/helper.php on line 17
[19-Feb-2018 16:19:41 UTC] PHP Parse error:  syntax error, unexpected '<<' (T_SL) in /home/admin/public_html/app/Http/helpers/helper.php on line 17
[19-Feb-2018 16:19:42 UTC] PHP Parse error:  syntax error, unexpected '<<' (T_SL) in /home/admin/public_html/app/Http/helpers/helper.php on line 17
[19-Feb-2018 16:19:43 UTC] PHP Parse error:  syntax error, unexpected '<<' (T_SL) in /home/admin/public_html/app/Http/helpers/helper.php on line 17
[19-Feb-2018 16:19:43 UTC] PHP Parse error:  syntax error, unexpected '<<' (T_SL) in /home/admin/public_html/app/Http/helpers/helper.php on line 17
[19-Feb-2018 16:19:43 UTC] PHP Parse error:  syntax error, unexpected '<<' (T_SL) in /home/admin/public_html/app/Http/helpers/helper.php on line 17
[19-Feb-2018 16:19:44 UTC] PHP Parse error:  syntax error, unexpected '<<' (T_SL) in /home/admin/public_html/app/Http/helpers/helper.php on line 17
[19-Feb-2018 16:19:44 UTC] PHP Parse error:  syntax error, unexpected '<<' (T_SL) in /home/admin/public_html/app/Http/helpers/helper.php on line 17
[19-Feb-2018 16:19:44 UTC] PHP Parse error:  syntax error, unexpected '<<' (T_SL) in /home/admin/public_html/app/Http/helpers/helper.php on line 17
[19-Feb-2018 16:19:45 UTC] PHP Parse error:  syntax error, unexpected '<<' (T_SL) in /home/admin/public_html/app/Http/helpers/helper.php on line 17
[19-Feb-2018 16:19:45 UTC] PHP Parse error:  syntax error, unexpected '<<' (T_SL) in /home/admin/public_html/app/Http/helpers/helper.php on line 17
[19-Feb-2018 16:19:45 UTC] PHP Parse error:  syntax error, unexpected '<<' (T_SL) in /home/admin/public_html/app/Http/helpers/helper.php on line 17
[19-Feb-2018 16:19:45 UTC] PHP Parse error:  syntax error, unexpected '<<' (T_SL) in /home/admin/public_html/app/Http/helpers/helper.php on line 17
[19-Feb-2018 16:19:45 UTC] PHP Parse error:  syntax error, unexpected '<<' (T_SL) in /home/admin/public_html/app/Http/helpers/helper.php on line 17
[19-Feb-2018 16:19:46 UTC] PHP Parse error:  syntax error, unexpected '<<' (T_SL) in /home/admin/public_html/app/Http/helpers/helper.php on line 17
[19-Feb-2018 16:19:46 UTC] PHP Parse error:  syntax error, unexpected '<<' (T_SL) in /home/admin/public_html/app/Http/helpers/helper.php on line 17
[19-Feb-2018 16:19:47 UTC] PHP Parse error:  syntax error, unexpected '<<' (T_SL) in /home/admin/public_html/app/Http/helpers/helper.php on line 17
[19-Feb-2018 16:19:47 UTC] PHP Parse error:  syntax error, unexpected '<<' (T_SL) in /home/admin/public_html/app/Http/helpers/helper.php on line 17
[19-Feb-2018 16:19:47 UTC] PHP Parse error:  syntax error, unexpected '<<' (T_SL) in /home/admin/public_html/app/Http/helpers/helper.php on line 17
[19-Feb-2018 16:19:47 UTC] PHP Parse error:  syntax error, unexpected '<<' (T_SL) in /home/admin/public_html/app/Http/helpers/helper.php on line 17
[19-Feb-2018 16:19:48 UTC] PHP Parse error:  syntax error, unexpected '<<' (T_SL) in /home/admin/public_html/app/Http/helpers/helper.php on line 17
[19-Feb-2018 16:19:48 UTC] PHP Parse error:  syntax error, unexpected '<<' (T_SL) in /home/admin/public_html/app/Http/helpers/helper.php on line 17
[19-Feb-2018 16:19:48 UTC] PHP Parse error:  syntax error, unexpected '<<' (T_SL) in /home/admin/public_html/app/Http/helpers/helper.php on line 17
[19-Feb-2018 16:19:48 UTC] PHP Parse error:  syntax error, unexpected '<<' (T_SL) in /home/admin/public_html/app/Http/helpers/helper.php on line 17
[19-Feb-2018 16:19:48 UTC] PHP Parse error:  syntax error, unexpected '<<' (T_SL) in /home/admin/public_html/app/Http/helpers/helper.php on line 17
[19-Feb-2018 16:19:49 UTC] PHP Parse error:  syntax error, unexpected '<<' (T_SL) in /home/admin/public_html/app/Http/helpers/helper.php on line 17
[19-Feb-2018 16:19:49 UTC] PHP Parse error:  syntax error, unexpected '<<' (T_SL) in /home/admin/public_html/app/Http/helpers/helper.php on line 17
[19-Feb-2018 16:19:49 UTC] PHP Parse error:  syntax error, unexpected '<<' (T_SL) in /home/admin/public_html/app/Http/helpers/helper.php on line 17
[19-Feb-2018 16:19:50 UTC] PHP Parse error:  syntax error, unexpected '<<' (T_SL) in /home/admin/public_html/app/Http/helpers/helper.php on line 17
[19-Feb-2018 16:19:50 UTC] PHP Parse error:  syntax error, unexpected '<<' (T_SL) in /home/admin/public_html/app/Http/helpers/helper.php on line 17
[19-Feb-2018 16:19:50 UTC] PHP Parse error:  syntax error, unexpected '<<' (T_SL) in /home/admin/public_html/app/Http/helpers/helper.php on line 17
[19-Feb-2018 16:19:50 UTC] PHP Parse error:  syntax error, unexpected '<<' (T_SL) in /home/admin/public_html/app/Http/helpers/helper.php on line 17
[19-Feb-2018 16:19:51 UTC] PHP Parse error:  syntax error, unexpected '<<' (T_SL) in /home/admin/public_html/app/Http/helpers/helper.php on line 17
[19-Feb-2018 16:19:51 UTC] PHP Parse error:  syntax error, unexpected '<<' (T_SL) in /home/admin/public_html/app/Http/helpers/helper.php on line 17
[19-Feb-2018 16:19:52 UTC] PHP Parse error:  syntax error, unexpected '<<' (T_SL) in /home/admin/public_html/app/Http/helpers/helper.php on line 17
[19-Feb-2018 16:19:52 UTC] PHP Parse error:  syntax error, unexpected '<<' (T_SL) in /home/admin/public_html/app/Http/helpers/helper.php on line 17
[19-Feb-2018 16:19:52 UTC] PHP Parse error:  syntax error, unexpected '<<' (T_SL) in /home/admin/public_html/app/Http/helpers/helper.php on line 17
[19-Feb-2018 16:19:52 UTC] PHP Parse error:  syntax error, unexpected '<<' (T_SL) in /home/admin/public_html/app/Http/helpers/helper.php on line 17
[19-Feb-2018 16:19:52 UTC] PHP Parse error:  syntax error, unexpected '<<' (T_SL) in /home/admin/public_html/app/Http/helpers/helper.php on line 17
[19-Feb-2018 16:19:54 UTC] PHP Parse error:  syntax error, unexpected '<<' (T_SL) in /home/admin/public_html/app/Http/helpers/helper.php on line 17
[19-Feb-2018 16:19:54 UTC] PHP Parse error:  syntax error, unexpected '<<' (T_SL) in /home/admin/public_html/app/Http/helpers/helper.php on line 17
[19-Feb-2018 16:19:54 UTC] PHP Parse error:  syntax error, unexpected '<<' (T_SL) in /home/admin/public_html/app/Http/helpers/helper.php on line 17
[19-Feb-2018 16:19:54 UTC] PHP Parse error:  syntax error, unexpected '<<' (T_SL) in /home/admin/public_html/app/Http/helpers/helper.php on line 17
[19-Feb-2018 16:19:56 UTC] PHP Parse error:  syntax error, unexpected '<<' (T_SL) in /home/admin/public_html/app/Http/helpers/helper.php on line 17
[19-Feb-2018 16:19:56 UTC] PHP Parse error:  syntax error, unexpected '<<' (T_SL) in /home/admin/public_html/app/Http/helpers/helper.php on line 17
[19-Feb-2018 16:19:57 UTC] PHP Parse error:  syntax error, unexpected '<<' (T_SL) in /home/admin/public_html/app/Http/helpers/helper.php on line 17
[19-Feb-2018 16:19:57 UTC] PHP Parse error:  syntax error, unexpected '<<' (T_SL) in /home/admin/public_html/app/Http/helpers/helper.php on line 17
[19-Feb-2018 16:19:57 UTC] PHP Parse error:  syntax error, unexpected '<<' (T_SL) in /home/admin/public_html/app/Http/helpers/helper.php on line 17
[19-Feb-2018 16:19:57 UTC] PHP Parse error:  syntax error, unexpected '<<' (T_SL) in /home/admin/public_html/app/Http/helpers/helper.php on line 17
[19-Feb-2018 16:19:59 UTC] PHP Parse error:  syntax error, unexpected '<<' (T_SL) in /home/admin/public_html/app/Http/helpers/helper.php on line 17
[19-Feb-2018 16:20:01 UTC] PHP Parse error:  syntax error, unexpected '<<' (T_SL) in /home/admin/public_html/app/Http/helpers/helper.php on line 17
[19-Feb-2018 16:20:01 UTC] PHP Parse error:  syntax error, unexpected '<<' (T_SL) in /home/admin/public_html/app/Http/helpers/helper.php on line 17
[19-Feb-2018 16:20:02 UTC] PHP Parse error:  syntax error, unexpected '<<' (T_SL) in /home/admin/public_html/app/Http/helpers/helper.php on line 17
[19-Feb-2018 16:20:03 UTC] PHP Parse error:  syntax error, unexpected '<<' (T_SL) in /home/admin/public_html/app/Http/helpers/helper.php on line 17
[19-Feb-2018 16:20:03 UTC] PHP Parse error:  syntax error, unexpected '<<' (T_SL) in /home/admin/public_html/app/Http/helpers/helper.php on line 17
[19-Feb-2018 16:20:03 UTC] PHP Parse error:  syntax error, unexpected '<<' (T_SL) in /home/admin/public_html/app/Http/helpers/helper.php on line 17
[19-Feb-2018 16:20:03 UTC] PHP Parse error:  syntax error, unexpected '<<' (T_SL) in /home/admin/public_html/app/Http/helpers/helper.php on line 17
[19-Feb-2018 16:20:03 UTC] PHP Parse error:  syntax error, unexpected '<<' (T_SL) in /home/admin/public_html/app/Http/helpers/helper.php on line 17
[19-Feb-2018 16:20:04 UTC] PHP Parse error:  syntax error, unexpected '<<' (T_SL) in /home/admin/public_html/app/Http/helpers/helper.php on line 17
[19-Feb-2018 16:20:04 UTC] PHP Parse error:  syntax error, unexpected '<<' (T_SL) in /home/admin/public_html/app/Http/helpers/helper.php on line 17
[19-Feb-2018 16:20:04 UTC] PHP Parse error:  syntax error, unexpected '<<' (T_SL) in /home/admin/public_html/app/Http/helpers/helper.php on line 17
[19-Feb-2018 16:20:05 UTC] PHP Parse error:  syntax error, unexpected '<<' (T_SL) in /home/admin/public_html/app/Http/helpers/helper.php on line 17
[19-Feb-2018 16:20:05 UTC] PHP Parse error:  syntax error, unexpected '<<' (T_SL) in /home/admin/public_html/app/Http/helpers/helper.php on line 17
[19-Feb-2018 16:20:05 UTC] PHP Parse error:  syntax error, unexpected '<<' (T_SL) in /home/admin/public_html/app/Http/helpers/helper.php on line 17
[19-Feb-2018 16:20:05 UTC] PHP Parse error:  syntax error, unexpected '<<' (T_SL) in /home/admin/public_html/app/Http/helpers/helper.php on line 17
[19-Feb-2018 16:20:05 UTC] PHP Parse error:  syntax error, unexpected '<<' (T_SL) in /home/admin/public_html/app/Http/helpers/helper.php on line 17
[19-Feb-2018 16:20:05 UTC] PHP Parse error:  syntax error, unexpected '<<' (T_SL) in /home/admin/public_html/app/Http/helpers/helper.php on line 17
[19-Feb-2018 16:20:05 UTC] PHP Parse error:  syntax error, unexpected '<<' (T_SL) in /home/admin/public_html/app/Http/helpers/helper.php on line 17
[19-Feb-2018 16:20:05 UTC] PHP Parse error:  syntax error, unexpected '<<' (T_SL) in /home/admin/public_html/app/Http/helpers/helper.php on line 17
[19-Feb-2018 16:20:05 UTC] PHP Parse error:  syntax error, unexpected '<<' (T_SL) in /home/admin/public_html/app/Http/helpers/helper.php on line 17
[19-Feb-2018 16:20:05 UTC] PHP Parse error:  syntax error, unexpected '<<' (T_SL) in /home/admin/public_html/app/Http/helpers/helper.php on line 17
[19-Feb-2018 16:20:05 UTC] PHP Parse error:  syntax error, unexpected '<<' (T_SL) in /home/admin/public_html/app/Http/helpers/helper.php on line 17
[19-Feb-2018 16:20:05 UTC] PHP Parse error:  syntax error, unexpected '<<' (T_SL) in /home/admin/public_html/app/Http/helpers/helper.php on line 17
[19-Feb-2018 16:20:05 UTC] PHP Parse error:  syntax error, unexpected '<<' (T_SL) in /home/admin/public_html/app/Http/helpers/helper.php on line 17
[19-Feb-2018 16:20:05 UTC] PHP Parse error:  syntax error, unexpected '<<' (T_SL) in /home/admin/public_html/app/Http/helpers/helper.php on line 17
[19-Feb-2018 16:20:05 UTC] PHP Parse error:  syntax error, unexpected '<<' (T_SL) in /home/admin/public_html/app/Http/helpers/helper.php on line 17
[19-Feb-2018 16:20:05 UTC] PHP Parse error:  syntax error, unexpected '<<' (T_SL) in /home/admin/public_html/app/Http/helpers/helper.php on line 17
[19-Feb-2018 16:20:05 UTC] PHP Parse error:  syntax error, unexpected '<<' (T_SL) in /home/admin/public_html/app/Http/helpers/helper.php on line 17
[19-Feb-2018 16:20:05 UTC] PHP Parse error:  syntax error, unexpected '<<' (T_SL) in /home/admin/public_html/app/Http/helpers/helper.php on line 17
[19-Feb-2018 16:20:05 UTC] PHP Parse error:  syntax error, unexpected '<<' (T_SL) in /home/admin/public_html/app/Http/helpers/helper.php on line 17
[19-Feb-2018 16:20:06 UTC] PHP Parse error:  syntax error, unexpected '<<' (T_SL) in /home/admin/public_html/app/Http/helpers/helper.php on line 17
[19-Feb-2018 16:20:06 UTC] PHP Parse error:  syntax error, unexpected '<<' (T_SL) in /home/admin/public_html/app/Http/helpers/helper.php on line 17
[19-Feb-2018 16:20:07 UTC] PHP Parse error:  syntax error, unexpected '<<' (T_SL) in /home/admin/public_html/app/Http/helpers/helper.php on line 17
[19-Feb-2018 16:20:07 UTC] PHP Parse error:  syntax error, unexpected '<<' (T_SL) in /home/admin/public_html/app/Http/helpers/helper.php on line 17
[19-Feb-2018 16:20:10 UTC] PHP Parse error:  syntax error, unexpected '<<' (T_SL) in /home/admin/public_html/app/Http/helpers/helper.php on line 17
[19-Feb-2018 16:20:10 UTC] PHP Parse error:  syntax error, unexpected '<<' (T_SL) in /home/admin/public_html/app/Http/helpers/helper.php on line 17
[19-Feb-2018 16:20:10 UTC] PHP Parse error:  syntax error, unexpected '<<' (T_SL) in /home/admin/public_html/app/Http/helpers/helper.php on line 17
[19-Feb-2018 16:20:12 UTC] PHP Parse error:  syntax error, unexpected '<<' (T_SL) in /home/admin/public_html/app/Http/helpers/helper.php on line 17
[19-Feb-2018 16:20:14 UTC] PHP Parse error:  syntax error, unexpected '<<' (T_SL) in /home/admin/public_html/app/Http/helpers/helper.php on line 17
[19-Feb-2018 16:20:15 UTC] PHP Parse error:  syntax error, unexpected '<<' (T_SL) in /home/admin/public_html/app/Http/helpers/helper.php on line 17
[19-Feb-2018 16:20:16 UTC] PHP Parse error:  syntax error, unexpected '<<' (T_SL) in /home/admin/public_html/app/Http/helpers/helper.php on line 17
[19-Feb-2018 16:20:16 UTC] PHP Parse error:  syntax error, unexpected '<<' (T_SL) in /home/admin/public_html/app/Http/helpers/helper.php on line 17
[19-Feb-2018 16:20:16 UTC] PHP Parse error:  syntax error, unexpected '<<' (T_SL) in /home/admin/public_html/app/Http/helpers/helper.php on line 17
[19-Feb-2018 16:20:16 UTC] PHP Parse error:  syntax error, unexpected '<<' (T_SL) in /home/admin/public_html/app/Http/helpers/helper.php on line 17
[19-Feb-2018 16:20:16 UTC] PHP Parse error:  syntax error, unexpected '<<' (T_SL) in /home/admin/public_html/app/Http/helpers/helper.php on line 17
[19-Feb-2018 16:20:16 UTC] PHP Parse error:  syntax error, unexpected '<<' (T_SL) in /home/admin/public_html/app/Http/helpers/helper.php on line 17
[19-Feb-2018 16:20:16 UTC] PHP Parse error:  syntax error, unexpected '<<' (T_SL) in /home/admin/public_html/app/Http/helpers/helper.php on line 17
[19-Feb-2018 16:20:16 UTC] PHP Parse error:  syntax error, unexpected '<<' (T_SL) in /home/admin/public_html/app/Http/helpers/helper.php on line 17
[19-Feb-2018 16:20:17 UTC] PHP Parse error:  syntax error, unexpected '<<' (T_SL) in /home/admin/public_html/app/Http/helpers/helper.php on line 17
[19-Feb-2018 16:20:17 UTC] PHP Parse error:  syntax error, unexpected '<<' (T_SL) in /home/admin/public_html/app/Http/helpers/helper.php on line 17
[19-Feb-2018 16:20:17 UTC] PHP Parse error:  syntax error, unexpected '<<' (T_SL) in /home/admin/public_html/app/Http/helpers/helper.php on line 17
[19-Feb-2018 16:20:17 UTC] PHP Parse error:  syntax error, unexpected '<<' (T_SL) in /home/admin/public_html/app/Http/helpers/helper.php on line 17
[19-Feb-2018 16:20:17 UTC] PHP Parse error:  syntax error, unexpected '<<' (T_SL) in /home/admin/public_html/app/Http/helpers/helper.php on line 17
[19-Feb-2018 16:20:17 UTC] PHP Parse error:  syntax error, unexpected '<<' (T_SL) in /home/admin/public_html/app/Http/helpers/helper.php on line 17
[19-Feb-2018 16:20:18 UTC] PHP Parse error:  syntax error, unexpected '<<' (T_SL) in /home/admin/public_html/app/Http/helpers/helper.php on line 17
[19-Feb-2018 16:20:19 UTC] PHP Parse error:  syntax error, unexpected '<<' (T_SL) in /home/admin/public_html/app/Http/helpers/helper.php on line 17
[19-Feb-2018 16:20:19 UTC] PHP Parse error:  syntax error, unexpected '<<' (T_SL) in /home/admin/public_html/app/Http/helpers/helper.php on line 17
[19-Feb-2018 16:20:19 UTC] PHP Parse error:  syntax error, unexpected '<<' (T_SL) in /home/admin/public_html/app/Http/helpers/helper.php on line 17
[19-Feb-2018 16:20:19 UTC] PHP Parse error:  syntax error, unexpected '<<' (T_SL) in /home/admin/public_html/app/Http/helpers/helper.php on line 17
[19-Feb-2018 16:20:20 UTC] PHP Parse error:  syntax error, unexpected '<<' (T_SL) in /home/admin/public_html/app/Http/helpers/helper.php on line 17
[19-Feb-2018 16:20:20 UTC] PHP Parse error:  syntax error, unexpected '<<' (T_SL) in /home/admin/public_html/app/Http/helpers/helper.php on line 17
[19-Feb-2018 16:20:21 UTC] PHP Parse error:  syntax error, unexpected '<<' (T_SL) in /home/admin/public_html/app/Http/helpers/helper.php on line 17
[19-Feb-2018 16:20:22 UTC] PHP Parse error:  syntax error, unexpected '<<' (T_SL) in /home/admin/public_html/app/Http/helpers/helper.php on line 17
[19-Feb-2018 16:20:23 UTC] PHP Parse error:  syntax error, unexpected '<<' (T_SL) in /home/admin/public_html/app/Http/helpers/helper.php on line 17
[19-Feb-2018 16:20:23 UTC] PHP Parse error:  syntax error, unexpected '<<' (T_SL) in /home/admin/public_html/app/Http/helpers/helper.php on line 17
[19-Feb-2018 16:20:24 UTC] PHP Parse error:  syntax error, unexpected '<<' (T_SL) in /home/admin/public_html/app/Http/helpers/helper.php on line 17
[19-Feb-2018 16:20:25 UTC] PHP Parse error:  syntax error, unexpected '<<' (T_SL) in /home/admin/public_html/app/Http/helpers/helper.php on line 17
[19-Feb-2018 16:20:25 UTC] PHP Parse error:  syntax error, unexpected '<<' (T_SL) in /home/admin/public_html/app/Http/helpers/helper.php on line 17
[19-Feb-2018 16:20:25 UTC] PHP Parse error:  syntax error, unexpected '<<' (T_SL) in /home/admin/public_html/app/Http/helpers/helper.php on line 17
[19-Feb-2018 16:20:26 UTC] PHP Parse error:  syntax error, unexpected '<<' (T_SL) in /home/admin/public_html/app/Http/helpers/helper.php on line 17
[19-Feb-2018 16:20:27 UTC] PHP Parse error:  syntax error, unexpected '<<' (T_SL) in /home/admin/public_html/app/Http/helpers/helper.php on line 17
[19-Feb-2018 16:20:27 UTC] PHP Parse error:  syntax error, unexpected '<<' (T_SL) in /home/admin/public_html/app/Http/helpers/helper.php on line 17
[19-Feb-2018 16:20:28 UTC] PHP Parse error:  syntax error, unexpected '<<' (T_SL) in /home/admin/public_html/app/Http/helpers/helper.php on line 17
[19-Feb-2018 16:20:29 UTC] PHP Parse error:  syntax error, unexpected '<<' (T_SL) in /home/admin/public_html/app/Http/helpers/helper.php on line 17
[19-Feb-2018 16:20:29 UTC] PHP Parse error:  syntax error, unexpected '<<' (T_SL) in /home/admin/public_html/app/Http/helpers/helper.php on line 17
[19-Feb-2018 16:20:29 UTC] PHP Parse error:  syntax error, unexpected '<<' (T_SL) in /home/admin/public_html/app/Http/helpers/helper.php on line 17
[19-Feb-2018 16:20:29 UTC] PHP Parse error:  syntax error, unexpected '<<' (T_SL) in /home/admin/public_html/app/Http/helpers/helper.php on line 17
[19-Feb-2018 16:20:30 UTC] PHP Parse error:  syntax error, unexpected '<<' (T_SL) in /home/admin/public_html/app/Http/helpers/helper.php on line 17
[19-Feb-2018 16:20:30 UTC] PHP Parse error:  syntax error, unexpected '<<' (T_SL) in /home/admin/public_html/app/Http/helpers/helper.php on line 17
[19-Feb-2018 16:20:30 UTC] PHP Parse error:  syntax error, unexpected '<<' (T_SL) in /home/admin/public_html/app/Http/helpers/helper.php on line 17
[19-Feb-2018 16:20:30 UTC] PHP Parse error:  syntax error, unexpected '<<' (T_SL) in /home/admin/public_html/app/Http/helpers/helper.php on line 17
[19-Feb-2018 16:20:30 UTC] PHP Parse error:  syntax error, unexpected '<<' (T_SL) in /home/admin/public_html/app/Http/helpers/helper.php on line 17
[19-Feb-2018 16:20:30 UTC] PHP Parse error:  syntax error, unexpected '<<' (T_SL) in /home/admin/public_html/app/Http/helpers/helper.php on line 17
[19-Feb-2018 16:20:30 UTC] PHP Parse error:  syntax error, unexpected '<<' (T_SL) in /home/admin/public_html/app/Http/helpers/helper.php on line 17
[19-Feb-2018 16:20:30 UTC] PHP Parse error:  syntax error, unexpected '<<' (T_SL) in /home/admin/public_html/app/Http/helpers/helper.php on line 17
[19-Feb-2018 16:20:34 UTC] PHP Parse error:  syntax error, unexpected '<<' (T_SL) in /home/admin/public_html/app/Http/helpers/helper.php on line 17
[19-Feb-2018 16:20:35 UTC] PHP Parse error:  syntax error, unexpected '<<' (T_SL) in /home/admin/public_html/app/Http/helpers/helper.php on line 17
[19-Feb-2018 16:20:38 UTC] PHP Parse error:  syntax error, unexpected '<<' (T_SL) in /home/admin/public_html/app/Http/helpers/helper.php on line 17
[19-Feb-2018 16:20:38 UTC] PHP Parse error:  syntax error, unexpected '<<' (T_SL) in /home/admin/public_html/app/Http/helpers/helper.php on line 17
[19-Feb-2018 16:20:38 UTC] PHP Parse error:  syntax error, unexpected '<<' (T_SL) in /home/admin/public_html/app/Http/helpers/helper.php on line 17
[19-Feb-2018 16:20:38 UTC] PHP Parse error:  syntax error, unexpected '<<' (T_SL) in /home/admin/public_html/app/Http/helpers/helper.php on line 17
[19-Feb-2018 16:20:39 UTC] PHP Parse error:  syntax error, unexpected '<<' (T_SL) in /home/admin/public_html/app/Http/helpers/helper.php on line 17
[19-Feb-2018 16:20:39 UTC] PHP Parse error:  syntax error, unexpected '<<' (T_SL) in /home/admin/public_html/app/Http/helpers/helper.php on line 17
[19-Feb-2018 16:20:39 UTC] PHP Parse error:  syntax error, unexpected '<<' (T_SL) in /home/admin/public_html/app/Http/helpers/helper.php on line 17
[19-Feb-2018 16:20:39 UTC] PHP Parse error:  syntax error, unexpected '<<' (T_SL) in /home/admin/public_html/app/Http/helpers/helper.php on line 17
[19-Feb-2018 16:20:44 UTC] PHP Parse error:  syntax error, unexpected '<<' (T_SL) in /home/admin/public_html/app/Http/helpers/helper.php on line 17
[19-Feb-2018 16:20:47 UTC] PHP Parse error:  syntax error, unexpected '<<' (T_SL) in /home/admin/public_html/app/Http/helpers/helper.php on line 17
[19-Feb-2018 16:20:49 UTC] PHP Parse error:  syntax error, unexpected '<<' (T_SL) in /home/admin/public_html/app/Http/helpers/helper.php on line 17
[19-Feb-2018 16:20:49 UTC] PHP Parse error:  syntax error, unexpected '<<' (T_SL) in /home/admin/public_html/app/Http/helpers/helper.php on line 17
[19-Feb-2018 16:20:49 UTC] PHP Parse error:  syntax error, unexpected '<<' (T_SL) in /home/admin/public_html/app/Http/helpers/helper.php on line 17
[19-Feb-2018 16:20:49 UTC] PHP Parse error:  syntax error, unexpected '<<' (T_SL) in /home/admin/public_html/app/Http/helpers/helper.php on line 17
[19-Feb-2018 16:20:49 UTC] PHP Parse error:  syntax error, unexpected '<<' (T_SL) in /home/admin/public_html/app/Http/helpers/helper.php on line 17
[19-Feb-2018 16:20:49 UTC] PHP Parse error:  syntax error, unexpected '<<' (T_SL) in /home/admin/public_html/app/Http/helpers/helper.php on line 17
[19-Feb-2018 16:20:49 UTC] PHP Parse error:  syntax error, unexpected '<<' (T_SL) in /home/admin/public_html/app/Http/helpers/helper.php on line 17
[19-Feb-2018 16:20:49 UTC] PHP Parse error:  syntax error, unexpected '<<' (T_SL) in /home/admin/public_html/app/Http/helpers/helper.php on line 17
[19-Feb-2018 16:20:50 UTC] PHP Parse error:  syntax error, unexpected '<<' (T_SL) in /home/admin/public_html/app/Http/helpers/helper.php on line 17
[19-Feb-2018 16:20:50 UTC] PHP Parse error:  syntax error, unexpected '<<' (T_SL) in /home/admin/public_html/app/Http/helpers/helper.php on line 17
[19-Feb-2018 16:20:50 UTC] PHP Parse error:  syntax error, unexpected '<<' (T_SL) in /home/admin/public_html/app/Http/helpers/helper.php on line 17
[19-Feb-2018 16:20:50 UTC] PHP Parse error:  syntax error, unexpected '<<' (T_SL) in /home/admin/public_html/app/Http/helpers/helper.php on line 17
[19-Feb-2018 16:20:50 UTC] PHP Parse error:  syntax error, unexpected '<<' (T_SL) in /home/admin/public_html/app/Http/helpers/helper.php on line 17
[19-Feb-2018 16:20:50 UTC] PHP Parse error:  syntax error, unexpected '<<' (T_SL) in /home/admin/public_html/app/Http/helpers/helper.php on line 17
[19-Feb-2018 16:20:51 UTC] PHP Parse error:  syntax error, unexpected '<<' (T_SL) in /home/admin/public_html/app/Http/helpers/helper.php on line 17
[19-Feb-2018 16:20:51 UTC] PHP Parse error:  syntax error, unexpected '<<' (T_SL) in /home/admin/public_html/app/Http/helpers/helper.php on line 17
[19-Feb-2018 16:20:52 UTC] PHP Parse error:  syntax error, unexpected '<<' (T_SL) in /home/admin/public_html/app/Http/helpers/helper.php on line 17
[19-Feb-2018 16:20:52 UTC] PHP Parse error:  syntax error, unexpected '<<' (T_SL) in /home/admin/public_html/app/Http/helpers/helper.php on line 17
[19-Feb-2018 16:20:53 UTC] PHP Parse error:  syntax error, unexpected '<<' (T_SL) in /home/admin/public_html/app/Http/helpers/helper.php on line 17
[19-Feb-2018 16:20:53 UTC] PHP Parse error:  syntax error, unexpected '<<' (T_SL) in /home/admin/public_html/app/Http/helpers/helper.php on line 17
[19-Feb-2018 16:20:53 UTC] PHP Parse error:  syntax error, unexpected '<<' (T_SL) in /home/admin/public_html/app/Http/helpers/helper.php on line 17
[19-Feb-2018 16:20:54 UTC] PHP Parse error:  syntax error, unexpected '<<' (T_SL) in /home/admin/public_html/app/Http/helpers/helper.php on line 17
[19-Feb-2018 16:21:00 UTC] PHP Parse error:  syntax error, unexpected '<<' (T_SL) in /home/admin/public_html/app/Http/helpers/helper.php on line 17
[19-Feb-2018 16:21:12 UTC] PHP Parse error:  syntax error, unexpected '<<' (T_SL) in /home/admin/public_html/app/Http/helpers/helper.php on line 17
[19-Feb-2018 16:21:13 UTC] PHP Parse error:  syntax error, unexpected '<<' (T_SL) in /home/admin/public_html/app/Http/helpers/helper.php on line 17
[19-Feb-2018 16:21:16 UTC] PHP Parse error:  syntax error, unexpected '<<' (T_SL) in /home/admin/public_html/app/Http/helpers/helper.php on line 17
[19-Feb-2018 16:21:16 UTC] PHP Parse error:  syntax error, unexpected '<<' (T_SL) in /home/admin/public_html/app/Http/helpers/helper.php on line 17
[19-Feb-2018 16:21:20 UTC] PHP Parse error:  syntax error, unexpected '<<' (T_SL) in /home/admin/public_html/app/Http/helpers/helper.php on line 17
[19-Feb-2018 16:21:20 UTC] PHP Parse error:  syntax error, unexpected '<<' (T_SL) in /home/admin/public_html/app/Http/helpers/helper.php on line 17
[19-Feb-2018 16:21:21 UTC] PHP Parse error:  syntax error, unexpected '<<' (T_SL) in /home/admin/public_html/app/Http/helpers/helper.php on line 17
[19-Feb-2018 16:21:21 UTC] PHP Parse error:  syntax error, unexpected '<<' (T_SL) in /home/admin/public_html/app/Http/helpers/helper.php on line 17
[19-Feb-2018 16:21:22 UTC] PHP Parse error:  syntax error, unexpected '<<' (T_SL) in /home/admin/public_html/app/Http/helpers/helper.php on line 17
[19-Feb-2018 16:21:26 UTC] PHP Parse error:  syntax error, unexpected '<<' (T_SL) in /home/admin/public_html/app/Http/helpers/helper.php on line 17
[19-Feb-2018 16:21:28 UTC] PHP Parse error:  syntax error, unexpected '<<' (T_SL) in /home/admin/public_html/app/Http/helpers/helper.php on line 17
[19-Feb-2018 16:21:35 UTC] PHP Parse error:  syntax error, unexpected '<<' (T_SL) in /home/admin/public_html/app/Http/helpers/helper.php on line 17
[19-Feb-2018 16:21:36 UTC] PHP Parse error:  syntax error, unexpected '<<' (T_SL) in /home/admin/public_html/app/Http/helpers/helper.php on line 17
[19-Feb-2018 16:21:37 UTC] PHP Parse error:  syntax error, unexpected '<<' (T_SL) in /home/admin/public_html/app/Http/helpers/helper.php on line 17
[19-Feb-2018 16:21:38 UTC] PHP Parse error:  syntax error, unexpected '<<' (T_SL) in /home/admin/public_html/app/Http/helpers/helper.php on line 17
[19-Feb-2018 16:21:42 UTC] PHP Parse error:  syntax error, unexpected '<<' (T_SL) in /home/admin/public_html/app/Http/helpers/helper.php on line 17
[19-Feb-2018 16:21:48 UTC] PHP Parse error:  syntax error, unexpected '<<' (T_SL) in /home/admin/public_html/app/Http/helpers/helper.php on line 17
[19-Feb-2018 16:21:52 UTC] PHP Parse error:  syntax error, unexpected '<<' (T_SL) in /home/admin/public_html/app/Http/helpers/helper.php on line 17
[19-Feb-2018 16:22:03 UTC] PHP Parse error:  syntax error, unexpected '<<' (T_SL) in /home/admin/public_html/app/Http/helpers/helper.php on line 17
[19-Feb-2018 16:22:14 UTC] PHP Parse error:  syntax error, unexpected '<<' (T_SL) in /home/admin/public_html/app/Http/helpers/helper.php on line 17
[19-Feb-2018 16:22:28 UTC] PHP Parse error:  syntax error, unexpected '<<' (T_SL) in /home/admin/public_html/app/Http/helpers/helper.php on line 17
[19-Feb-2018 16:22:36 UTC] PHP Parse error:  syntax error, unexpected '<<' (T_SL) in /home/admin/public_html/app/Http/helpers/helper.php on line 17
[19-Feb-2018 16:22:36 UTC] PHP Parse error:  syntax error, unexpected '<<' (T_SL) in /home/admin/public_html/app/Http/helpers/helper.php on line 17
[19-Feb-2018 16:22:36 UTC] PHP Parse error:  syntax error, unexpected '<<' (T_SL) in /home/admin/public_html/app/Http/helpers/helper.php on line 17
[19-Feb-2018 16:22:37 UTC] PHP Parse error:  syntax error, unexpected '<<' (T_SL) in /home/admin/public_html/app/Http/helpers/helper.php on line 17
[19-Feb-2018 16:22:39 UTC] PHP Parse error:  syntax error, unexpected '<<' (T_SL) in /home/admin/public_html/app/Http/helpers/helper.php on line 17
[19-Feb-2018 16:22:39 UTC] PHP Parse error:  syntax error, unexpected '<<' (T_SL) in /home/admin/public_html/app/Http/helpers/helper.php on line 17
[19-Feb-2018 16:22:39 UTC] PHP Parse error:  syntax error, unexpected '<<' (T_SL) in /home/admin/public_html/app/Http/helpers/helper.php on line 17
[19-Feb-2018 16:22:40 UTC] PHP Parse error:  syntax error, unexpected '<<' (T_SL) in /home/admin/public_html/app/Http/helpers/helper.php on line 17
[19-Feb-2018 16:22:40 UTC] PHP Parse error:  syntax error, unexpected '<<' (T_SL) in /home/admin/public_html/app/Http/helpers/helper.php on line 17
[19-Feb-2018 16:22:41 UTC] PHP Parse error:  syntax error, unexpected '<<' (T_SL) in /home/admin/public_html/app/Http/helpers/helper.php on line 17
[19-Feb-2018 16:22:41 UTC] PHP Parse error:  syntax error, unexpected '<<' (T_SL) in /home/admin/public_html/app/Http/helpers/helper.php on line 17
[19-Feb-2018 16:22:41 UTC] PHP Parse error:  syntax error, unexpected '<<' (T_SL) in /home/admin/public_html/app/Http/helpers/helper.php on line 17
[19-Feb-2018 16:22:41 UTC] PHP Parse error:  syntax error, unexpected '<<' (T_SL) in /home/admin/public_html/app/Http/helpers/helper.php on line 17
[19-Feb-2018 16:22:42 UTC] PHP Parse error:  syntax error, unexpected '<<' (T_SL) in /home/admin/public_html/app/Http/helpers/helper.php on line 17
[19-Feb-2018 16:22:42 UTC] PHP Parse error:  syntax error, unexpected '<<' (T_SL) in /home/admin/public_html/app/Http/helpers/helper.php on line 17
[19-Feb-2018 16:22:42 UTC] PHP Parse error:  syntax error, unexpected '<<' (T_SL) in /home/admin/public_html/app/Http/helpers/helper.php on line 17
[19-Feb-2018 16:22:42 UTC] PHP Parse error:  syntax error, unexpected '<<' (T_SL) in /home/admin/public_html/app/Http/helpers/helper.php on line 17
[19-Feb-2018 16:22:43 UTC] PHP Parse error:  syntax error, unexpected '<<' (T_SL) in /home/admin/public_html/app/Http/helpers/helper.php on line 17
[20-Feb-2018 10:11:17 UTC] PHP Warning:  require(/home/admin/public_html/vendor/composer/../aws/aws-sdk-php/src/functions.php): failed to open stream: No such file or directory in /home/admin/public_html/vendor/composer/autoload_real.php on line 66
[20-Feb-2018 10:11:17 UTC] PHP Fatal error:  require(): Failed opening required '/home/admin/public_html/vendor/composer/../aws/aws-sdk-php/src/functions.php' (include_path='.:/opt/cpanel/ea-php70/root/usr/share/pear') in /home/admin/public_html/vendor/composer/autoload_real.php on line 66
[20-Feb-2018 10:11:17 UTC] PHP Warning:  require(/home/admin/public_html/vendor/composer/../aws/aws-sdk-php/src/functions.php): failed to open stream: No such file or directory in /home/admin/public_html/vendor/composer/autoload_real.php on line 66
[20-Feb-2018 10:11:17 UTC] PHP Fatal error:  require(): Failed opening required '/home/admin/public_html/vendor/composer/../aws/aws-sdk-php/src/functions.php' (include_path='.:/opt/cpanel/ea-php70/root/usr/share/pear') in /home/admin/public_html/vendor/composer/autoload_real.php on line 66
[20-Feb-2018 10:11:17 UTC] PHP Warning:  require(/home/admin/public_html/vendor/composer/../aws/aws-sdk-php/src/functions.php): failed to open stream: No such file or directory in /home/admin/public_html/vendor/composer/autoload_real.php on line 66
[20-Feb-2018 10:11:17 UTC] PHP Fatal error:  require(): Failed opening required '/home/admin/public_html/vendor/composer/../aws/aws-sdk-php/src/functions.php' (include_path='.:/opt/cpanel/ea-php70/root/usr/share/pear') in /home/admin/public_html/vendor/composer/autoload_real.php on line 66
[20-Feb-2018 10:11:17 UTC] PHP Warning:  require(/home/admin/public_html/vendor/composer/../aws/aws-sdk-php/src/functions.php): failed to open stream: No such file or directory in /home/admin/public_html/vendor/composer/autoload_real.php on line 66
[20-Feb-2018 10:11:17 UTC] PHP Fatal error:  require(): Failed opening required '/home/admin/public_html/vendor/composer/../aws/aws-sdk-php/src/functions.php' (include_path='.:/opt/cpanel/ea-php70/root/usr/share/pear') in /home/admin/public_html/vendor/composer/autoload_real.php on line 66
[20-Feb-2018 10:11:18 UTC] PHP Warning:  require(/home/admin/public_html/vendor/composer/../aws/aws-sdk-php/src/functions.php): failed to open stream: No such file or directory in /home/admin/public_html/vendor/composer/autoload_real.php on line 66
[20-Feb-2018 10:11:18 UTC] PHP Warning:  require(/home/admin/public_html/vendor/composer/../aws/aws-sdk-php/src/functions.php): failed to open stream: No such file or directory in /home/admin/public_html/vendor/composer/autoload_real.php on line 66
[20-Feb-2018 10:11:18 UTC] PHP Fatal error:  require(): Failed opening required '/home/admin/public_html/vendor/composer/../aws/aws-sdk-php/src/functions.php' (include_path='.:/opt/cpanel/ea-php70/root/usr/share/pear') in /home/admin/public_html/vendor/composer/autoload_real.php on line 66
[20-Feb-2018 10:11:18 UTC] PHP Fatal error:  require(): Failed opening required '/home/admin/public_html/vendor/composer/../aws/aws-sdk-php/src/functions.php' (include_path='.:/opt/cpanel/ea-php70/root/usr/share/pear') in /home/admin/public_html/vendor/composer/autoload_real.php on line 66
[20-Feb-2018 10:11:18 UTC] PHP Warning:  require(/home/admin/public_html/vendor/composer/../aws/aws-sdk-php/src/functions.php): failed to open stream: No such file or directory in /home/admin/public_html/vendor/composer/autoload_real.php on line 66
[20-Feb-2018 10:11:18 UTC] PHP Fatal error:  require(): Failed opening required '/home/admin/public_html/vendor/composer/../aws/aws-sdk-php/src/functions.php' (include_path='.:/opt/cpanel/ea-php70/root/usr/share/pear') in /home/admin/public_html/vendor/composer/autoload_real.php on line 66
[20-Feb-2018 10:11:18 UTC] PHP Warning:  require(/home/admin/public_html/vendor/composer/../aws/aws-sdk-php/src/functions.php): failed to open stream: No such file or directory in /home/admin/public_html/vendor/composer/autoload_real.php on line 66
[20-Feb-2018 10:11:18 UTC] PHP Fatal error:  require(): Failed opening required '/home/admin/public_html/vendor/composer/../aws/aws-sdk-php/src/functions.php' (include_path='.:/opt/cpanel/ea-php70/root/usr/share/pear') in /home/admin/public_html/vendor/composer/autoload_real.php on line 66
[20-Feb-2018 10:11:18 UTC] PHP Warning:  require(/home/admin/public_html/vendor/composer/../aws/aws-sdk-php/src/functions.php): failed to open stream: No such file or directory in /home/admin/public_html/vendor/composer/autoload_real.php on line 66
[20-Feb-2018 10:11:18 UTC] PHP Fatal error:  require(): Failed opening required '/home/admin/public_html/vendor/composer/../aws/aws-sdk-php/src/functions.php' (include_path='.:/opt/cpanel/ea-php70/root/usr/share/pear') in /home/admin/public_html/vendor/composer/autoload_real.php on line 66
[20-Feb-2018 10:11:18 UTC] PHP Warning:  require(/home/admin/public_html/vendor/composer/../aws/aws-sdk-php/src/functions.php): failed to open stream: No such file or directory in /home/admin/public_html/vendor/composer/autoload_real.php on line 66
[20-Feb-2018 10:11:18 UTC] PHP Fatal error:  require(): Failed opening required '/home/admin/public_html/vendor/composer/../aws/aws-sdk-php/src/functions.php' (include_path='.:/opt/cpanel/ea-php70/root/usr/share/pear') in /home/admin/public_html/vendor/composer/autoload_real.php on line 66
[20-Feb-2018 10:39:03 UTC] PHP Fatal error:  Constant expression contains invalid operations in /home/admin/public_html/app/Http/Controllers/Auth/AuthController.php on line 13
[20-Feb-2018 10:41:09 UTC] PHP Fatal error:  Constant expression contains invalid operations in /home/admin/public_html/app/Http/Controllers/Auth/AuthController.php on line 13
[20-Feb-2018 10:42:01 UTC] PHP Fatal error:  Constant expression contains invalid operations in /home/admin/public_html/app/Http/Controllers/Auth/AuthController.php on line 13
[20-Feb-2018 10:43:11 UTC] PHP Fatal error:  Constant expression contains invalid operations in /home/admin/public_html/app/Http/Controllers/Auth/AuthController.php on line 13
[20-Feb-2018 10:43:28 UTC] PHP Fatal error:  Constant expression contains invalid operations in /home/admin/public_html/app/Http/Controllers/Auth/AuthController.php on line 13
[20-Feb-2018 17:16:07 UTC] PHP Fatal error:  Uncaught ErrorException: include(/home/admin/public_html/vendor/composer/../../app/Exceptions/Handler.php): failed to open stream: No such file or directory in /home/admin/public_html/vendor/composer/ClassLoader.php:412
Stack trace:
#0 /home/admin/public_html/vendor/composer/ClassLoader.php(412): Illuminate\Foundation\Bootstrap\HandleExceptions->handleError(2, 'include(/home/a...', '/home/admin/pub...', 412, Array)
#1 /home/admin/public_html/vendor/composer/ClassLoader.php(412): include()
#2 /home/admin/public_html/vendor/composer/ClassLoader.php(301): Composer\Autoload\includeFile('/home/admin/pub...')
#3 [internal function]: Composer\Autoload\ClassLoader->loadClass('App\\Exceptions\\...')
#4 [internal function]: spl_autoload_call('App\\Exceptions\\...')
#5 /home/admin/public_html/vendor/laravel/framework/src/Illuminate/Container/Container.php(729): ReflectionClass->__construct('App\\Exceptions\\...')
#6 /home/admin/public_html/vendor/laravel/framework/src/Illuminate/Container/Container.php(608): Illuminate\ in /home/admin/public_html/vendor/composer/ClassLoader.php on line 412
[20-Feb-2018 17:16:07 UTC] PHP Fatal error:  Uncaught ErrorException: include(/home/admin/public_html/vendor/composer/../symfony/debug/Exception/FlattenException.php): failed to open stream: No such file or directory in /home/admin/public_html/vendor/composer/ClassLoader.php:412
Stack trace:
#0 /home/admin/public_html/vendor/composer/ClassLoader.php(412): Illuminate\Foundation\Bootstrap\HandleExceptions->handleError(2, 'include(/home/a...', '/home/admin/pub...', 412, Array)
#1 /home/admin/public_html/vendor/composer/ClassLoader.php(412): include()
#2 /home/admin/public_html/vendor/composer/ClassLoader.php(301): Composer\Autoload\includeFile('/home/admin/pub...')
#3 [internal function]: Composer\Autoload\ClassLoader->loadClass('Symfony\\Compone...')
#4 /home/admin/public_html/vendor/laravel/framework/src/Illuminate/Foundation/Exceptions/Handler.php(209): spl_autoload_call('Symfony\\Compone...')
#5 /home/admin/public_html/vendor/laravel/framework/src/Illuminate/Foundation/Exceptions/Handler.php(175): Illuminate\Foundation\Exceptions\Handler->convertExcept in /home/admin/public_html/vendor/composer/ClassLoader.php on line 412
[20-Feb-2018 17:16:07 UTC] PHP Fatal error:  Uncaught ErrorException: include(/home/admin/public_html/vendor/composer/../../app/Exceptions/Handler.php): failed to open stream: No such file or directory in /home/admin/public_html/vendor/composer/ClassLoader.php:412
Stack trace:
#0 /home/admin/public_html/vendor/composer/ClassLoader.php(412): Illuminate\Foundation\Bootstrap\HandleExceptions->handleError(2, 'include(/home/a...', '/home/admin/pub...', 412, Array)
#1 /home/admin/public_html/vendor/composer/ClassLoader.php(412): include()
#2 /home/admin/public_html/vendor/composer/ClassLoader.php(301): Composer\Autoload\includeFile('/home/admin/pub...')
#3 [internal function]: Composer\Autoload\ClassLoader->loadClass('App\\Exceptions\\...')
#4 [internal function]: spl_autoload_call('App\\Exceptions\\...')
#5 /home/admin/public_html/vendor/laravel/framework/src/Illuminate/Container/Container.php(729): ReflectionClass->__construct('App\\Exceptions\\...')
#6 /home/admin/public_html/vendor/laravel/framework/src/Illuminate/Container/Container.php(608): Illuminate\ in /home/admin/public_html/vendor/composer/ClassLoader.php on line 412
[20-Feb-2018 17:16:07 UTC] PHP Fatal error:  Uncaught ErrorException: include(/home/admin/public_html/vendor/composer/../../app/Exceptions/Handler.php): failed to open stream: No such file or directory in /home/admin/public_html/vendor/composer/ClassLoader.php:412
Stack trace:
#0 /home/admin/public_html/vendor/composer/ClassLoader.php(412): Illuminate\Foundation\Bootstrap\HandleExceptions->handleError(2, 'include(/home/a...', '/home/admin/pub...', 412, Array)
#1 /home/admin/public_html/vendor/composer/ClassLoader.php(412): include()
#2 /home/admin/public_html/vendor/composer/ClassLoader.php(301): Composer\Autoload\includeFile('/home/admin/pub...')
#3 [internal function]: Composer\Autoload\ClassLoader->loadClass('App\\Exceptions\\...')
#4 [internal function]: spl_autoload_call('App\\Exceptions\\...')
#5 /home/admin/public_html/vendor/laravel/framework/src/Illuminate/Container/Container.php(729): ReflectionClass->__construct('App\\Exceptions\\...')
#6 /home/admin/public_html/vendor/laravel/framework/src/Illuminate/Container/Container.php(608): Illuminate\ in /home/admin/public_html/vendor/composer/ClassLoader.php on line 412
[24-Feb-2018 12:20:45 UTC] PHP Fatal error:  Cannot redeclare App\Providers\AppServiceProvider::boot() in /home/admin/public_html/app/Providers/AppServiceProvider.php on line 30
[24-Feb-2018 12:22:45 UTC] PHP Fatal error:  Cannot use Illuminate\Support\ServiceProvider as ServiceProvider because the name is already in use in /home/admin/public_html/app/Providers/AppServiceProvider.php on line 10
[24-Feb-2018 12:22:52 UTC] PHP Fatal error:  Cannot use Illuminate\Support\ServiceProvider as ServiceProvider because the name is already in use in /home/admin/public_html/app/Providers/AppServiceProvider.php on line 10
[24-Feb-2018 12:23:01 UTC] PHP Fatal error:  Cannot use Illuminate\Support\ServiceProvider as ServiceProvider because the name is already in use in /home/admin/public_html/app/Providers/AppServiceProvider.php on line 10
[24-Feb-2018 12:23:05 UTC] PHP Fatal error:  Cannot redeclare App\Providers\AppServiceProvider::boot() in /home/admin/public_html/app/Providers/AppServiceProvider.php on line 32
[24-Feb-2018 12:23:35 UTC] PHP Fatal error:  Cannot redeclare App\Providers\AppServiceProvider::boot() in /home/admin/public_html/app/Providers/AppServiceProvider.php on line 32
[24-Feb-2018 12:23:56 UTC] PHP Fatal error:  Cannot redeclare App\Providers\AppServiceProvider::boot() in /home/admin/public_html/app/Providers/AppServiceProvider.php on line 32
[24-Feb-2018 12:23:58 UTC] PHP Fatal error:  Cannot redeclare App\Providers\AppServiceProvider::boot() in /home/admin/public_html/app/Providers/AppServiceProvider.php on line 32
[24-Feb-2018 12:24:25 UTC] PHP Fatal error:  Cannot redeclare App\Providers\AppServiceProvider::boot() in /home/admin/public_html/app/Providers/AppServiceProvider.php on line 32
[24-Feb-2018 12:25:16 UTC] PHP Fatal error:  Cannot redeclare App\Providers\AppServiceProvider::boot() in /home/admin/public_html/app/Providers/AppServiceProvider.php on line 32
[27-Feb-2018 14:45:41 UTC] PHP Parse error:  syntax error, unexpected '<<' (T_SL) in /home/admin/public_html/vendor/composer/ClassLoader.php on line 351
[27-Feb-2018 14:46:38 UTC] PHP Parse error:  syntax error, unexpected '<<' (T_SL) in /home/admin/public_html/vendor/composer/ClassLoader.php on line 351
[07-Mar-2018 17:51:41 UTC] PHP Warning:  require(/home/rayes/public_html/public/../bootstrap/autoload.php): failed to open stream: No such file or directory in /home/rayes/public_html/public/index.php on line 22
[07-Mar-2018 17:51:41 UTC] PHP Fatal error:  require(): Failed opening required '/home/rayes/public_html/public/../bootstrap/autoload.php' (include_path='.:/opt/cpanel/ea-php70/root/usr/share/pear') in /home/rayes/public_html/public/index.php on line 22
[07-Mar-2018 17:51:57 UTC] PHP Warning:  require(/home/rayes/public_html/public/../bootstrap/autoload.php): failed to open stream: No such file or directory in /home/rayes/public_html/public/index.php on line 22
[07-Mar-2018 17:51:57 UTC] PHP Fatal error:  require(): Failed opening required '/home/rayes/public_html/public/../bootstrap/autoload.php' (include_path='.:/opt/cpanel/ea-php70/root/usr/share/pear') in /home/rayes/public_html/public/index.php on line 22
[07-Mar-2018 17:52:00 UTC] PHP Warning:  require(/home/rayes/public_html/public/../bootstrap/autoload.php): failed to open stream: No such file or directory in /home/rayes/public_html/public/index.php on line 22
[07-Mar-2018 17:52:00 UTC] PHP Fatal error:  require(): Failed opening required '/home/rayes/public_html/public/../bootstrap/autoload.php' (include_path='.:/opt/cpanel/ea-php70/root/usr/share/pear') in /home/rayes/public_html/public/index.php on line 22
[07-Mar-2018 17:53:10 UTC] PHP Warning:  require(/home/rayes/public_html/public/../bootstrap/autoload.php): failed to open stream: No such file or directory in /home/rayes/public_html/public/index.php on line 22
[07-Mar-2018 17:53:10 UTC] PHP Fatal error:  require(): Failed opening required '/home/rayes/public_html/public/../bootstrap/autoload.php' (include_path='.:/opt/cpanel/ea-php70/root/usr/share/pear') in /home/rayes/public_html/public/index.php on line 22
[07-Mar-2018 17:53:20 UTC] PHP Warning:  require(/home/rayes/public_html/public/../bootstrap/autoload.php): failed to open stream: No such file or directory in /home/rayes/public_html/public/index.php on line 22
[07-Mar-2018 17:53:20 UTC] PHP Fatal error:  require(): Failed opening required '/home/rayes/public_html/public/../bootstrap/autoload.php' (include_path='.:/opt/cpanel/ea-php70/root/usr/share/pear') in /home/rayes/public_html/public/index.php on line 22
[07-Mar-2018 17:53:31 UTC] PHP Warning:  require(/home/rayes/public_html/public/../bootstrap/autoload.php): failed to open stream: No such file or directory in /home/rayes/public_html/public/index.php on line 22
[07-Mar-2018 17:53:31 UTC] PHP Fatal error:  require(): Failed opening required '/home/rayes/public_html/public/../bootstrap/autoload.php' (include_path='.:/opt/cpanel/ea-php70/root/usr/share/pear') in /home/rayes/public_html/public/index.php on line 22
[07-Mar-2018 17:53:48 UTC] PHP Warning:  require(/home/rayes/public_html/public/../bootstrap/autoload.php): failed to open stream: No such file or directory in /home/rayes/public_html/public/index.php on line 22
[07-Mar-2018 17:53:48 UTC] PHP Fatal error:  require(): Failed opening required '/home/rayes/public_html/public/../bootstrap/autoload.php' (include_path='.:/opt/cpanel/ea-php70/root/usr/share/pear') in /home/rayes/public_html/public/index.php on line 22
[07-Mar-2018 17:54:12 UTC] PHP Warning:  require(/home/rayes/public_html/public/../bootstrap/autoload.php): failed to open stream: No such file or directory in /home/rayes/public_html/public/index.php on line 22
[07-Mar-2018 17:54:12 UTC] PHP Fatal error:  require(): Failed opening required '/home/rayes/public_html/public/../bootstrap/autoload.php' (include_path='.:/opt/cpanel/ea-php70/root/usr/share/pear') in /home/rayes/public_html/public/index.php on line 22
[07-Mar-2018 17:55:47 UTC] PHP Warning:  require(/home/rayes/public_html/public/../bootstrap/autoload.php): failed to open stream: No such file or directory in /home/rayes/public_html/public/index.php on line 22
[07-Mar-2018 17:55:47 UTC] PHP Fatal error:  require(): Failed opening required '/home/rayes/public_html/public/../bootstrap/autoload.php' (include_path='.:/opt/cpanel/ea-php70/root/usr/share/pear') in /home/rayes/public_html/public/index.php on line 22
[07-Mar-2018 17:55:53 UTC] PHP Warning:  require(/home/rayes/public_html/public/../bootstrap/autoload.php): failed to open stream: No such file or directory in /home/rayes/public_html/public/index.php on line 22
[07-Mar-2018 17:55:53 UTC] PHP Fatal error:  require(): Failed opening required '/home/rayes/public_html/public/../bootstrap/autoload.php' (include_path='.:/opt/cpanel/ea-php70/root/usr/share/pear') in /home/rayes/public_html/public/index.php on line 22
[07-Mar-2018 17:58:34 UTC] PHP Warning:  require(/home/rayes/public_html/public/../bootstrap/autoload.php): failed to open stream: No such file or directory in /home/rayes/public_html/public/index.php on line 22
[07-Mar-2018 17:58:34 UTC] PHP Fatal error:  require(): Failed opening required '/home/rayes/public_html/public/../bootstrap/autoload.php' (include_path='.:/opt/cpanel/ea-php70/root/usr/share/pear') in /home/rayes/public_html/public/index.php on line 22
[07-Mar-2018 17:58:37 UTC] PHP Warning:  require(/home/rayes/public_html/public/../bootstrap/autoload.php): failed to open stream: No such file or directory in /home/rayes/public_html/public/index.php on line 22
[07-Mar-2018 17:58:37 UTC] PHP Fatal error:  require(): Failed opening required '/home/rayes/public_html/public/../bootstrap/autoload.php' (include_path='.:/opt/cpanel/ea-php70/root/usr/share/pear') in /home/rayes/public_html/public/index.php on line 22
[07-Mar-2018 17:58:40 UTC] PHP Warning:  require(/home/rayes/public_html/public/../bootstrap/autoload.php): failed to open stream: No such file or directory in /home/rayes/public_html/public/index.php on line 22
[07-Mar-2018 17:58:40 UTC] PHP Fatal error:  require(): Failed opening required '/home/rayes/public_html/public/../bootstrap/autoload.php' (include_path='.:/opt/cpanel/ea-php70/root/usr/share/pear') in /home/rayes/public_html/public/index.php on line 22
[07-Mar-2018 17:59:29 UTC] PHP Warning:  require(/home/rayes/public_html/public/../bootstrap/autoload.php): failed to open stream: No such file or directory in /home/rayes/public_html/public/index.php on line 22
[07-Mar-2018 17:59:29 UTC] PHP Fatal error:  require(): Failed opening required '/home/rayes/public_html/public/../bootstrap/autoload.php' (include_path='.:/opt/cpanel/ea-php70/root/usr/share/pear') in /home/rayes/public_html/public/index.php on line 22
[07-Mar-2018 17:59:33 UTC] PHP Warning:  require(/home/rayes/public_html/public/../bootstrap/autoload.php): failed to open stream: No such file or directory in /home/rayes/public_html/public/index.php on line 22
[07-Mar-2018 17:59:33 UTC] PHP Fatal error:  require(): Failed opening required '/home/rayes/public_html/public/../bootstrap/autoload.php' (include_path='.:/opt/cpanel/ea-php70/root/usr/share/pear') in /home/rayes/public_html/public/index.php on line 22
[07-Mar-2018 17:59:39 UTC] PHP Warning:  require(/home/rayes/public_html/public/../bootstrap/autoload.php): failed to open stream: No such file or directory in /home/rayes/public_html/public/index.php on line 22
[07-Mar-2018 17:59:39 UTC] PHP Fatal error:  require(): Failed opening required '/home/rayes/public_html/public/../bootstrap/autoload.php' (include_path='.:/opt/cpanel/ea-php70/root/usr/share/pear') in /home/rayes/public_html/public/index.php on line 22
[07-Mar-2018 17:59:40 UTC] PHP Warning:  require(/home/rayes/public_html/public/../bootstrap/autoload.php): failed to open stream: No such file or directory in /home/rayes/public_html/public/index.php on line 22
[07-Mar-2018 17:59:40 UTC] PHP Fatal error:  require(): Failed opening required '/home/rayes/public_html/public/../bootstrap/autoload.php' (include_path='.:/opt/cpanel/ea-php70/root/usr/share/pear') in /home/rayes/public_html/public/index.php on line 22
[07-Mar-2018 18:00:31 UTC] PHP Warning:  require(/home/rayes/public_html/public/../bootstrap/autoload.php): failed to open stream: No such file or directory in /home/rayes/public_html/public/index.php on line 22
[07-Mar-2018 18:00:31 UTC] PHP Fatal error:  require(): Failed opening required '/home/rayes/public_html/public/../bootstrap/autoload.php' (include_path='.:/opt/cpanel/ea-php70/root/usr/share/pear') in /home/rayes/public_html/public/index.php on line 22
[07-Mar-2018 18:01:02 UTC] PHP Warning:  require(/home/rayes/public_html/public/../bootstrap/autoload.php): failed to open stream: No such file or directory in /home/rayes/public_html/public/index.php on line 22
[07-Mar-2018 18:01:02 UTC] PHP Fatal error:  require(): Failed opening required '/home/rayes/public_html/public/../bootstrap/autoload.php' (include_path='.:/opt/cpanel/ea-php70/root/usr/share/pear') in /home/rayes/public_html/public/index.php on line 22
[07-Mar-2018 18:03:21 UTC] PHP Warning:  require(/home/rayes/public_html/public/../bootstrap/autoload.php): failed to open stream: No such file or directory in /home/rayes/public_html/public/index.php on line 22
[07-Mar-2018 18:03:21 UTC] PHP Fatal error:  require(): Failed opening required '/home/rayes/public_html/public/../bootstrap/autoload.php' (include_path='.:/opt/cpanel/ea-php70/root/usr/share/pear') in /home/rayes/public_html/public/index.php on line 22
[07-Mar-2018 18:03:31 UTC] PHP Warning:  require(/home/rayes/public_html/public/../bootstrap/autoload.php): failed to open stream: No such file or directory in /home/rayes/public_html/public/index.php on line 22
[07-Mar-2018 18:03:31 UTC] PHP Fatal error:  require(): Failed opening required '/home/rayes/public_html/public/../bootstrap/autoload.php' (include_path='.:/opt/cpanel/ea-php70/root/usr/share/pear') in /home/rayes/public_html/public/index.php on line 22
[07-Mar-2018 18:03:31 UTC] PHP Warning:  require(/home/rayes/public_html/public/../bootstrap/autoload.php): failed to open stream: No such file or directory in /home/rayes/public_html/public/index.php on line 22
[07-Mar-2018 18:03:31 UTC] PHP Fatal error:  require(): Failed opening required '/home/rayes/public_html/public/../bootstrap/autoload.php' (include_path='.:/opt/cpanel/ea-php70/root/usr/share/pear') in /home/rayes/public_html/public/index.php on line 22
[07-Mar-2018 18:03:31 UTC] PHP Warning:  require(/home/rayes/public_html/public/../bootstrap/autoload.php): failed to open stream: No such file or directory in /home/rayes/public_html/public/index.php on line 22
[07-Mar-2018 18:03:31 UTC] PHP Fatal error:  require(): Failed opening required '/home/rayes/public_html/public/../bootstrap/autoload.php' (include_path='.:/opt/cpanel/ea-php70/root/usr/share/pear') in /home/rayes/public_html/public/index.php on line 22
[07-Mar-2018 18:03:38 UTC] PHP Warning:  require(/home/rayes/public_html/public/../bootstrap/autoload.php): failed to open stream: No such file or directory in /home/rayes/public_html/public/index.php on line 22
[07-Mar-2018 18:03:38 UTC] PHP Fatal error:  require(): Failed opening required '/home/rayes/public_html/public/../bootstrap/autoload.php' (include_path='.:/opt/cpanel/ea-php70/root/usr/share/pear') in /home/rayes/public_html/public/index.php on line 22
[07-Mar-2018 18:03:38 UTC] PHP Warning:  require(/home/rayes/public_html/public/../bootstrap/autoload.php): failed to open stream: No such file or directory in /home/rayes/public_html/public/index.php on line 22
[07-Mar-2018 18:03:38 UTC] PHP Fatal error:  require(): Failed opening required '/home/rayes/public_html/public/../bootstrap/autoload.php' (include_path='.:/opt/cpanel/ea-php70/root/usr/share/pear') in /home/rayes/public_html/public/index.php on line 22
[07-Mar-2018 18:03:41 UTC] PHP Warning:  require(/home/rayes/public_html/public/../bootstrap/autoload.php): failed to open stream: No such file or directory in /home/rayes/public_html/public/index.php on line 22
[07-Mar-2018 18:03:41 UTC] PHP Fatal error:  require(): Failed opening required '/home/rayes/public_html/public/../bootstrap/autoload.php' (include_path='.:/opt/cpanel/ea-php70/root/usr/share/pear') in /home/rayes/public_html/public/index.php on line 22
[07-Mar-2018 18:04:24 UTC] PHP Warning:  require(/home/rayes/public_html/public/../bootstrap/autoload.php): failed to open stream: No such file or directory in /home/rayes/public_html/public/index.php on line 22
[07-Mar-2018 18:04:24 UTC] PHP Fatal error:  require(): Failed opening required '/home/rayes/public_html/public/../bootstrap/autoload.php' (include_path='.:/opt/cpanel/ea-php70/root/usr/share/pear') in /home/rayes/public_html/public/index.php on line 22
[07-Mar-2018 18:04:59 UTC] PHP Warning:  require(/home/rayes/public_html/public/../bootstrap/autoload.php): failed to open stream: No such file or directory in /home/rayes/public_html/public/index.php on line 22
[07-Mar-2018 18:04:59 UTC] PHP Fatal error:  require(): Failed opening required '/home/rayes/public_html/public/../bootstrap/autoload.php' (include_path='.:/opt/cpanel/ea-php70/root/usr/share/pear') in /home/rayes/public_html/public/index.php on line 22
[07-Mar-2018 18:05:44 UTC] PHP Warning:  require(/home/rayes/public_html/public/../bootstrap/autoload.php): failed to open stream: No such file or directory in /home/rayes/public_html/public/index.php on line 22
[07-Mar-2018 18:05:44 UTC] PHP Fatal error:  require(): Failed opening required '/home/rayes/public_html/public/../bootstrap/autoload.php' (include_path='.:/opt/cpanel/ea-php70/root/usr/share/pear') in /home/rayes/public_html/public/index.php on line 22
[07-Mar-2018 18:07:08 UTC] PHP Warning:  require(/home/rayes/public_html/public/../bootstrap/autoload.php): failed to open stream: No such file or directory in /home/rayes/public_html/public/index.php on line 22
[07-Mar-2018 18:07:08 UTC] PHP Fatal error:  require(): Failed opening required '/home/rayes/public_html/public/../bootstrap/autoload.php' (include_path='.:/opt/cpanel/ea-php70/root/usr/share/pear') in /home/rayes/public_html/public/index.php on line 22
[07-Mar-2018 18:07:47 UTC] PHP Warning:  require(/home/rayes/public_html/public/../bootstrap/autoload.php): failed to open stream: No such file or directory in /home/rayes/public_html/public/index.php on line 22
[07-Mar-2018 18:07:47 UTC] PHP Fatal error:  require(): Failed opening required '/home/rayes/public_html/public/../bootstrap/autoload.php' (include_path='.:/opt/cpanel/ea-php70/root/usr/share/pear') in /home/rayes/public_html/public/index.php on line 22
[07-Mar-2018 18:08:11 UTC] PHP Warning:  require(/home/rayes/public_html/public/../bootstrap/autoload.php): failed to open stream: No such file or directory in /home/rayes/public_html/public/index.php on line 22
[07-Mar-2018 18:08:11 UTC] PHP Fatal error:  require(): Failed opening required '/home/rayes/public_html/public/../bootstrap/autoload.php' (include_path='.:/opt/cpanel/ea-php70/root/usr/share/pear') in /home/rayes/public_html/public/index.php on line 22
[07-Mar-2018 18:08:31 UTC] PHP Warning:  require(/home/rayes/public_html/public/../bootstrap/autoload.php): failed to open stream: No such file or directory in /home/rayes/public_html/public/index.php on line 22
[07-Mar-2018 18:08:31 UTC] PHP Fatal error:  require(): Failed opening required '/home/rayes/public_html/public/../bootstrap/autoload.php' (include_path='.:/opt/cpanel/ea-php70/root/usr/share/pear') in /home/rayes/public_html/public/index.php on line 22
[07-Mar-2018 18:09:17 UTC] PHP Warning:  require(/home/rayes/public_html/public/../bootstrap/autoload.php): failed to open stream: No such file or directory in /home/rayes/public_html/public/index.php on line 22
[07-Mar-2018 18:09:17 UTC] PHP Fatal error:  require(): Failed opening required '/home/rayes/public_html/public/../bootstrap/autoload.php' (include_path='.:/opt/cpanel/ea-php70/root/usr/share/pear') in /home/rayes/public_html/public/index.php on line 22
[07-Mar-2018 18:10:55 UTC] PHP Warning:  require(/home/rayes/public_html/public/../bootstrap/autoload.php): failed to open stream: No such file or directory in /home/rayes/public_html/public/index.php on line 22
[07-Mar-2018 18:10:55 UTC] PHP Fatal error:  require(): Failed opening required '/home/rayes/public_html/public/../bootstrap/autoload.php' (include_path='.:/opt/cpanel/ea-php70/root/usr/share/pear') in /home/rayes/public_html/public/index.php on line 22
[07-Mar-2018 18:11:40 UTC] PHP Warning:  require(/home/rayes/public_html/public/../bootstrap/autoload.php): failed to open stream: No such file or directory in /home/rayes/public_html/public/index.php on line 22
[07-Mar-2018 18:11:40 UTC] PHP Fatal error:  require(): Failed opening required '/home/rayes/public_html/public/../bootstrap/autoload.php' (include_path='.:/opt/cpanel/ea-php70/root/usr/share/pear') in /home/rayes/public_html/public/index.php on line 22
[07-Mar-2018 18:11:54 UTC] PHP Warning:  require(/home/rayes/public_html/public/../bootstrap/autoload.php): failed to open stream: No such file or directory in /home/rayes/public_html/public/index.php on line 22
[07-Mar-2018 18:11:54 UTC] PHP Fatal error:  require(): Failed opening required '/home/rayes/public_html/public/../bootstrap/autoload.php' (include_path='.:/opt/cpanel/ea-php70/root/usr/share/pear') in /home/rayes/public_html/public/index.php on line 22
[07-Mar-2018 18:12:30 UTC] PHP Warning:  require(/home/rayes/public_html/public/../bootstrap/autoload.php): failed to open stream: No such file or directory in /home/rayes/public_html/public/index.php on line 22
[07-Mar-2018 18:12:30 UTC] PHP Fatal error:  require(): Failed opening required '/home/rayes/public_html/public/../bootstrap/autoload.php' (include_path='.:/opt/cpanel/ea-php70/root/usr/share/pear') in /home/rayes/public_html/public/index.php on line 22
[07-Mar-2018 18:12:42 UTC] PHP Warning:  require(/home/rayes/public_html/public/../bootstrap/autoload.php): failed to open stream: No such file or directory in /home/rayes/public_html/public/index.php on line 22
[07-Mar-2018 18:12:42 UTC] PHP Fatal error:  require(): Failed opening required '/home/rayes/public_html/public/../bootstrap/autoload.php' (include_path='.:/opt/cpanel/ea-php70/root/usr/share/pear') in /home/rayes/public_html/public/index.php on line 22
[07-Mar-2018 18:13:04 UTC] PHP Warning:  require(/home/rayes/public_html/public/../bootstrap/autoload.php): failed to open stream: No such file or directory in /home/rayes/public_html/public/index.php on line 22
[07-Mar-2018 18:13:04 UTC] PHP Fatal error:  require(): Failed opening required '/home/rayes/public_html/public/../bootstrap/autoload.php' (include_path='.:/opt/cpanel/ea-php70/root/usr/share/pear') in /home/rayes/public_html/public/index.php on line 22
[07-Mar-2018 18:13:20 UTC] PHP Warning:  require(/home/rayes/public_html/public/../bootstrap/autoload.php): failed to open stream: No such file or directory in /home/rayes/public_html/public/index.php on line 22
[07-Mar-2018 18:13:20 UTC] PHP Fatal error:  require(): Failed opening required '/home/rayes/public_html/public/../bootstrap/autoload.php' (include_path='.:/opt/cpanel/ea-php70/root/usr/share/pear') in /home/rayes/public_html/public/index.php on line 22
[07-Mar-2018 18:13:21 UTC] PHP Warning:  require(/home/rayes/public_html/public/../bootstrap/autoload.php): failed to open stream: No such file or directory in /home/rayes/public_html/public/index.php on line 22
[07-Mar-2018 18:13:21 UTC] PHP Fatal error:  require(): Failed opening required '/home/rayes/public_html/public/../bootstrap/autoload.php' (include_path='.:/opt/cpanel/ea-php70/root/usr/share/pear') in /home/rayes/public_html/public/index.php on line 22
[07-Mar-2018 18:13:23 UTC] PHP Warning:  require(/home/rayes/public_html/public/../bootstrap/autoload.php): failed to open stream: No such file or directory in /home/rayes/public_html/public/index.php on line 22
[07-Mar-2018 18:13:23 UTC] PHP Fatal error:  require(): Failed opening required '/home/rayes/public_html/public/../bootstrap/autoload.php' (include_path='.:/opt/cpanel/ea-php70/root/usr/share/pear') in /home/rayes/public_html/public/index.php on line 22
[07-Mar-2018 18:13:27 UTC] PHP Warning:  require(/home/rayes/public_html/public/../bootstrap/autoload.php): failed to open stream: No such file or directory in /home/rayes/public_html/public/index.php on line 22
[07-Mar-2018 18:13:27 UTC] PHP Fatal error:  require(): Failed opening required '/home/rayes/public_html/public/../bootstrap/autoload.php' (include_path='.:/opt/cpanel/ea-php70/root/usr/share/pear') in /home/rayes/public_html/public/index.php on line 22
[07-Mar-2018 18:13:30 UTC] PHP Warning:  require(/home/rayes/public_html/public/../bootstrap/autoload.php): failed to open stream: No such file or directory in /home/rayes/public_html/public/index.php on line 22
[07-Mar-2018 18:13:30 UTC] PHP Fatal error:  require(): Failed opening required '/home/rayes/public_html/public/../bootstrap/autoload.php' (include_path='.:/opt/cpanel/ea-php70/root/usr/share/pear') in /home/rayes/public_html/public/index.php on line 22
[07-Mar-2018 18:14:05 UTC] PHP Warning:  require(/home/rayes/public_html/public/../bootstrap/autoload.php): failed to open stream: No such file or directory in /home/rayes/public_html/public/index.php on line 22
[07-Mar-2018 18:14:05 UTC] PHP Fatal error:  require(): Failed opening required '/home/rayes/public_html/public/../bootstrap/autoload.php' (include_path='.:/opt/cpanel/ea-php70/root/usr/share/pear') in /home/rayes/public_html/public/index.php on line 22
[07-Mar-2018 18:14:42 UTC] PHP Warning:  require(/home/rayes/public_html/public/../bootstrap/autoload.php): failed to open stream: No such file or directory in /home/rayes/public_html/public/index.php on line 22
[07-Mar-2018 18:14:42 UTC] PHP Fatal error:  require(): Failed opening required '/home/rayes/public_html/public/../bootstrap/autoload.php' (include_path='.:/opt/cpanel/ea-php70/root/usr/share/pear') in /home/rayes/public_html/public/index.php on line 22
[07-Mar-2018 18:15:33 UTC] PHP Warning:  require(/home/rayes/public_html/public/../bootstrap/autoload.php): failed to open stream: No such file or directory in /home/rayes/public_html/public/index.php on line 22
[07-Mar-2018 18:15:33 UTC] PHP Fatal error:  require(): Failed opening required '/home/rayes/public_html/public/../bootstrap/autoload.php' (include_path='.:/opt/cpanel/ea-php70/root/usr/share/pear') in /home/rayes/public_html/public/index.php on line 22
[07-Mar-2018 18:16:00 UTC] PHP Warning:  require(/home/rayes/public_html/public/../bootstrap/autoload.php): failed to open stream: No such file or directory in /home/rayes/public_html/public/index.php on line 22
[07-Mar-2018 18:16:00 UTC] PHP Fatal error:  require(): Failed opening required '/home/rayes/public_html/public/../bootstrap/autoload.php' (include_path='.:/opt/cpanel/ea-php70/root/usr/share/pear') in /home/rayes/public_html/public/index.php on line 22
[07-Mar-2018 18:16:14 UTC] PHP Warning:  require(/home/rayes/public_html/public/../bootstrap/autoload.php): failed to open stream: No such file or directory in /home/rayes/public_html/public/index.php on line 22
[07-Mar-2018 18:16:14 UTC] PHP Fatal error:  require(): Failed opening required '/home/rayes/public_html/public/../bootstrap/autoload.php' (include_path='.:/opt/cpanel/ea-php70/root/usr/share/pear') in /home/rayes/public_html/public/index.php on line 22
[07-Mar-2018 18:16:15 UTC] PHP Warning:  require(/home/rayes/public_html/public/../bootstrap/autoload.php): failed to open stream: No such file or directory in /home/rayes/public_html/public/index.php on line 22
[07-Mar-2018 18:16:15 UTC] PHP Fatal error:  require(): Failed opening required '/home/rayes/public_html/public/../bootstrap/autoload.php' (include_path='.:/opt/cpanel/ea-php70/root/usr/share/pear') in /home/rayes/public_html/public/index.php on line 22
[07-Mar-2018 18:17:58 UTC] PHP Warning:  require(/home/rayes/public_html/public/../bootstrap/autoload.php): failed to open stream: No such file or directory in /home/rayes/public_html/public/index.php on line 22
[07-Mar-2018 18:17:58 UTC] PHP Fatal error:  require(): Failed opening required '/home/rayes/public_html/public/../bootstrap/autoload.php' (include_path='.:/opt/cpanel/ea-php70/root/usr/share/pear') in /home/rayes/public_html/public/index.php on line 22
[07-Mar-2018 18:18:29 UTC] PHP Warning:  require(/home/rayes/public_html/public/../bootstrap/autoload.php): failed to open stream: No such file or directory in /home/rayes/public_html/public/index.php on line 22
[07-Mar-2018 18:18:29 UTC] PHP Fatal error:  require(): Failed opening required '/home/rayes/public_html/public/../bootstrap/autoload.php' (include_path='.:/opt/cpanel/ea-php70/root/usr/share/pear') in /home/rayes/public_html/public/index.php on line 22
[07-Mar-2018 18:19:18 UTC] PHP Warning:  require(/home/rayes/public_html/public/../bootstrap/autoload.php): failed to open stream: No such file or directory in /home/rayes/public_html/public/index.php on line 22
[07-Mar-2018 18:19:18 UTC] PHP Fatal error:  require(): Failed opening required '/home/rayes/public_html/public/../bootstrap/autoload.php' (include_path='.:/opt/cpanel/ea-php70/root/usr/share/pear') in /home/rayes/public_html/public/index.php on line 22
[07-Mar-2018 18:20:22 UTC] PHP Warning:  require(/home/rayes/public_html/public/../bootstrap/autoload.php): failed to open stream: No such file or directory in /home/rayes/public_html/public/index.php on line 22
[07-Mar-2018 18:20:22 UTC] PHP Fatal error:  require(): Failed opening required '/home/rayes/public_html/public/../bootstrap/autoload.php' (include_path='.:/opt/cpanel/ea-php70/root/usr/share/pear') in /home/rayes/public_html/public/index.php on line 22
[07-Mar-2018 18:20:37 UTC] PHP Warning:  require(/home/rayes/public_html/public/../bootstrap/autoload.php): failed to open stream: No such file or directory in /home/rayes/public_html/public/index.php on line 22
[07-Mar-2018 18:20:37 UTC] PHP Fatal error:  require(): Failed opening required '/home/rayes/public_html/public/../bootstrap/autoload.php' (include_path='.:/opt/cpanel/ea-php70/root/usr/share/pear') in /home/rayes/public_html/public/index.php on line 22
[07-Mar-2018 18:20:38 UTC] PHP Warning:  require(/home/rayes/public_html/public/../bootstrap/autoload.php): failed to open stream: No such file or directory in /home/rayes/public_html/public/index.php on line 22
[07-Mar-2018 18:20:38 UTC] PHP Fatal error:  require(): Failed opening required '/home/rayes/public_html/public/../bootstrap/autoload.php' (include_path='.:/opt/cpanel/ea-php70/root/usr/share/pear') in /home/rayes/public_html/public/index.php on line 22
[07-Mar-2018 18:20:41 UTC] PHP Warning:  require(/home/rayes/public_html/public/../bootstrap/autoload.php): failed to open stream: No such file or directory in /home/rayes/public_html/public/index.php on line 22
[07-Mar-2018 18:20:41 UTC] PHP Fatal error:  require(): Failed opening required '/home/rayes/public_html/public/../bootstrap/autoload.php' (include_path='.:/opt/cpanel/ea-php70/root/usr/share/pear') in /home/rayes/public_html/public/index.php on line 22
[07-Mar-2018 18:21:01 UTC] PHP Warning:  require(/home/rayes/public_html/public/../bootstrap/autoload.php): failed to open stream: No such file or directory in /home/rayes/public_html/public/index.php on line 22
[07-Mar-2018 18:21:01 UTC] PHP Fatal error:  require(): Failed opening required '/home/rayes/public_html/public/../bootstrap/autoload.php' (include_path='.:/opt/cpanel/ea-php70/root/usr/share/pear') in /home/rayes/public_html/public/index.php on line 22
[07-Mar-2018 18:21:18 UTC] PHP Warning:  require(/home/rayes/public_html/public/../bootstrap/autoload.php): failed to open stream: No such file or directory in /home/rayes/public_html/public/index.php on line 22
[07-Mar-2018 18:21:18 UTC] PHP Fatal error:  require(): Failed opening required '/home/rayes/public_html/public/../bootstrap/autoload.php' (include_path='.:/opt/cpanel/ea-php70/root/usr/share/pear') in /home/rayes/public_html/public/index.php on line 22
[07-Mar-2018 18:21:35 UTC] PHP Warning:  require(/home/rayes/public_html/public/../bootstrap/autoload.php): failed to open stream: No such file or directory in /home/rayes/public_html/public/index.php on line 22
[07-Mar-2018 18:21:35 UTC] PHP Fatal error:  require(): Failed opening required '/home/rayes/public_html/public/../bootstrap/autoload.php' (include_path='.:/opt/cpanel/ea-php70/root/usr/share/pear') in /home/rayes/public_html/public/index.php on line 22
[07-Mar-2018 18:22:16 UTC] PHP Warning:  require(/home/rayes/public_html/public/../bootstrap/autoload.php): failed to open stream: No such file or directory in /home/rayes/public_html/public/index.php on line 22
[07-Mar-2018 18:22:16 UTC] PHP Fatal error:  require(): Failed opening required '/home/rayes/public_html/public/../bootstrap/autoload.php' (include_path='.:/opt/cpanel/ea-php70/root/usr/share/pear') in /home/rayes/public_html/public/index.php on line 22
[07-Mar-2018 18:22:35 UTC] PHP Warning:  require(/home/rayes/public_html/public/../bootstrap/autoload.php): failed to open stream: No such file or directory in /home/rayes/public_html/public/index.php on line 22
[07-Mar-2018 18:22:35 UTC] PHP Fatal error:  require(): Failed opening required '/home/rayes/public_html/public/../bootstrap/autoload.php' (include_path='.:/opt/cpanel/ea-php70/root/usr/share/pear') in /home/rayes/public_html/public/index.php on line 22
[07-Mar-2018 18:22:35 UTC] PHP Warning:  require(/home/rayes/public_html/public/../bootstrap/autoload.php): failed to open stream: No such file or directory in /home/rayes/public_html/public/index.php on line 22
[07-Mar-2018 18:22:35 UTC] PHP Fatal error:  require(): Failed opening required '/home/rayes/public_html/public/../bootstrap/autoload.php' (include_path='.:/opt/cpanel/ea-php70/root/usr/share/pear') in /home/rayes/public_html/public/index.php on line 22
[07-Mar-2018 18:22:36 UTC] PHP Warning:  require(/home/rayes/public_html/public/../bootstrap/autoload.php): failed to open stream: No such file or directory in /home/rayes/public_html/public/index.php on line 22
[07-Mar-2018 18:22:36 UTC] PHP Fatal error:  require(): Failed opening required '/home/rayes/public_html/public/../bootstrap/autoload.php' (include_path='.:/opt/cpanel/ea-php70/root/usr/share/pear') in /home/rayes/public_html/public/index.php on line 22
[07-Mar-2018 18:23:11 UTC] PHP Warning:  require(/home/rayes/public_html/public/../bootstrap/autoload.php): failed to open stream: No such file or directory in /home/rayes/public_html/public/index.php on line 22
[07-Mar-2018 18:23:11 UTC] PHP Fatal error:  require(): Failed opening required '/home/rayes/public_html/public/../bootstrap/autoload.php' (include_path='.:/opt/cpanel/ea-php70/root/usr/share/pear') in /home/rayes/public_html/public/index.php on line 22
[07-Mar-2018 18:23:50 UTC] PHP Warning:  require(/home/rayes/public_html/public/../bootstrap/autoload.php): failed to open stream: No such file or directory in /home/rayes/public_html/public/index.php on line 22
[07-Mar-2018 18:23:50 UTC] PHP Fatal error:  require(): Failed opening required '/home/rayes/public_html/public/../bootstrap/autoload.php' (include_path='.:/opt/cpanel/ea-php70/root/usr/share/pear') in /home/rayes/public_html/public/index.php on line 22
[07-Mar-2018 18:23:52 UTC] PHP Warning:  require(/home/rayes/public_html/public/../bootstrap/autoload.php): failed to open stream: No such file or directory in /home/rayes/public_html/public/index.php on line 22
[07-Mar-2018 18:23:52 UTC] PHP Fatal error:  require(): Failed opening required '/home/rayes/public_html/public/../bootstrap/autoload.php' (include_path='.:/opt/cpanel/ea-php70/root/usr/share/pear') in /home/rayes/public_html/public/index.php on line 22
[07-Mar-2018 18:24:02 UTC] PHP Warning:  require(/home/rayes/public_html/public/../bootstrap/autoload.php): failed to open stream: No such file or directory in /home/rayes/public_html/public/index.php on line 22
[07-Mar-2018 18:24:02 UTC] PHP Fatal error:  require(): Failed opening required '/home/rayes/public_html/public/../bootstrap/autoload.php' (include_path='.:/opt/cpanel/ea-php70/root/usr/share/pear') in /home/rayes/public_html/public/index.php on line 22
[07-Mar-2018 18:24:27 UTC] PHP Warning:  require(/home/rayes/public_html/public/../bootstrap/autoload.php): failed to open stream: No such file or directory in /home/rayes/public_html/public/index.php on line 22
[07-Mar-2018 18:24:27 UTC] PHP Fatal error:  require(): Failed opening required '/home/rayes/public_html/public/../bootstrap/autoload.php' (include_path='.:/opt/cpanel/ea-php70/root/usr/share/pear') in /home/rayes/public_html/public/index.php on line 22
[07-Mar-2018 18:24:39 UTC] PHP Warning:  require(/home/rayes/public_html/public/../bootstrap/autoload.php): failed to open stream: No such file or directory in /home/rayes/public_html/public/index.php on line 22
[07-Mar-2018 18:24:39 UTC] PHP Fatal error:  require(): Failed opening required '/home/rayes/public_html/public/../bootstrap/autoload.php' (include_path='.:/opt/cpanel/ea-php70/root/usr/share/pear') in /home/rayes/public_html/public/index.php on line 22
[07-Mar-2018 18:26:03 UTC] PHP Warning:  require(/home/rayes/public_html/public/../bootstrap/autoload.php): failed to open stream: No such file or directory in /home/rayes/public_html/public/index.php on line 22
[07-Mar-2018 18:26:03 UTC] PHP Fatal error:  require(): Failed opening required '/home/rayes/public_html/public/../bootstrap/autoload.php' (include_path='.:/opt/cpanel/ea-php70/root/usr/share/pear') in /home/rayes/public_html/public/index.php on line 22
[07-Mar-2018 18:26:36 UTC] PHP Warning:  require(/home/rayes/public_html/public/../bootstrap/autoload.php): failed to open stream: No such file or directory in /home/rayes/public_html/public/index.php on line 22
[07-Mar-2018 18:26:36 UTC] PHP Fatal error:  require(): Failed opening required '/home/rayes/public_html/public/../bootstrap/autoload.php' (include_path='.:/opt/cpanel/ea-php70/root/usr/share/pear') in /home/rayes/public_html/public/index.php on line 22
[07-Mar-2018 18:27:36 UTC] PHP Warning:  require(/home/rayes/public_html/public/../bootstrap/autoload.php): failed to open stream: No such file or directory in /home/rayes/public_html/public/index.php on line 22
[07-Mar-2018 18:27:36 UTC] PHP Fatal error:  require(): Failed opening required '/home/rayes/public_html/public/../bootstrap/autoload.php' (include_path='.:/opt/cpanel/ea-php70/root/usr/share/pear') in /home/rayes/public_html/public/index.php on line 22
[07-Mar-2018 18:27:39 UTC] PHP Warning:  require(/home/rayes/public_html/public/../bootstrap/autoload.php): failed to open stream: No such file or directory in /home/rayes/public_html/public/index.php on line 22
[07-Mar-2018 18:27:39 UTC] PHP Fatal error:  require(): Failed opening required '/home/rayes/public_html/public/../bootstrap/autoload.php' (include_path='.:/opt/cpanel/ea-php70/root/usr/share/pear') in /home/rayes/public_html/public/index.php on line 22
[07-Mar-2018 18:27:52 UTC] PHP Warning:  require(/home/rayes/public_html/public/../bootstrap/autoload.php): failed to open stream: No such file or directory in /home/rayes/public_html/public/index.php on line 22
[07-Mar-2018 18:27:52 UTC] PHP Fatal error:  require(): Failed opening required '/home/rayes/public_html/public/../bootstrap/autoload.php' (include_path='.:/opt/cpanel/ea-php70/root/usr/share/pear') in /home/rayes/public_html/public/index.php on line 22
[07-Mar-2018 18:28:37 UTC] PHP Warning:  require(/home/rayes/public_html/public/../bootstrap/autoload.php): failed to open stream: No such file or directory in /home/rayes/public_html/public/index.php on line 22
[07-Mar-2018 18:28:37 UTC] PHP Fatal error:  require(): Failed opening required '/home/rayes/public_html/public/../bootstrap/autoload.php' (include_path='.:/opt/cpanel/ea-php70/root/usr/share/pear') in /home/rayes/public_html/public/index.php on line 22
[07-Mar-2018 18:29:14 UTC] PHP Warning:  require(/home/rayes/public_html/public/../bootstrap/autoload.php): failed to open stream: No such file or directory in /home/rayes/public_html/public/index.php on line 22
[07-Mar-2018 18:29:14 UTC] PHP Fatal error:  require(): Failed opening required '/home/rayes/public_html/public/../bootstrap/autoload.php' (include_path='.:/opt/cpanel/ea-php70/root/usr/share/pear') in /home/rayes/public_html/public/index.php on line 22
[07-Mar-2018 18:29:24 UTC] PHP Warning:  require(/home/rayes/public_html/public/../bootstrap/autoload.php): failed to open stream: No such file or directory in /home/rayes/public_html/public/index.php on line 22
[07-Mar-2018 18:29:24 UTC] PHP Fatal error:  require(): Failed opening required '/home/rayes/public_html/public/../bootstrap/autoload.php' (include_path='.:/opt/cpanel/ea-php70/root/usr/share/pear') in /home/rayes/public_html/public/index.php on line 22
[07-Mar-2018 18:29:26 UTC] PHP Warning:  require(/home/rayes/public_html/public/../bootstrap/autoload.php): failed to open stream: No such file or directory in /home/rayes/public_html/public/index.php on line 22
[07-Mar-2018 18:29:26 UTC] PHP Fatal error:  require(): Failed opening required '/home/rayes/public_html/public/../bootstrap/autoload.php' (include_path='.:/opt/cpanel/ea-php70/root/usr/share/pear') in /home/rayes/public_html/public/index.php on line 22
[07-Mar-2018 18:29:27 UTC] PHP Warning:  require(/home/rayes/public_html/public/../bootstrap/autoload.php): failed to open stream: No such file or directory in /home/rayes/public_html/public/index.php on line 22
[07-Mar-2018 18:29:27 UTC] PHP Fatal error:  require(): Failed opening required '/home/rayes/public_html/public/../bootstrap/autoload.php' (include_path='.:/opt/cpanel/ea-php70/root/usr/share/pear') in /home/rayes/public_html/public/index.php on line 22
[07-Mar-2018 18:29:27 UTC] PHP Warning:  require(/home/rayes/public_html/public/../bootstrap/autoload.php): failed to open stream: No such file or directory in /home/rayes/public_html/public/index.php on line 22
[07-Mar-2018 18:29:27 UTC] PHP Fatal error:  require(): Failed opening required '/home/rayes/public_html/public/../bootstrap/autoload.php' (include_path='.:/opt/cpanel/ea-php70/root/usr/share/pear') in /home/rayes/public_html/public/index.php on line 22
[07-Mar-2018 18:29:27 UTC] PHP Warning:  require(/home/rayes/public_html/public/../bootstrap/autoload.php): failed to open stream: No such file or directory in /home/rayes/public_html/public/index.php on line 22
[07-Mar-2018 18:29:27 UTC] PHP Fatal error:  require(): Failed opening required '/home/rayes/public_html/public/../bootstrap/autoload.php' (include_path='.:/opt/cpanel/ea-php70/root/usr/share/pear') in /home/rayes/public_html/public/index.php on line 22
[07-Mar-2018 18:29:28 UTC] PHP Warning:  require(/home/rayes/public_html/public/../bootstrap/autoload.php): failed to open stream: No such file or directory in /home/rayes/public_html/public/index.php on line 22
[07-Mar-2018 18:29:28 UTC] PHP Fatal error:  require(): Failed opening required '/home/rayes/public_html/public/../bootstrap/autoload.php' (include_path='.:/opt/cpanel/ea-php70/root/usr/share/pear') in /home/rayes/public_html/public/index.php on line 22
[07-Mar-2018 18:29:31 UTC] PHP Warning:  require(/home/rayes/public_html/public/../bootstrap/autoload.php): failed to open stream: No such file or directory in /home/rayes/public_html/public/index.php on line 22
[07-Mar-2018 18:29:31 UTC] PHP Fatal error:  require(): Failed opening required '/home/rayes/public_html/public/../bootstrap/autoload.php' (include_path='.:/opt/cpanel/ea-php70/root/usr/share/pear') in /home/rayes/public_html/public/index.php on line 22
[07-Mar-2018 18:29:32 UTC] PHP Warning:  require(/home/rayes/public_html/public/../bootstrap/autoload.php): failed to open stream: No such file or directory in /home/rayes/public_html/public/index.php on line 22
[07-Mar-2018 18:29:32 UTC] PHP Fatal error:  require(): Failed opening required '/home/rayes/public_html/public/../bootstrap/autoload.php' (include_path='.:/opt/cpanel/ea-php70/root/usr/share/pear') in /home/rayes/public_html/public/index.php on line 22
[07-Mar-2018 18:29:32 UTC] PHP Warning:  require(/home/rayes/public_html/public/../bootstrap/autoload.php): failed to open stream: No such file or directory in /home/rayes/public_html/public/index.php on line 22
[07-Mar-2018 18:29:32 UTC] PHP Fatal error:  require(): Failed opening required '/home/rayes/public_html/public/../bootstrap/autoload.php' (include_path='.:/opt/cpanel/ea-php70/root/usr/share/pear') in /home/rayes/public_html/public/index.php on line 22
[07-Mar-2018 18:29:33 UTC] PHP Warning:  require(/home/rayes/public_html/public/../bootstrap/autoload.php): failed to open stream: No such file or directory in /home/rayes/public_html/public/index.php on line 22
[07-Mar-2018 18:29:33 UTC] PHP Fatal error:  require(): Failed opening required '/home/rayes/public_html/public/../bootstrap/autoload.php' (include_path='.:/opt/cpanel/ea-php70/root/usr/share/pear') in /home/rayes/public_html/public/index.php on line 22
[07-Mar-2018 18:29:49 UTC] PHP Warning:  require(/home/rayes/public_html/public/../bootstrap/autoload.php): failed to open stream: No such file or directory in /home/rayes/public_html/public/index.php on line 22
[07-Mar-2018 18:29:49 UTC] PHP Fatal error:  require(): Failed opening required '/home/rayes/public_html/public/../bootstrap/autoload.php' (include_path='.:/opt/cpanel/ea-php70/root/usr/share/pear') in /home/rayes/public_html/public/index.php on line 22
[07-Mar-2018 18:29:51 UTC] PHP Warning:  require(/home/rayes/public_html/public/../bootstrap/autoload.php): failed to open stream: No such file or directory in /home/rayes/public_html/public/index.php on line 22
[07-Mar-2018 18:29:51 UTC] PHP Fatal error:  require(): Failed opening required '/home/rayes/public_html/public/../bootstrap/autoload.php' (include_path='.:/opt/cpanel/ea-php70/root/usr/share/pear') in /home/rayes/public_html/public/index.php on line 22
[07-Mar-2018 18:29:59 UTC] PHP Warning:  require(/home/rayes/public_html/public/../bootstrap/autoload.php): failed to open stream: No such file or directory in /home/rayes/public_html/public/index.php on line 22
[07-Mar-2018 18:29:59 UTC] PHP Fatal error:  require(): Failed opening required '/home/rayes/public_html/public/../bootstrap/autoload.php' (include_path='.:/opt/cpanel/ea-php70/root/usr/share/pear') in /home/rayes/public_html/public/index.php on line 22
[07-Mar-2018 18:30:38 UTC] PHP Warning:  require(/home/rayes/public_html/public/../bootstrap/autoload.php): failed to open stream: No such file or directory in /home/rayes/public_html/public/index.php on line 22
[07-Mar-2018 18:30:38 UTC] PHP Fatal error:  require(): Failed opening required '/home/rayes/public_html/public/../bootstrap/autoload.php' (include_path='.:/opt/cpanel/ea-php70/root/usr/share/pear') in /home/rayes/public_html/public/index.php on line 22
[07-Mar-2018 18:30:44 UTC] PHP Warning:  require(/home/rayes/public_html/public/../bootstrap/autoload.php): failed to open stream: No such file or directory in /home/rayes/public_html/public/index.php on line 22
[07-Mar-2018 18:30:44 UTC] PHP Fatal error:  require(): Failed opening required '/home/rayes/public_html/public/../bootstrap/autoload.php' (include_path='.:/opt/cpanel/ea-php70/root/usr/share/pear') in /home/rayes/public_html/public/index.php on line 22
[07-Mar-2018 18:30:51 UTC] PHP Warning:  require(/home/rayes/public_html/public/../bootstrap/autoload.php): failed to open stream: No such file or directory in /home/rayes/public_html/public/index.php on line 22
[07-Mar-2018 18:30:51 UTC] PHP Fatal error:  require(): Failed opening required '/home/rayes/public_html/public/../bootstrap/autoload.php' (include_path='.:/opt/cpanel/ea-php70/root/usr/share/pear') in /home/rayes/public_html/public/index.php on line 22
[07-Mar-2018 18:31:01 UTC] PHP Warning:  require(/home/rayes/public_html/public/../bootstrap/autoload.php): failed to open stream: No such file or directory in /home/rayes/public_html/public/index.php on line 22
[07-Mar-2018 18:31:01 UTC] PHP Fatal error:  require(): Failed opening required '/home/rayes/public_html/public/../bootstrap/autoload.php' (include_path='.:/opt/cpanel/ea-php70/root/usr/share/pear') in /home/rayes/public_html/public/index.php on line 22
[07-Mar-2018 18:31:32 UTC] PHP Warning:  require(/home/rayes/public_html/public/../bootstrap/autoload.php): failed to open stream: No such file or directory in /home/rayes/public_html/public/index.php on line 22
[07-Mar-2018 18:31:32 UTC] PHP Fatal error:  require(): Failed opening required '/home/rayes/public_html/public/../bootstrap/autoload.php' (include_path='.:/opt/cpanel/ea-php70/root/usr/share/pear') in /home/rayes/public_html/public/index.php on line 22
[07-Mar-2018 18:33:17 UTC] PHP Warning:  require(/home/rayes/public_html/public/../bootstrap/autoload.php): failed to open stream: No such file or directory in /home/rayes/public_html/public/index.php on line 22
[07-Mar-2018 18:33:17 UTC] PHP Fatal error:  require(): Failed opening required '/home/rayes/public_html/public/../bootstrap/autoload.php' (include_path='.:/opt/cpanel/ea-php70/root/usr/share/pear') in /home/rayes/public_html/public/index.php on line 22
[07-Mar-2018 18:33:37 UTC] PHP Warning:  require(/home/rayes/public_html/public/../bootstrap/autoload.php): failed to open stream: No such file or directory in /home/rayes/public_html/public/index.php on line 22
[07-Mar-2018 18:33:37 UTC] PHP Fatal error:  require(): Failed opening required '/home/rayes/public_html/public/../bootstrap/autoload.php' (include_path='.:/opt/cpanel/ea-php70/root/usr/share/pear') in /home/rayes/public_html/public/index.php on line 22
[07-Mar-2018 18:33:48 UTC] PHP Warning:  require(/home/rayes/public_html/public/../bootstrap/autoload.php): failed to open stream: No such file or directory in /home/rayes/public_html/public/index.php on line 22
[07-Mar-2018 18:33:48 UTC] PHP Fatal error:  require(): Failed opening required '/home/rayes/public_html/public/../bootstrap/autoload.php' (include_path='.:/opt/cpanel/ea-php70/root/usr/share/pear') in /home/rayes/public_html/public/index.php on line 22
[07-Mar-2018 18:33:55 UTC] PHP Warning:  require(/home/rayes/public_html/public/../bootstrap/autoload.php): failed to open stream: No such file or directory in /home/rayes/public_html/public/index.php on line 22
[07-Mar-2018 18:33:55 UTC] PHP Fatal error:  require(): Failed opening required '/home/rayes/public_html/public/../bootstrap/autoload.php' (include_path='.:/opt/cpanel/ea-php70/root/usr/share/pear') in /home/rayes/public_html/public/index.php on line 22
[07-Mar-2018 18:34:02 UTC] PHP Warning:  require(/home/rayes/public_html/public/../bootstrap/autoload.php): failed to open stream: No such file or directory in /home/rayes/public_html/public/index.php on line 22
[07-Mar-2018 18:34:02 UTC] PHP Fatal error:  require(): Failed opening required '/home/rayes/public_html/public/../bootstrap/autoload.php' (include_path='.:/opt/cpanel/ea-php70/root/usr/share/pear') in /home/rayes/public_html/public/index.php on line 22
[07-Mar-2018 18:34:44 UTC] PHP Warning:  require(/home/rayes/public_html/public/../bootstrap/autoload.php): failed to open stream: No such file or directory in /home/rayes/public_html/public/index.php on line 22
[07-Mar-2018 18:34:44 UTC] PHP Fatal error:  require(): Failed opening required '/home/rayes/public_html/public/../bootstrap/autoload.php' (include_path='.:/opt/cpanel/ea-php70/root/usr/share/pear') in /home/rayes/public_html/public/index.php on line 22
[07-Mar-2018 18:35:05 UTC] PHP Warning:  require(/home/rayes/public_html/public/../bootstrap/autoload.php): failed to open stream: No such file or directory in /home/rayes/public_html/public/index.php on line 22
[07-Mar-2018 18:35:05 UTC] PHP Fatal error:  require(): Failed opening required '/home/rayes/public_html/public/../bootstrap/autoload.php' (include_path='.:/opt/cpanel/ea-php70/root/usr/share/pear') in /home/rayes/public_html/public/index.php on line 22
[07-Mar-2018 18:35:22 UTC] PHP Warning:  require(/home/rayes/public_html/public/../bootstrap/autoload.php): failed to open stream: No such file or directory in /home/rayes/public_html/public/index.php on line 22
[07-Mar-2018 18:35:22 UTC] PHP Fatal error:  require(): Failed opening required '/home/rayes/public_html/public/../bootstrap/autoload.php' (include_path='.:/opt/cpanel/ea-php70/root/usr/share/pear') in /home/rayes/public_html/public/index.php on line 22
[07-Mar-2018 18:35:39 UTC] PHP Warning:  require(/home/rayes/public_html/public/../bootstrap/autoload.php): failed to open stream: No such file or directory in /home/rayes/public_html/public/index.php on line 22
[07-Mar-2018 18:35:39 UTC] PHP Fatal error:  require(): Failed opening required '/home/rayes/public_html/public/../bootstrap/autoload.php' (include_path='.:/opt/cpanel/ea-php70/root/usr/share/pear') in /home/rayes/public_html/public/index.php on line 22
[07-Mar-2018 18:35:49 UTC] PHP Warning:  require(/home/rayes/public_html/public/../bootstrap/autoload.php): failed to open stream: No such file or directory in /home/rayes/public_html/public/index.php on line 22
[07-Mar-2018 18:35:49 UTC] PHP Fatal error:  require(): Failed opening required '/home/rayes/public_html/public/../bootstrap/autoload.php' (include_path='.:/opt/cpanel/ea-php70/root/usr/share/pear') in /home/rayes/public_html/public/index.php on line 22
[07-Mar-2018 18:36:53 UTC] PHP Warning:  require(/home/rayes/public_html/public/../bootstrap/autoload.php): failed to open stream: No such file or directory in /home/rayes/public_html/public/index.php on line 22
[07-Mar-2018 18:36:53 UTC] PHP Fatal error:  require(): Failed opening required '/home/rayes/public_html/public/../bootstrap/autoload.php' (include_path='.:/opt/cpanel/ea-php70/root/usr/share/pear') in /home/rayes/public_html/public/index.php on line 22
[07-Mar-2018 18:36:58 UTC] PHP Warning:  require(/home/rayes/public_html/public/../bootstrap/autoload.php): failed to open stream: No such file or directory in /home/rayes/public_html/public/index.php on line 22
[07-Mar-2018 18:36:58 UTC] PHP Fatal error:  require(): Failed opening required '/home/rayes/public_html/public/../bootstrap/autoload.php' (include_path='.:/opt/cpanel/ea-php70/root/usr/share/pear') in /home/rayes/public_html/public/index.php on line 22
[07-Mar-2018 18:37:02 UTC] PHP Warning:  require(/home/rayes/public_html/public/../bootstrap/autoload.php): failed to open stream: No such file or directory in /home/rayes/public_html/public/index.php on line 22
[07-Mar-2018 18:37:02 UTC] PHP Fatal error:  require(): Failed opening required '/home/rayes/public_html/public/../bootstrap/autoload.php' (include_path='.:/opt/cpanel/ea-php70/root/usr/share/pear') in /home/rayes/public_html/public/index.php on line 22
[07-Mar-2018 18:37:09 UTC] PHP Warning:  require(/home/rayes/public_html/public/../bootstrap/autoload.php): failed to open stream: No such file or directory in /home/rayes/public_html/public/index.php on line 22
[07-Mar-2018 18:37:09 UTC] PHP Fatal error:  require(): Failed opening required '/home/rayes/public_html/public/../bootstrap/autoload.php' (include_path='.:/opt/cpanel/ea-php70/root/usr/share/pear') in /home/rayes/public_html/public/index.php on line 22
[07-Mar-2018 18:37:24 UTC] PHP Warning:  require(/home/rayes/public_html/public/../bootstrap/autoload.php): failed to open stream: No such file or directory in /home/rayes/public_html/public/index.php on line 22
[07-Mar-2018 18:37:24 UTC] PHP Fatal error:  require(): Failed opening required '/home/rayes/public_html/public/../bootstrap/autoload.php' (include_path='.:/opt/cpanel/ea-php70/root/usr/share/pear') in /home/rayes/public_html/public/index.php on line 22
[07-Mar-2018 18:37:25 UTC] PHP Warning:  require(/home/rayes/public_html/public/../bootstrap/autoload.php): failed to open stream: No such file or directory in /home/rayes/public_html/public/index.php on line 22
[07-Mar-2018 18:37:25 UTC] PHP Fatal error:  require(): Failed opening required '/home/rayes/public_html/public/../bootstrap/autoload.php' (include_path='.:/opt/cpanel/ea-php70/root/usr/share/pear') in /home/rayes/public_html/public/index.php on line 22
[07-Mar-2018 18:37:44 UTC] PHP Warning:  require(/home/rayes/public_html/public/../bootstrap/autoload.php): failed to open stream: No such file or directory in /home/rayes/public_html/public/index.php on line 22
[07-Mar-2018 18:37:44 UTC] PHP Fatal error:  require(): Failed opening required '/home/rayes/public_html/public/../bootstrap/autoload.php' (include_path='.:/opt/cpanel/ea-php70/root/usr/share/pear') in /home/rayes/public_html/public/index.php on line 22
[07-Mar-2018 18:37:44 UTC] PHP Warning:  require(/home/rayes/public_html/public/../bootstrap/autoload.php): failed to open stream: No such file or directory in /home/rayes/public_html/public/index.php on line 22
[07-Mar-2018 18:37:44 UTC] PHP Fatal error:  require(): Failed opening required '/home/rayes/public_html/public/../bootstrap/autoload.php' (include_path='.:/opt/cpanel/ea-php70/root/usr/share/pear') in /home/rayes/public_html/public/index.php on line 22
[07-Mar-2018 18:38:20 UTC] PHP Warning:  require(/home/rayes/public_html/public/../bootstrap/autoload.php): failed to open stream: No such file or directory in /home/rayes/public_html/public/index.php on line 22
[07-Mar-2018 18:38:20 UTC] PHP Fatal error:  require(): Failed opening required '/home/rayes/public_html/public/../bootstrap/autoload.php' (include_path='.:/opt/cpanel/ea-php70/root/usr/share/pear') in /home/rayes/public_html/public/index.php on line 22
[07-Mar-2018 18:38:47 UTC] PHP Warning:  require(/home/rayes/public_html/public/../bootstrap/autoload.php): failed to open stream: No such file or directory in /home/rayes/public_html/public/index.php on line 22
[07-Mar-2018 18:38:47 UTC] PHP Fatal error:  require(): Failed opening required '/home/rayes/public_html/public/../bootstrap/autoload.php' (include_path='.:/opt/cpanel/ea-php70/root/usr/share/pear') in /home/rayes/public_html/public/index.php on line 22
[07-Mar-2018 18:39:01 UTC] PHP Warning:  require(/home/rayes/public_html/public/../bootstrap/autoload.php): failed to open stream: No such file or directory in /home/rayes/public_html/public/index.php on line 22
[07-Mar-2018 18:39:01 UTC] PHP Fatal error:  require(): Failed opening required '/home/rayes/public_html/public/../bootstrap/autoload.php' (include_path='.:/opt/cpanel/ea-php70/root/usr/share/pear') in /home/rayes/public_html/public/index.php on line 22
[07-Mar-2018 18:39:11 UTC] PHP Warning:  require(/home/rayes/public_html/public/../bootstrap/autoload.php): failed to open stream: No such file or directory in /home/rayes/public_html/public/index.php on line 22
[07-Mar-2018 18:39:11 UTC] PHP Fatal error:  require(): Failed opening required '/home/rayes/public_html/public/../bootstrap/autoload.php' (include_path='.:/opt/cpanel/ea-php70/root/usr/share/pear') in /home/rayes/public_html/public/index.php on line 22
[07-Mar-2018 18:39:12 UTC] PHP Warning:  require(/home/rayes/public_html/public/../bootstrap/autoload.php): failed to open stream: No such file or directory in /home/rayes/public_html/public/index.php on line 22
[07-Mar-2018 18:39:12 UTC] PHP Fatal error:  require(): Failed opening required '/home/rayes/public_html/public/../bootstrap/autoload.php' (include_path='.:/opt/cpanel/ea-php70/root/usr/share/pear') in /home/rayes/public_html/public/index.php on line 22
[07-Mar-2018 18:39:39 UTC] PHP Warning:  require(/home/rayes/public_html/public/../bootstrap/autoload.php): failed to open stream: No such file or directory in /home/rayes/public_html/public/index.php on line 22
[07-Mar-2018 18:39:39 UTC] PHP Fatal error:  require(): Failed opening required '/home/rayes/public_html/public/../bootstrap/autoload.php' (include_path='.:/opt/cpanel/ea-php70/root/usr/share/pear') in /home/rayes/public_html/public/index.php on line 22
[07-Mar-2018 18:39:39 UTC] PHP Warning:  require(/home/rayes/public_html/public/../bootstrap/autoload.php): failed to open stream: No such file or directory in /home/rayes/public_html/public/index.php on line 22
[07-Mar-2018 18:39:39 UTC] PHP Fatal error:  require(): Failed opening required '/home/rayes/public_html/public/../bootstrap/autoload.php' (include_path='.:/opt/cpanel/ea-php70/root/usr/share/pear') in /home/rayes/public_html/public/index.php on line 22
[07-Mar-2018 18:40:12 UTC] PHP Warning:  require(/home/rayes/public_html/public/../bootstrap/autoload.php): failed to open stream: No such file or directory in /home/rayes/public_html/public/index.php on line 22
[07-Mar-2018 18:40:12 UTC] PHP Fatal error:  require(): Failed opening required '/home/rayes/public_html/public/../bootstrap/autoload.php' (include_path='.:/opt/cpanel/ea-php70/root/usr/share/pear') in /home/rayes/public_html/public/index.php on line 22
[07-Mar-2018 18:40:14 UTC] PHP Warning:  require(/home/rayes/public_html/public/../bootstrap/autoload.php): failed to open stream: No such file or directory in /home/rayes/public_html/public/index.php on line 22
[07-Mar-2018 18:40:14 UTC] PHP Fatal error:  require(): Failed opening required '/home/rayes/public_html/public/../bootstrap/autoload.php' (include_path='.:/opt/cpanel/ea-php70/root/usr/share/pear') in /home/rayes/public_html/public/index.php on line 22
[07-Mar-2018 18:40:23 UTC] PHP Warning:  require(/home/rayes/public_html/public/../bootstrap/autoload.php): failed to open stream: No such file or directory in /home/rayes/public_html/public/index.php on line 22
[07-Mar-2018 18:40:23 UTC] PHP Fatal error:  require(): Failed opening required '/home/rayes/public_html/public/../bootstrap/autoload.php' (include_path='.:/opt/cpanel/ea-php70/root/usr/share/pear') in /home/rayes/public_html/public/index.php on line 22
[07-Mar-2018 18:40:30 UTC] PHP Warning:  require(/home/rayes/public_html/public/../bootstrap/autoload.php): failed to open stream: No such file or directory in /home/rayes/public_html/public/index.php on line 22
[07-Mar-2018 18:40:30 UTC] PHP Fatal error:  require(): Failed opening required '/home/rayes/public_html/public/../bootstrap/autoload.php' (include_path='.:/opt/cpanel/ea-php70/root/usr/share/pear') in /home/rayes/public_html/public/index.php on line 22
[07-Mar-2018 18:40:30 UTC] PHP Warning:  require(/home/rayes/public_html/public/../bootstrap/autoload.php): failed to open stream: No such file or directory in /home/rayes/public_html/public/index.php on line 22
[07-Mar-2018 18:40:30 UTC] PHP Fatal error:  require(): Failed opening required '/home/rayes/public_html/public/../bootstrap/autoload.php' (include_path='.:/opt/cpanel/ea-php70/root/usr/share/pear') in /home/rayes/public_html/public/index.php on line 22
[07-Mar-2018 18:40:33 UTC] PHP Warning:  require(/home/rayes/public_html/public/../bootstrap/autoload.php): failed to open stream: No such file or directory in /home/rayes/public_html/public/index.php on line 22
[07-Mar-2018 18:40:33 UTC] PHP Fatal error:  require(): Failed opening required '/home/rayes/public_html/public/../bootstrap/autoload.php' (include_path='.:/opt/cpanel/ea-php70/root/usr/share/pear') in /home/rayes/public_html/public/index.php on line 22
[07-Mar-2018 18:40:34 UTC] PHP Warning:  require(/home/rayes/public_html/public/../bootstrap/autoload.php): failed to open stream: No such file or directory in /home/rayes/public_html/public/index.php on line 22
[07-Mar-2018 18:40:34 UTC] PHP Fatal error:  require(): Failed opening required '/home/rayes/public_html/public/../bootstrap/autoload.php' (include_path='.:/opt/cpanel/ea-php70/root/usr/share/pear') in /home/rayes/public_html/public/index.php on line 22
[07-Mar-2018 18:41:11 UTC] PHP Warning:  require(/home/rayes/public_html/public/../bootstrap/autoload.php): failed to open stream: No such file or directory in /home/rayes/public_html/public/index.php on line 22
[07-Mar-2018 18:41:11 UTC] PHP Fatal error:  require(): Failed opening required '/home/rayes/public_html/public/../bootstrap/autoload.php' (include_path='.:/opt/cpanel/ea-php70/root/usr/share/pear') in /home/rayes/public_html/public/index.php on line 22
[07-Mar-2018 18:41:12 UTC] PHP Warning:  require(/home/rayes/public_html/public/../bootstrap/autoload.php): failed to open stream: No such file or directory in /home/rayes/public_html/public/index.php on line 22
[07-Mar-2018 18:41:12 UTC] PHP Fatal error:  require(): Failed opening required '/home/rayes/public_html/public/../bootstrap/autoload.php' (include_path='.:/opt/cpanel/ea-php70/root/usr/share/pear') in /home/rayes/public_html/public/index.php on line 22
[07-Mar-2018 18:41:21 UTC] PHP Warning:  require(/home/rayes/public_html/public/../bootstrap/autoload.php): failed to open stream: No such file or directory in /home/rayes/public_html/public/index.php on line 22
[07-Mar-2018 18:41:21 UTC] PHP Fatal error:  require(): Failed opening required '/home/rayes/public_html/public/../bootstrap/autoload.php' (include_path='.:/opt/cpanel/ea-php70/root/usr/share/pear') in /home/rayes/public_html/public/index.php on line 22
[07-Mar-2018 18:41:28 UTC] PHP Warning:  require(/home/rayes/public_html/public/../bootstrap/autoload.php): failed to open stream: No such file or directory in /home/rayes/public_html/public/index.php on line 22
[07-Mar-2018 18:41:28 UTC] PHP Fatal error:  require(): Failed opening required '/home/rayes/public_html/public/../bootstrap/autoload.php' (include_path='.:/opt/cpanel/ea-php70/root/usr/share/pear') in /home/rayes/public_html/public/index.php on line 22
[07-Mar-2018 18:41:46 UTC] PHP Warning:  require(/home/rayes/public_html/public/../bootstrap/autoload.php): failed to open stream: No such file or directory in /home/rayes/public_html/public/index.php on line 22
[07-Mar-2018 18:41:46 UTC] PHP Fatal error:  require(): Failed opening required '/home/rayes/public_html/public/../bootstrap/autoload.php' (include_path='.:/opt/cpanel/ea-php70/root/usr/share/pear') in /home/rayes/public_html/public/index.php on line 22
[07-Mar-2018 18:41:47 UTC] PHP Warning:  require(/home/rayes/public_html/public/../bootstrap/autoload.php): failed to open stream: No such file or directory in /home/rayes/public_html/public/index.php on line 22
[07-Mar-2018 18:41:47 UTC] PHP Fatal error:  require(): Failed opening required '/home/rayes/public_html/public/../bootstrap/autoload.php' (include_path='.:/opt/cpanel/ea-php70/root/usr/share/pear') in /home/rayes/public_html/public/index.php on line 22
[07-Mar-2018 18:41:57 UTC] PHP Warning:  require(/home/rayes/public_html/public/../bootstrap/autoload.php): failed to open stream: No such file or directory in /home/rayes/public_html/public/index.php on line 22
[07-Mar-2018 18:41:57 UTC] PHP Fatal error:  require(): Failed opening required '/home/rayes/public_html/public/../bootstrap/autoload.php' (include_path='.:/opt/cpanel/ea-php70/root/usr/share/pear') in /home/rayes/public_html/public/index.php on line 22
[07-Mar-2018 18:42:15 UTC] PHP Warning:  require(/home/rayes/public_html/public/../bootstrap/autoload.php): failed to open stream: No such file or directory in /home/rayes/public_html/public/index.php on line 22
[07-Mar-2018 18:42:15 UTC] PHP Fatal error:  require(): Failed opening required '/home/rayes/public_html/public/../bootstrap/autoload.php' (include_path='.:/opt/cpanel/ea-php70/root/usr/share/pear') in /home/rayes/public_html/public/index.php on line 22
[07-Mar-2018 18:42:16 UTC] PHP Warning:  require(/home/rayes/public_html/public/../bootstrap/autoload.php): failed to open stream: No such file or directory in /home/rayes/public_html/public/index.php on line 22
[07-Mar-2018 18:42:16 UTC] PHP Fatal error:  require(): Failed opening required '/home/rayes/public_html/public/../bootstrap/autoload.php' (include_path='.:/opt/cpanel/ea-php70/root/usr/share/pear') in /home/rayes/public_html/public/index.php on line 22
[07-Mar-2018 18:42:18 UTC] PHP Warning:  require(/home/rayes/public_html/public/../bootstrap/autoload.php): failed to open stream: No such file or directory in /home/rayes/public_html/public/index.php on line 22
[07-Mar-2018 18:42:18 UTC] PHP Fatal error:  require(): Failed opening required '/home/rayes/public_html/public/../bootstrap/autoload.php' (include_path='.:/opt/cpanel/ea-php70/root/usr/share/pear') in /home/rayes/public_html/public/index.php on line 22
[07-Mar-2018 18:43:20 UTC] PHP Warning:  require(/home/rayes/public_html/public/../bootstrap/autoload.php): failed to open stream: No such file or directory in /home/rayes/public_html/public/index.php on line 22
[07-Mar-2018 18:43:20 UTC] PHP Fatal error:  require(): Failed opening required '/home/rayes/public_html/public/../bootstrap/autoload.php' (include_path='.:/opt/cpanel/ea-php70/root/usr/share/pear') in /home/rayes/public_html/public/index.php on line 22
[07-Mar-2018 18:43:35 UTC] PHP Warning:  require(/home/rayes/public_html/public/../bootstrap/autoload.php): failed to open stream: No such file or directory in /home/rayes/public_html/public/index.php on line 22
[07-Mar-2018 18:43:35 UTC] PHP Fatal error:  require(): Failed opening required '/home/rayes/public_html/public/../bootstrap/autoload.php' (include_path='.:/opt/cpanel/ea-php70/root/usr/share/pear') in /home/rayes/public_html/public/index.php on line 22
[07-Mar-2018 18:43:42 UTC] PHP Warning:  require(/home/rayes/public_html/public/../bootstrap/autoload.php): failed to open stream: No such file or directory in /home/rayes/public_html/public/index.php on line 22
[07-Mar-2018 18:43:42 UTC] PHP Fatal error:  require(): Failed opening required '/home/rayes/public_html/public/../bootstrap/autoload.php' (include_path='.:/opt/cpanel/ea-php70/root/usr/share/pear') in /home/rayes/public_html/public/index.php on line 22
[07-Mar-2018 18:43:53 UTC] PHP Warning:  require(/home/rayes/public_html/public/../bootstrap/autoload.php): failed to open stream: No such file or directory in /home/rayes/public_html/public/index.php on line 22
[07-Mar-2018 18:43:53 UTC] PHP Fatal error:  require(): Failed opening required '/home/rayes/public_html/public/../bootstrap/autoload.php' (include_path='.:/opt/cpanel/ea-php70/root/usr/share/pear') in /home/rayes/public_html/public/index.php on line 22
[07-Mar-2018 18:43:57 UTC] PHP Warning:  require(/home/rayes/public_html/public/../bootstrap/autoload.php): failed to open stream: No such file or directory in /home/rayes/public_html/public/index.php on line 22
[07-Mar-2018 18:43:57 UTC] PHP Fatal error:  require(): Failed opening required '/home/rayes/public_html/public/../bootstrap/autoload.php' (include_path='.:/opt/cpanel/ea-php70/root/usr/share/pear') in /home/rayes/public_html/public/index.php on line 22
[07-Mar-2018 18:43:58 UTC] PHP Warning:  require(/home/rayes/public_html/public/../bootstrap/autoload.php): failed to open stream: No such file or directory in /home/rayes/public_html/public/index.php on line 22
[07-Mar-2018 18:43:58 UTC] PHP Fatal error:  require(): Failed opening required '/home/rayes/public_html/public/../bootstrap/autoload.php' (include_path='.:/opt/cpanel/ea-php70/root/usr/share/pear') in /home/rayes/public_html/public/index.php on line 22
[07-Mar-2018 18:43:59 UTC] PHP Warning:  require(/home/rayes/public_html/public/../bootstrap/autoload.php): failed to open stream: No such file or directory in /home/rayes/public_html/public/index.php on line 22
[07-Mar-2018 18:43:59 UTC] PHP Fatal error:  require(): Failed opening required '/home/rayes/public_html/public/../bootstrap/autoload.php' (include_path='.:/opt/cpanel/ea-php70/root/usr/share/pear') in /home/rayes/public_html/public/index.php on line 22
[07-Mar-2018 18:44:00 UTC] PHP Warning:  require(/home/rayes/public_html/public/../bootstrap/autoload.php): failed to open stream: No such file or directory in /home/rayes/public_html/public/index.php on line 22
[07-Mar-2018 18:44:00 UTC] PHP Fatal error:  require(): Failed opening required '/home/rayes/public_html/public/../bootstrap/autoload.php' (include_path='.:/opt/cpanel/ea-php70/root/usr/share/pear') in /home/rayes/public_html/public/index.php on line 22
[07-Mar-2018 18:44:00 UTC] PHP Warning:  require(/home/rayes/public_html/public/../bootstrap/autoload.php): failed to open stream: No such file or directory in /home/rayes/public_html/public/index.php on line 22
[07-Mar-2018 18:44:00 UTC] PHP Fatal error:  require(): Failed opening required '/home/rayes/public_html/public/../bootstrap/autoload.php' (include_path='.:/opt/cpanel/ea-php70/root/usr/share/pear') in /home/rayes/public_html/public/index.php on line 22
[07-Mar-2018 18:44:00 UTC] PHP Warning:  require(/home/rayes/public_html/public/../bootstrap/autoload.php): failed to open stream: No such file or directory in /home/rayes/public_html/public/index.php on line 22
[07-Mar-2018 18:44:00 UTC] PHP Fatal error:  require(): Failed opening required '/home/rayes/public_html/public/../bootstrap/autoload.php' (include_path='.:/opt/cpanel/ea-php70/root/usr/share/pear') in /home/rayes/public_html/public/index.php on line 22
[07-Mar-2018 18:44:00 UTC] PHP Warning:  require(/home/rayes/public_html/public/../bootstrap/autoload.php): failed to open stream: No such file or directory in /home/rayes/public_html/public/index.php on line 22
[07-Mar-2018 18:44:00 UTC] PHP Fatal error:  require(): Failed opening required '/home/rayes/public_html/public/../bootstrap/autoload.php' (include_path='.:/opt/cpanel/ea-php70/root/usr/share/pear') in /home/rayes/public_html/public/index.php on line 22
[07-Mar-2018 18:44:11 UTC] PHP Warning:  require(/home/rayes/public_html/public/../bootstrap/autoload.php): failed to open stream: No such file or directory in /home/rayes/public_html/public/index.php on line 22
[07-Mar-2018 18:44:11 UTC] PHP Fatal error:  require(): Failed opening required '/home/rayes/public_html/public/../bootstrap/autoload.php' (include_path='.:/opt/cpanel/ea-php70/root/usr/share/pear') in /home/rayes/public_html/public/index.php on line 22
[07-Mar-2018 18:44:31 UTC] PHP Warning:  require(/home/rayes/public_html/public/../bootstrap/autoload.php): failed to open stream: No such file or directory in /home/rayes/public_html/public/index.php on line 22
[07-Mar-2018 18:44:31 UTC] PHP Fatal error:  require(): Failed opening required '/home/rayes/public_html/public/../bootstrap/autoload.php' (include_path='.:/opt/cpanel/ea-php70/root/usr/share/pear') in /home/rayes/public_html/public/index.php on line 22
[07-Mar-2018 18:44:33 UTC] PHP Warning:  require(/home/rayes/public_html/public/../bootstrap/autoload.php): failed to open stream: No such file or directory in /home/rayes/public_html/public/index.php on line 22
[07-Mar-2018 18:44:33 UTC] PHP Fatal error:  require(): Failed opening required '/home/rayes/public_html/public/../bootstrap/autoload.php' (include_path='.:/opt/cpanel/ea-php70/root/usr/share/pear') in /home/rayes/public_html/public/index.php on line 22
[07-Mar-2018 18:44:34 UTC] PHP Warning:  require(/home/rayes/public_html/public/../bootstrap/autoload.php): failed to open stream: No such file or directory in /home/rayes/public_html/public/index.php on line 22
[07-Mar-2018 18:44:34 UTC] PHP Fatal error:  require(): Failed opening required '/home/rayes/public_html/public/../bootstrap/autoload.php' (include_path='.:/opt/cpanel/ea-php70/root/usr/share/pear') in /home/rayes/public_html/public/index.php on line 22
[07-Mar-2018 18:44:45 UTC] PHP Warning:  require(/home/rayes/public_html/public/../bootstrap/autoload.php): failed to open stream: No such file or directory in /home/rayes/public_html/public/index.php on line 22
[07-Mar-2018 18:44:45 UTC] PHP Fatal error:  require(): Failed opening required '/home/rayes/public_html/public/../bootstrap/autoload.php' (include_path='.:/opt/cpanel/ea-php70/root/usr/share/pear') in /home/rayes/public_html/public/index.php on line 22
[07-Mar-2018 18:44:58 UTC] PHP Warning:  require(/home/rayes/public_html/public/../bootstrap/autoload.php): failed to open stream: No such file or directory in /home/rayes/public_html/public/index.php on line 22
[07-Mar-2018 18:44:58 UTC] PHP Fatal error:  require(): Failed opening required '/home/rayes/public_html/public/../bootstrap/autoload.php' (include_path='.:/opt/cpanel/ea-php70/root/usr/share/pear') in /home/rayes/public_html/public/index.php on line 22
[07-Mar-2018 18:45:02 UTC] PHP Warning:  require(/home/rayes/public_html/public/../bootstrap/autoload.php): failed to open stream: No such file or directory in /home/rayes/public_html/public/index.php on line 22
[07-Mar-2018 18:45:02 UTC] PHP Fatal error:  require(): Failed opening required '/home/rayes/public_html/public/../bootstrap/autoload.php' (include_path='.:/opt/cpanel/ea-php70/root/usr/share/pear') in /home/rayes/public_html/public/index.php on line 22
[07-Mar-2018 18:45:52 UTC] PHP Warning:  require(/home/rayes/public_html/public/../bootstrap/autoload.php): failed to open stream: No such file or directory in /home/rayes/public_html/public/index.php on line 22
[07-Mar-2018 18:45:52 UTC] PHP Fatal error:  require(): Failed opening required '/home/rayes/public_html/public/../bootstrap/autoload.php' (include_path='.:/opt/cpanel/ea-php70/root/usr/share/pear') in /home/rayes/public_html/public/index.php on line 22
[07-Mar-2018 18:45:54 UTC] PHP Warning:  require(/home/rayes/public_html/public/../bootstrap/autoload.php): failed to open stream: No such file or directory in /home/rayes/public_html/public/index.php on line 22
[07-Mar-2018 18:45:54 UTC] PHP Fatal error:  require(): Failed opening required '/home/rayes/public_html/public/../bootstrap/autoload.php' (include_path='.:/opt/cpanel/ea-php70/root/usr/share/pear') in /home/rayes/public_html/public/index.php on line 22
[07-Mar-2018 18:46:09 UTC] PHP Warning:  require(/home/rayes/public_html/public/../bootstrap/autoload.php): failed to open stream: No such file or directory in /home/rayes/public_html/public/index.php on line 22
[07-Mar-2018 18:46:09 UTC] PHP Fatal error:  require(): Failed opening required '/home/rayes/public_html/public/../bootstrap/autoload.php' (include_path='.:/opt/cpanel/ea-php70/root/usr/share/pear') in /home/rayes/public_html/public/index.php on line 22
[07-Mar-2018 18:46:11 UTC] PHP Warning:  require(/home/rayes/public_html/public/../bootstrap/autoload.php): failed to open stream: No such file or directory in /home/rayes/public_html/public/index.php on line 22
[07-Mar-2018 18:46:11 UTC] PHP Fatal error:  require(): Failed opening required '/home/rayes/public_html/public/../bootstrap/autoload.php' (include_path='.:/opt/cpanel/ea-php70/root/usr/share/pear') in /home/rayes/public_html/public/index.php on line 22
[07-Mar-2018 18:46:13 UTC] PHP Warning:  require(/home/rayes/public_html/public/../bootstrap/autoload.php): failed to open stream: No such file or directory in /home/rayes/public_html/public/index.php on line 22
[07-Mar-2018 18:46:13 UTC] PHP Fatal error:  require(): Failed opening required '/home/rayes/public_html/public/../bootstrap/autoload.php' (include_path='.:/opt/cpanel/ea-php70/root/usr/share/pear') in /home/rayes/public_html/public/index.php on line 22
[07-Mar-2018 18:46:25 UTC] PHP Warning:  require(/home/rayes/public_html/public/../bootstrap/autoload.php): failed to open stream: No such file or directory in /home/rayes/public_html/public/index.php on line 22
[07-Mar-2018 18:46:25 UTC] PHP Fatal error:  require(): Failed opening required '/home/rayes/public_html/public/../bootstrap/autoload.php' (include_path='.:/opt/cpanel/ea-php70/root/usr/share/pear') in /home/rayes/public_html/public/index.php on line 22
[07-Mar-2018 18:46:25 UTC] PHP Warning:  require(/home/rayes/public_html/public/../bootstrap/autoload.php): failed to open stream: No such file or directory in /home/rayes/public_html/public/index.php on line 22
[07-Mar-2018 18:46:25 UTC] PHP Fatal error:  require(): Failed opening required '/home/rayes/public_html/public/../bootstrap/autoload.php' (include_path='.:/opt/cpanel/ea-php70/root/usr/share/pear') in /home/rayes/public_html/public/index.php on line 22
[07-Mar-2018 18:47:06 UTC] PHP Warning:  require(/home/rayes/public_html/public/../bootstrap/autoload.php): failed to open stream: No such file or directory in /home/rayes/public_html/public/index.php on line 22
[07-Mar-2018 18:47:06 UTC] PHP Fatal error:  require(): Failed opening required '/home/rayes/public_html/public/../bootstrap/autoload.php' (include_path='.:/opt/cpanel/ea-php70/root/usr/share/pear') in /home/rayes/public_html/public/index.php on line 22
[07-Mar-2018 18:47:24 UTC] PHP Warning:  require(/home/rayes/public_html/public/../bootstrap/autoload.php): failed to open stream: No such file or directory in /home/rayes/public_html/public/index.php on line 22
[07-Mar-2018 18:47:24 UTC] PHP Fatal error:  require(): Failed opening required '/home/rayes/public_html/public/../bootstrap/autoload.php' (include_path='.:/opt/cpanel/ea-php70/root/usr/share/pear') in /home/rayes/public_html/public/index.php on line 22
[07-Mar-2018 18:47:24 UTC] PHP Warning:  require(/home/rayes/public_html/public/../bootstrap/autoload.php): failed to open stream: No such file or directory in /home/rayes/public_html/public/index.php on line 22
[07-Mar-2018 18:47:24 UTC] PHP Fatal error:  require(): Failed opening required '/home/rayes/public_html/public/../bootstrap/autoload.php' (include_path='.:/opt/cpanel/ea-php70/root/usr/share/pear') in /home/rayes/public_html/public/index.php on line 22
[07-Mar-2018 18:48:45 UTC] PHP Warning:  require(/home/rayes/public_html/public/../bootstrap/autoload.php): failed to open stream: No such file or directory in /home/rayes/public_html/public/index.php on line 22
[07-Mar-2018 18:48:45 UTC] PHP Fatal error:  require(): Failed opening required '/home/rayes/public_html/public/../bootstrap/autoload.php' (include_path='.:/opt/cpanel/ea-php70/root/usr/share/pear') in /home/rayes/public_html/public/index.php on line 22
[07-Mar-2018 18:49:10 UTC] PHP Warning:  require(/home/rayes/public_html/public/../bootstrap/autoload.php): failed to open stream: No such file or directory in /home/rayes/public_html/public/index.php on line 22
[07-Mar-2018 18:49:10 UTC] PHP Fatal error:  require(): Failed opening required '/home/rayes/public_html/public/../bootstrap/autoload.php' (include_path='.:/opt/cpanel/ea-php70/root/usr/share/pear') in /home/rayes/public_html/public/index.php on line 22
[07-Mar-2018 18:49:10 UTC] PHP Warning:  require(/home/rayes/public_html/public/../bootstrap/autoload.php): failed to open stream: No such file or directory in /home/rayes/public_html/public/index.php on line 22
[07-Mar-2018 18:49:10 UTC] PHP Fatal error:  require(): Failed opening required '/home/rayes/public_html/public/../bootstrap/autoload.php' (include_path='.:/opt/cpanel/ea-php70/root/usr/share/pear') in /home/rayes/public_html/public/index.php on line 22
[07-Mar-2018 18:49:32 UTC] PHP Warning:  require(/home/rayes/public_html/public/../bootstrap/autoload.php): failed to open stream: No such file or directory in /home/rayes/public_html/public/index.php on line 22
[07-Mar-2018 18:49:32 UTC] PHP Fatal error:  require(): Failed opening required '/home/rayes/public_html/public/../bootstrap/autoload.php' (include_path='.:/opt/cpanel/ea-php70/root/usr/share/pear') in /home/rayes/public_html/public/index.php on line 22
[07-Mar-2018 18:49:42 UTC] PHP Warning:  require(/home/rayes/public_html/public/../bootstrap/autoload.php): failed to open stream: No such file or directory in /home/rayes/public_html/public/index.php on line 22
[07-Mar-2018 18:49:42 UTC] PHP Fatal error:  require(): Failed opening required '/home/rayes/public_html/public/../bootstrap/autoload.php' (include_path='.:/opt/cpanel/ea-php70/root/usr/share/pear') in /home/rayes/public_html/public/index.php on line 22
[07-Mar-2018 18:49:42 UTC] PHP Warning:  require(/home/rayes/public_html/public/../bootstrap/autoload.php): failed to open stream: No such file or directory in /home/rayes/public_html/public/index.php on line 22
[07-Mar-2018 18:49:42 UTC] PHP Fatal error:  require(): Failed opening required '/home/rayes/public_html/public/../bootstrap/autoload.php' (include_path='.:/opt/cpanel/ea-php70/root/usr/share/pear') in /home/rayes/public_html/public/index.php on line 22
[07-Mar-2018 18:49:48 UTC] PHP Warning:  require(/home/rayes/public_html/public/../bootstrap/autoload.php): failed to open stream: No such file or directory in /home/rayes/public_html/public/index.php on line 22
[07-Mar-2018 18:49:48 UTC] PHP Fatal error:  require(): Failed opening required '/home/rayes/public_html/public/../bootstrap/autoload.php' (include_path='.:/opt/cpanel/ea-php70/root/usr/share/pear') in /home/rayes/public_html/public/index.php on line 22
[07-Mar-2018 18:50:18 UTC] PHP Warning:  require(/home/rayes/public_html/public/../bootstrap/autoload.php): failed to open stream: No such file or directory in /home/rayes/public_html/public/index.php on line 22
[07-Mar-2018 18:50:18 UTC] PHP Fatal error:  require(): Failed opening required '/home/rayes/public_html/public/../bootstrap/autoload.php' (include_path='.:/opt/cpanel/ea-php70/root/usr/share/pear') in /home/rayes/public_html/public/index.php on line 22
[07-Mar-2018 18:50:43 UTC] PHP Warning:  require(/home/rayes/public_html/public/../bootstrap/autoload.php): failed to open stream: No such file or directory in /home/rayes/public_html/public/index.php on line 22
[07-Mar-2018 18:50:43 UTC] PHP Fatal error:  require(): Failed opening required '/home/rayes/public_html/public/../bootstrap/autoload.php' (include_path='.:/opt/cpanel/ea-php70/root/usr/share/pear') in /home/rayes/public_html/public/index.php on line 22
[07-Mar-2018 18:50:50 UTC] PHP Warning:  require(/home/rayes/public_html/public/../bootstrap/autoload.php): failed to open stream: No such file or directory in /home/rayes/public_html/public/index.php on line 22
[07-Mar-2018 18:50:50 UTC] PHP Fatal error:  require(): Failed opening required '/home/rayes/public_html/public/../bootstrap/autoload.php' (include_path='.:/opt/cpanel/ea-php70/root/usr/share/pear') in /home/rayes/public_html/public/index.php on line 22
[07-Mar-2018 18:50:53 UTC] PHP Warning:  require(/home/rayes/public_html/public/../bootstrap/autoload.php): failed to open stream: No such file or directory in /home/rayes/public_html/public/index.php on line 22
[07-Mar-2018 18:50:53 UTC] PHP Fatal error:  require(): Failed opening required '/home/rayes/public_html/public/../bootstrap/autoload.php' (include_path='.:/opt/cpanel/ea-php70/root/usr/share/pear') in /home/rayes/public_html/public/index.php on line 22
[07-Mar-2018 18:50:54 UTC] PHP Warning:  require(/home/rayes/public_html/public/../bootstrap/autoload.php): failed to open stream: No such file or directory in /home/rayes/public_html/public/index.php on line 22
[07-Mar-2018 18:50:54 UTC] PHP Fatal error:  require(): Failed opening required '/home/rayes/public_html/public/../bootstrap/autoload.php' (include_path='.:/opt/cpanel/ea-php70/root/usr/share/pear') in /home/rayes/public_html/public/index.php on line 22
[07-Mar-2018 18:51:00 UTC] PHP Warning:  require(/home/rayes/public_html/public/../bootstrap/autoload.php): failed to open stream: No such file or directory in /home/rayes/public_html/public/index.php on line 22
[07-Mar-2018 18:51:00 UTC] PHP Fatal error:  require(): Failed opening required '/home/rayes/public_html/public/../bootstrap/autoload.php' (include_path='.:/opt/cpanel/ea-php70/root/usr/share/pear') in /home/rayes/public_html/public/index.php on line 22
[07-Mar-2018 18:51:00 UTC] PHP Warning:  require(/home/rayes/public_html/public/../bootstrap/autoload.php): failed to open stream: No such file or directory in /home/rayes/public_html/public/index.php on line 22
[07-Mar-2018 18:51:00 UTC] PHP Fatal error:  require(): Failed opening required '/home/rayes/public_html/public/../bootstrap/autoload.php' (include_path='.:/opt/cpanel/ea-php70/root/usr/share/pear') in /home/rayes/public_html/public/index.php on line 22
[07-Mar-2018 18:51:37 UTC] PHP Warning:  require(/home/rayes/public_html/public/../bootstrap/autoload.php): failed to open stream: No such file or directory in /home/rayes/public_html/public/index.php on line 22
[07-Mar-2018 18:51:37 UTC] PHP Fatal error:  require(): Failed opening required '/home/rayes/public_html/public/../bootstrap/autoload.php' (include_path='.:/opt/cpanel/ea-php70/root/usr/share/pear') in /home/rayes/public_html/public/index.php on line 22
[07-Mar-2018 18:51:38 UTC] PHP Warning:  require(/home/rayes/public_html/public/../bootstrap/autoload.php): failed to open stream: No such file or directory in /home/rayes/public_html/public/index.php on line 22
[07-Mar-2018 18:51:38 UTC] PHP Fatal error:  require(): Failed opening required '/home/rayes/public_html/public/../bootstrap/autoload.php' (include_path='.:/opt/cpanel/ea-php70/root/usr/share/pear') in /home/rayes/public_html/public/index.php on line 22
[07-Mar-2018 18:51:42 UTC] PHP Warning:  require(/home/rayes/public_html/public/../bootstrap/autoload.php): failed to open stream: No such file or directory in /home/rayes/public_html/public/index.php on line 22
[07-Mar-2018 18:51:42 UTC] PHP Fatal error:  require(): Failed opening required '/home/rayes/public_html/public/../bootstrap/autoload.php' (include_path='.:/opt/cpanel/ea-php70/root/usr/share/pear') in /home/rayes/public_html/public/index.php on line 22
[07-Mar-2018 18:51:51 UTC] PHP Warning:  require(/home/rayes/public_html/public/../bootstrap/autoload.php): failed to open stream: No such file or directory in /home/rayes/public_html/public/index.php on line 22
[07-Mar-2018 18:51:51 UTC] PHP Fatal error:  require(): Failed opening required '/home/rayes/public_html/public/../bootstrap/autoload.php' (include_path='.:/opt/cpanel/ea-php70/root/usr/share/pear') in /home/rayes/public_html/public/index.php on line 22
[07-Mar-2018 18:51:54 UTC] PHP Warning:  require(/home/rayes/public_html/public/../bootstrap/autoload.php): failed to open stream: No such file or directory in /home/rayes/public_html/public/index.php on line 22
[07-Mar-2018 18:51:54 UTC] PHP Fatal error:  require(): Failed opening required '/home/rayes/public_html/public/../bootstrap/autoload.php' (include_path='.:/opt/cpanel/ea-php70/root/usr/share/pear') in /home/rayes/public_html/public/index.php on line 22
[07-Mar-2018 18:52:02 UTC] PHP Warning:  require(/home/rayes/public_html/public/../bootstrap/autoload.php): failed to open stream: No such file or directory in /home/rayes/public_html/public/index.php on line 22
[07-Mar-2018 18:52:02 UTC] PHP Fatal error:  require(): Failed opening required '/home/rayes/public_html/public/../bootstrap/autoload.php' (include_path='.:/opt/cpanel/ea-php70/root/usr/share/pear') in /home/rayes/public_html/public/index.php on line 22
[07-Mar-2018 18:52:06 UTC] PHP Warning:  require(/home/rayes/public_html/public/../bootstrap/autoload.php): failed to open stream: No such file or directory in /home/rayes/public_html/public/index.php on line 22
[07-Mar-2018 18:52:06 UTC] PHP Fatal error:  require(): Failed opening required '/home/rayes/public_html/public/../bootstrap/autoload.php' (include_path='.:/opt/cpanel/ea-php70/root/usr/share/pear') in /home/rayes/public_html/public/index.php on line 22
[07-Mar-2018 18:52:32 UTC] PHP Warning:  require(/home/rayes/public_html/public/../bootstrap/autoload.php): failed to open stream: No such file or directory in /home/rayes/public_html/public/index.php on line 22
[07-Mar-2018 18:52:32 UTC] PHP Fatal error:  require(): Failed opening required '/home/rayes/public_html/public/../bootstrap/autoload.php' (include_path='.:/opt/cpanel/ea-php70/root/usr/share/pear') in /home/rayes/public_html/public/index.php on line 22
[07-Mar-2018 18:52:33 UTC] PHP Warning:  require(/home/rayes/public_html/public/../bootstrap/autoload.php): failed to open stream: No such file or directory in /home/rayes/public_html/public/index.php on line 22
[07-Mar-2018 18:52:33 UTC] PHP Fatal error:  require(): Failed opening required '/home/rayes/public_html/public/../bootstrap/autoload.php' (include_path='.:/opt/cpanel/ea-php70/root/usr/share/pear') in /home/rayes/public_html/public/index.php on line 22
[07-Mar-2018 18:52:35 UTC] PHP Warning:  require(/home/rayes/public_html/public/../bootstrap/autoload.php): failed to open stream: No such file or directory in /home/rayes/public_html/public/index.php on line 22
[07-Mar-2018 18:52:35 UTC] PHP Fatal error:  require(): Failed opening required '/home/rayes/public_html/public/../bootstrap/autoload.php' (include_path='.:/opt/cpanel/ea-php70/root/usr/share/pear') in /home/rayes/public_html/public/index.php on line 22
[07-Mar-2018 18:52:46 UTC] PHP Warning:  require(/home/rayes/public_html/public/../bootstrap/autoload.php): failed to open stream: No such file or directory in /home/rayes/public_html/public/index.php on line 22
[07-Mar-2018 18:52:46 UTC] PHP Fatal error:  require(): Failed opening required '/home/rayes/public_html/public/../bootstrap/autoload.php' (include_path='.:/opt/cpanel/ea-php70/root/usr/share/pear') in /home/rayes/public_html/public/index.php on line 22
[07-Mar-2018 18:52:56 UTC] PHP Warning:  require(/home/rayes/public_html/public/../bootstrap/autoload.php): failed to open stream: No such file or directory in /home/rayes/public_html/public/index.php on line 22
[07-Mar-2018 18:52:56 UTC] PHP Fatal error:  require(): Failed opening required '/home/rayes/public_html/public/../bootstrap/autoload.php' (include_path='.:/opt/cpanel/ea-php70/root/usr/share/pear') in /home/rayes/public_html/public/index.php on line 22
[07-Mar-2018 18:53:51 UTC] PHP Warning:  require(/home/rayes/public_html/public/../bootstrap/autoload.php): failed to open stream: No such file or directory in /home/rayes/public_html/public/index.php on line 22
[07-Mar-2018 18:53:51 UTC] PHP Fatal error:  require(): Failed opening required '/home/rayes/public_html/public/../bootstrap/autoload.php' (include_path='.:/opt/cpanel/ea-php70/root/usr/share/pear') in /home/rayes/public_html/public/index.php on line 22
[07-Mar-2018 18:53:53 UTC] PHP Warning:  require(/home/rayes/public_html/public/../bootstrap/autoload.php): failed to open stream: No such file or directory in /home/rayes/public_html/public/index.php on line 22
[07-Mar-2018 18:53:53 UTC] PHP Fatal error:  require(): Failed opening required '/home/rayes/public_html/public/../bootstrap/autoload.php' (include_path='.:/opt/cpanel/ea-php70/root/usr/share/pear') in /home/rayes/public_html/public/index.php on line 22
[07-Mar-2018 18:54:10 UTC] PHP Warning:  require(/home/rayes/public_html/public/../bootstrap/autoload.php): failed to open stream: No such file or directory in /home/rayes/public_html/public/index.php on line 22
[07-Mar-2018 18:54:10 UTC] PHP Fatal error:  require(): Failed opening required '/home/rayes/public_html/public/../bootstrap/autoload.php' (include_path='.:/opt/cpanel/ea-php70/root/usr/share/pear') in /home/rayes/public_html/public/index.php on line 22
[07-Mar-2018 18:54:21 UTC] PHP Warning:  require(/home/rayes/public_html/public/../bootstrap/autoload.php): failed to open stream: No such file or directory in /home/rayes/public_html/public/index.php on line 22
[07-Mar-2018 18:54:21 UTC] PHP Fatal error:  require(): Failed opening required '/home/rayes/public_html/public/../bootstrap/autoload.php' (include_path='.:/opt/cpanel/ea-php70/root/usr/share/pear') in /home/rayes/public_html/public/index.php on line 22
[07-Mar-2018 18:55:04 UTC] PHP Warning:  require(/home/rayes/public_html/public/../bootstrap/autoload.php): failed to open stream: No such file or directory in /home/rayes/public_html/public/index.php on line 22
[07-Mar-2018 18:55:04 UTC] PHP Fatal error:  require(): Failed opening required '/home/rayes/public_html/public/../bootstrap/autoload.php' (include_path='.:/opt/cpanel/ea-php70/root/usr/share/pear') in /home/rayes/public_html/public/index.php on line 22
[07-Mar-2018 18:55:09 UTC] PHP Warning:  require(/home/rayes/public_html/public/../bootstrap/autoload.php): failed to open stream: No such file or directory in /home/rayes/public_html/public/index.php on line 22
[07-Mar-2018 18:55:09 UTC] PHP Fatal error:  require(): Failed opening required '/home/rayes/public_html/public/../bootstrap/autoload.php' (include_path='.:/opt/cpanel/ea-php70/root/usr/share/pear') in /home/rayes/public_html/public/index.php on line 22
[07-Mar-2018 18:55:20 UTC] PHP Warning:  require(/home/rayes/public_html/public/../bootstrap/autoload.php): failed to open stream: No such file or directory in /home/rayes/public_html/public/index.php on line 22
[07-Mar-2018 18:55:20 UTC] PHP Fatal error:  require(): Failed opening required '/home/rayes/public_html/public/../bootstrap/autoload.php' (include_path='.:/opt/cpanel/ea-php70/root/usr/share/pear') in /home/rayes/public_html/public/index.php on line 22
[07-Mar-2018 18:55:26 UTC] PHP Warning:  require(/home/rayes/public_html/public/../bootstrap/autoload.php): failed to open stream: No such file or directory in /home/rayes/public_html/public/index.php on line 22
[07-Mar-2018 18:55:26 UTC] PHP Fatal error:  require(): Failed opening required '/home/rayes/public_html/public/../bootstrap/autoload.php' (include_path='.:/opt/cpanel/ea-php70/root/usr/share/pear') in /home/rayes/public_html/public/index.php on line 22
[07-Mar-2018 18:55:48 UTC] PHP Warning:  require(/home/rayes/public_html/public/../bootstrap/autoload.php): failed to open stream: No such file or directory in /home/rayes/public_html/public/index.php on line 22
[07-Mar-2018 18:55:48 UTC] PHP Fatal error:  require(): Failed opening required '/home/rayes/public_html/public/../bootstrap/autoload.php' (include_path='.:/opt/cpanel/ea-php70/root/usr/share/pear') in /home/rayes/public_html/public/index.php on line 22
[07-Mar-2018 18:55:51 UTC] PHP Warning:  require(/home/rayes/public_html/public/../bootstrap/autoload.php): failed to open stream: No such file or directory in /home/rayes/public_html/public/index.php on line 22
[07-Mar-2018 18:55:51 UTC] PHP Fatal error:  require(): Failed opening required '/home/rayes/public_html/public/../bootstrap/autoload.php' (include_path='.:/opt/cpanel/ea-php70/root/usr/share/pear') in /home/rayes/public_html/public/index.php on line 22
[07-Mar-2018 18:55:59 UTC] PHP Warning:  require(/home/rayes/public_html/public/../bootstrap/autoload.php): failed to open stream: No such file or directory in /home/rayes/public_html/public/index.php on line 22
[07-Mar-2018 18:55:59 UTC] PHP Fatal error:  require(): Failed opening required '/home/rayes/public_html/public/../bootstrap/autoload.php' (include_path='.:/opt/cpanel/ea-php70/root/usr/share/pear') in /home/rayes/public_html/public/index.php on line 22
[07-Mar-2018 18:56:19 UTC] PHP Warning:  require(/home/rayes/public_html/public/../bootstrap/autoload.php): failed to open stream: No such file or directory in /home/rayes/public_html/public/index.php on line 22
[07-Mar-2018 18:56:19 UTC] PHP Fatal error:  require(): Failed opening required '/home/rayes/public_html/public/../bootstrap/autoload.php' (include_path='.:/opt/cpanel/ea-php70/root/usr/share/pear') in /home/rayes/public_html/public/index.php on line 22
[07-Mar-2018 18:57:48 UTC] PHP Warning:  require(/home/rayes/public_html/public/../bootstrap/autoload.php): failed to open stream: No such file or directory in /home/rayes/public_html/public/index.php on line 22
[07-Mar-2018 18:57:48 UTC] PHP Fatal error:  require(): Failed opening required '/home/rayes/public_html/public/../bootstrap/autoload.php' (include_path='.:/opt/cpanel/ea-php70/root/usr/share/pear') in /home/rayes/public_html/public/index.php on line 22
[07-Mar-2018 18:59:21 UTC] PHP Warning:  require(/home/rayes/public_html/public/../bootstrap/autoload.php): failed to open stream: No such file or directory in /home/rayes/public_html/public/index.php on line 22
[07-Mar-2018 18:59:21 UTC] PHP Fatal error:  require(): Failed opening required '/home/rayes/public_html/public/../bootstrap/autoload.php' (include_path='.:/opt/cpanel/ea-php70/root/usr/share/pear') in /home/rayes/public_html/public/index.php on line 22
[07-Mar-2018 18:59:57 UTC] PHP Warning:  require(/home/rayes/public_html/public/../bootstrap/autoload.php): failed to open stream: No such file or directory in /home/rayes/public_html/public/index.php on line 22
[07-Mar-2018 18:59:57 UTC] PHP Fatal error:  require(): Failed opening required '/home/rayes/public_html/public/../bootstrap/autoload.php' (include_path='.:/opt/cpanel/ea-php70/root/usr/share/pear') in /home/rayes/public_html/public/index.php on line 22
[07-Mar-2018 19:00:07 UTC] PHP Warning:  require(/home/rayes/public_html/public/../bootstrap/autoload.php): failed to open stream: No such file or directory in /home/rayes/public_html/public/index.php on line 22
[07-Mar-2018 19:00:07 UTC] PHP Fatal error:  require(): Failed opening required '/home/rayes/public_html/public/../bootstrap/autoload.php' (include_path='.:/opt/cpanel/ea-php70/root/usr/share/pear') in /home/rayes/public_html/public/index.php on line 22
[07-Mar-2018 19:00:55 UTC] PHP Warning:  require(/home/rayes/public_html/public/../bootstrap/autoload.php): failed to open stream: No such file or directory in /home/rayes/public_html/public/index.php on line 22
[07-Mar-2018 19:00:55 UTC] PHP Fatal error:  require(): Failed opening required '/home/rayes/public_html/public/../bootstrap/autoload.php' (include_path='.:/opt/cpanel/ea-php70/root/usr/share/pear') in /home/rayes/public_html/public/index.php on line 22
[07-Mar-2018 19:01:39 UTC] PHP Warning:  require(/home/rayes/public_html/public/../bootstrap/autoload.php): failed to open stream: No such file or directory in /home/rayes/public_html/public/index.php on line 22
[07-Mar-2018 19:01:39 UTC] PHP Fatal error:  require(): Failed opening required '/home/rayes/public_html/public/../bootstrap/autoload.php' (include_path='.:/opt/cpanel/ea-php70/root/usr/share/pear') in /home/rayes/public_html/public/index.php on line 22
[07-Mar-2018 19:01:41 UTC] PHP Warning:  require(/home/rayes/public_html/public/../bootstrap/autoload.php): failed to open stream: No such file or directory in /home/rayes/public_html/public/index.php on line 22
[07-Mar-2018 19:01:41 UTC] PHP Fatal error:  require(): Failed opening required '/home/rayes/public_html/public/../bootstrap/autoload.php' (include_path='.:/opt/cpanel/ea-php70/root/usr/share/pear') in /home/rayes/public_html/public/index.php on line 22
[07-Mar-2018 19:02:23 UTC] PHP Warning:  require(/home/rayes/public_html/public/../bootstrap/autoload.php): failed to open stream: No such file or directory in /home/rayes/public_html/public/index.php on line 22
[07-Mar-2018 19:02:23 UTC] PHP Fatal error:  require(): Failed opening required '/home/rayes/public_html/public/../bootstrap/autoload.php' (include_path='.:/opt/cpanel/ea-php70/root/usr/share/pear') in /home/rayes/public_html/public/index.php on line 22
[07-Mar-2018 19:02:25 UTC] PHP Warning:  require(/home/rayes/public_html/public/../bootstrap/autoload.php): failed to open stream: No such file or directory in /home/rayes/public_html/public/index.php on line 22
[07-Mar-2018 19:02:25 UTC] PHP Fatal error:  require(): Failed opening required '/home/rayes/public_html/public/../bootstrap/autoload.php' (include_path='.:/opt/cpanel/ea-php70/root/usr/share/pear') in /home/rayes/public_html/public/index.php on line 22
[07-Mar-2018 19:02:26 UTC] PHP Warning:  require(/home/rayes/public_html/public/../bootstrap/autoload.php): failed to open stream: No such file or directory in /home/rayes/public_html/public/index.php on line 22
[07-Mar-2018 19:02:26 UTC] PHP Fatal error:  require(): Failed opening required '/home/rayes/public_html/public/../bootstrap/autoload.php' (include_path='.:/opt/cpanel/ea-php70/root/usr/share/pear') in /home/rayes/public_html/public/index.php on line 22
[07-Mar-2018 19:02:28 UTC] PHP Warning:  require(/home/rayes/public_html/public/../bootstrap/autoload.php): failed to open stream: No such file or directory in /home/rayes/public_html/public/index.php on line 22
[07-Mar-2018 19:02:28 UTC] PHP Fatal error:  require(): Failed opening required '/home/rayes/public_html/public/../bootstrap/autoload.php' (include_path='.:/opt/cpanel/ea-php70/root/usr/share/pear') in /home/rayes/public_html/public/index.php on line 22
[07-Mar-2018 19:02:28 UTC] PHP Warning:  require(/home/rayes/public_html/public/../bootstrap/autoload.php): failed to open stream: No such file or directory in /home/rayes/public_html/public/index.php on line 22
[07-Mar-2018 19:02:28 UTC] PHP Fatal error:  require(): Failed opening required '/home/rayes/public_html/public/../bootstrap/autoload.php' (include_path='.:/opt/cpanel/ea-php70/root/usr/share/pear') in /home/rayes/public_html/public/index.php on line 22
[07-Mar-2018 19:02:28 UTC] PHP Warning:  require(/home/rayes/public_html/public/../bootstrap/autoload.php): failed to open stream: No such file or directory in /home/rayes/public_html/public/index.php on line 22
[07-Mar-2018 19:02:28 UTC] PHP Fatal error:  require(): Failed opening required '/home/rayes/public_html/public/../bootstrap/autoload.php' (include_path='.:/opt/cpanel/ea-php70/root/usr/share/pear') in /home/rayes/public_html/public/index.php on line 22
[07-Mar-2018 19:02:28 UTC] PHP Warning:  require(/home/rayes/public_html/public/../bootstrap/autoload.php): failed to open stream: No such file or directory in /home/rayes/public_html/public/index.php on line 22
[07-Mar-2018 19:02:28 UTC] PHP Fatal error:  require(): Failed opening required '/home/rayes/public_html/public/../bootstrap/autoload.php' (include_path='.:/opt/cpanel/ea-php70/root/usr/share/pear') in /home/rayes/public_html/public/index.php on line 22
[07-Mar-2018 19:02:29 UTC] PHP Warning:  require(/home/rayes/public_html/public/../bootstrap/autoload.php): failed to open stream: No such file or directory in /home/rayes/public_html/public/index.php on line 22
[07-Mar-2018 19:02:29 UTC] PHP Fatal error:  require(): Failed opening required '/home/rayes/public_html/public/../bootstrap/autoload.php' (include_path='.:/opt/cpanel/ea-php70/root/usr/share/pear') in /home/rayes/public_html/public/index.php on line 22
[07-Mar-2018 19:03:07 UTC] PHP Warning:  require(/home/rayes/public_html/public/../bootstrap/autoload.php): failed to open stream: No such file or directory in /home/rayes/public_html/public/index.php on line 22
[07-Mar-2018 19:03:07 UTC] PHP Fatal error:  require(): Failed opening required '/home/rayes/public_html/public/../bootstrap/autoload.php' (include_path='.:/opt/cpanel/ea-php70/root/usr/share/pear') in /home/rayes/public_html/public/index.php on line 22
[07-Mar-2018 19:03:52 UTC] PHP Warning:  require(/home/rayes/public_html/public/../bootstrap/autoload.php): failed to open stream: No such file or directory in /home/rayes/public_html/public/index.php on line 22
[07-Mar-2018 19:03:52 UTC] PHP Fatal error:  require(): Failed opening required '/home/rayes/public_html/public/../bootstrap/autoload.php' (include_path='.:/opt/cpanel/ea-php70/root/usr/share/pear') in /home/rayes/public_html/public/index.php on line 22
[07-Mar-2018 19:03:53 UTC] PHP Warning:  require(/home/rayes/public_html/public/../bootstrap/autoload.php): failed to open stream: No such file or directory in /home/rayes/public_html/public/index.php on line 22
[07-Mar-2018 19:03:53 UTC] PHP Fatal error:  require(): Failed opening required '/home/rayes/public_html/public/../bootstrap/autoload.php' (include_path='.:/opt/cpanel/ea-php70/root/usr/share/pear') in /home/rayes/public_html/public/index.php on line 22
[08-Mar-2018 14:50:31 UTC] PHP Fatal error:  Cannot use Carbon\Carbon as Carbon because the name is already in use in /home/rayes/public_html/app/Question.php on line 7
[08-Mar-2018 14:52:19 UTC] PHP Fatal error:  Cannot use Carbon\Carbon as Carbon because the name is already in use in /home/rayes/public_html/app/Question.php on line 7
[08-Mar-2018 15:27:42 UTC] PHP Fatal error:  Cannot use Carbon\Carbon as Carbon because the name is already in use in /home/rayes/public_html/app/Question.php on line 7
[08-Mar-2018 16:44:14 UTC] PHP Parse error:  syntax error, unexpected '<<' (T_SL), expecting end of file in /home/rayes/public_html/vendor/autoload.php on line 5
[08-Mar-2018 16:44:19 UTC] PHP Parse error:  syntax error, unexpected '<<' (T_SL), expecting end of file in /home/rayes/public_html/vendor/autoload.php on line 5
[08-Mar-2018 16:44:24 UTC] PHP Parse error:  syntax error, unexpected '<<' (T_SL), expecting end of file in /home/rayes/public_html/vendor/autoload.php on line 5
[08-Mar-2018 16:45:21 UTC] PHP Parse error:  syntax error, unexpected '<<' (T_SL), expecting end of file in /home/rayes/public_html/vendor/autoload.php on line 5
[08-Mar-2018 16:45:27 UTC] PHP Parse error:  syntax error, unexpected '<<' (T_SL), expecting end of file in /home/rayes/public_html/vendor/autoload.php on line 5
[08-Mar-2018 16:45:33 UTC] PHP Parse error:  syntax error, unexpected '<<' (T_SL), expecting end of file in /home/rayes/public_html/vendor/autoload.php on line 5
[08-Mar-2018 16:46:55 UTC] PHP Parse error:  syntax error, unexpected '<<' (T_SL), expecting end of file in /home/rayes/public_html/vendor/autoload.php on line 5
[08-Mar-2018 16:49:08 UTC] PHP Parse error:  syntax error, unexpected '<<' (T_SL), expecting end of file in /home/rayes/public_html/vendor/autoload.php on line 5
[08-Mar-2018 16:49:14 UTC] PHP Parse error:  syntax error, unexpected '<<' (T_SL), expecting end of file in /home/rayes/public_html/vendor/autoload.php on line 5
[08-Mar-2018 16:49:17 UTC] PHP Parse error:  syntax error, unexpected '<<' (T_SL), expecting end of file in /home/rayes/public_html/vendor/autoload.php on line 5
[08-Mar-2018 16:51:07 UTC] PHP Parse error:  syntax error, unexpected '<<' (T_SL), expecting end of file in /home/rayes/public_html/vendor/composer/autoload_real.php on line 5
[08-Mar-2018 16:51:11 UTC] PHP Parse error:  syntax error, unexpected '<<' (T_SL), expecting end of file in /home/rayes/public_html/vendor/composer/autoload_real.php on line 5
[08-Mar-2018 16:52:11 UTC] PHP Parse error:  syntax error, unexpected '<<' (T_SL), expecting end of file in /home/rayes/public_html/vendor/composer/autoload_real.php on line 5
[08-Mar-2018 16:52:55 UTC] PHP Parse error:  syntax error, unexpected '<<' (T_SL), expecting end of file in /home/rayes/public_html/vendor/composer/autoload_real.php on line 5
[08-Mar-2018 16:55:04 UTC] PHP Fatal error:  Uncaught Error: Class 'ComposerAutoloaderInit27e1c915b5f61d18bf1a09e0059e8b61' not found in /home/rayes/public_html/vendor/autoload.php:7
Stack trace:
#0 /home/rayes/public_html/bootstrap/autoload.php(17): require()
#1 /home/rayes/public_html/public/index.php(22): require('/home/rayes/pub...')
#2 {main}
  thrown in /home/rayes/public_html/vendor/autoload.php on line 7
[08-Mar-2018 16:56:15 UTC] PHP Fatal error:  Uncaught Error: Class 'ComposerAutoloaderInit27e1c915b5f61d18bf1a09e0059e8b61' not found in /home/rayes/public_html/vendor/autoload.php:7
Stack trace:
#0 /home/rayes/public_html/bootstrap/autoload.php(17): require()
#1 /home/rayes/public_html/public/index.php(22): require('/home/rayes/pub...')
#2 {main}
  thrown in /home/rayes/public_html/vendor/autoload.php on line 7
[08-Mar-2018 16:56:38 UTC] PHP Fatal error:  Uncaught Error: Class 'ComposerAutoloaderInit27e1c915b5f61d18bf1a09e0059e8b61' not found in /home/rayes/public_html/vendor/autoload.php:7
Stack trace:
#0 /home/rayes/public_html/bootstrap/autoload.php(17): require()
#1 /home/rayes/public_html/public/index.php(22): require('/home/rayes/pub...')
#2 {main}
  thrown in /home/rayes/public_html/vendor/autoload.php on line 7
[08-Mar-2018 16:56:42 UTC] PHP Fatal error:  Uncaught Error: Class 'ComposerAutoloaderInit27e1c915b5f61d18bf1a09e0059e8b61' not found in /home/rayes/public_html/vendor/autoload.php:7
Stack trace:
#0 /home/rayes/public_html/bootstrap/autoload.php(17): require()
#1 /home/rayes/public_html/public/index.php(22): require('/home/rayes/pub...')
#2 {main}
  thrown in /home/rayes/public_html/vendor/autoload.php on line 7
[08-Mar-2018 16:56:55 UTC] PHP Fatal error:  Uncaught Error: Class 'ComposerAutoloaderInit27e1c915b5f61d18bf1a09e0059e8b61' not found in /home/rayes/public_html/vendor/autoload.php:7
Stack trace:
#0 /home/rayes/public_html/bootstrap/autoload.php(17): require()
#1 /home/rayes/public_html/public/index.php(22): require('/home/rayes/pub...')
#2 {main}
  thrown in /home/rayes/public_html/vendor/autoload.php on line 7
[08-Mar-2018 16:56:57 UTC] PHP Fatal error:  Uncaught Error: Class 'ComposerAutoloaderInit27e1c915b5f61d18bf1a09e0059e8b61' not found in /home/rayes/public_html/vendor/autoload.php:7
Stack trace:
#0 /home/rayes/public_html/bootstrap/autoload.php(17): require()
#1 /home/rayes/public_html/public/index.php(22): require('/home/rayes/pub...')
#2 {main}
  thrown in /home/rayes/public_html/vendor/autoload.php on line 7
[08-Mar-2018 16:57:01 UTC] PHP Fatal error:  Uncaught Error: Class 'ComposerAutoloaderInit27e1c915b5f61d18bf1a09e0059e8b61' not found in /home/rayes/public_html/vendor/autoload.php:7
Stack trace:
#0 /home/rayes/public_html/bootstrap/autoload.php(17): require()
#1 /home/rayes/public_html/public/index.php(22): require('/home/rayes/pub...')
#2 {main}
  thrown in /home/rayes/public_html/vendor/autoload.php on line 7
[08-Mar-2018 16:57:03 UTC] PHP Fatal error:  Uncaught Error: Class 'ComposerAutoloaderInit27e1c915b5f61d18bf1a09e0059e8b61' not found in /home/rayes/public_html/vendor/autoload.php:7
Stack trace:
#0 /home/rayes/public_html/bootstrap/autoload.php(17): require()
#1 /home/rayes/public_html/public/index.php(22): require('/home/rayes/pub...')
#2 {main}
  thrown in /home/rayes/public_html/vendor/autoload.php on line 7
[08-Mar-2018 16:57:40 UTC] PHP Fatal error:  Uncaught Error: Class 'ComposerAutoloaderInit27e1c915b5f61d18bf1a09e0059e8b61' not found in /home/rayes/public_html/vendor/autoload.php:7
Stack trace:
#0 /home/rayes/public_html/bootstrap/autoload.php(17): require()
#1 /home/rayes/public_html/public/index.php(22): require('/home/rayes/pub...')
#2 {main}
  thrown in /home/rayes/public_html/vendor/autoload.php on line 7
[08-Mar-2018 16:58:25 UTC] PHP Fatal error:  Uncaught Error: Class 'ComposerAutoloaderInit27e1c915b5f61d18bf1a09e0059e8b61' not found in /home/rayes/public_html/vendor/autoload.php:7
Stack trace:
#0 /home/rayes/public_html/bootstrap/autoload.php(17): require()
#1 /home/rayes/public_html/public/index.php(22): require('/home/rayes/pub...')
#2 {main}
  thrown in /home/rayes/public_html/vendor/autoload.php on line 7
[08-Mar-2018 16:58:26 UTC] PHP Fatal error:  Uncaught Error: Class 'ComposerAutoloaderInit27e1c915b5f61d18bf1a09e0059e8b61' not found in /home/rayes/public_html/vendor/autoload.php:7
Stack trace:
#0 /home/rayes/public_html/bootstrap/autoload.php(17): require()
#1 /home/rayes/public_html/public/index.php(22): require('/home/rayes/pub...')
#2 {main}
  thrown in /home/rayes/public_html/vendor/autoload.php on line 7
[08-Mar-2018 16:58:52 UTC] PHP Fatal error:  Uncaught Error: Class 'ComposerAutoloaderInit27e1c915b5f61d18bf1a09e0059e8b61' not found in /home/rayes/public_html/vendor/autoload.php:7
Stack trace:
#0 /home/rayes/public_html/bootstrap/autoload.php(17): require()
#1 /home/rayes/public_html/public/index.php(22): require('/home/rayes/pub...')
#2 {main}
  thrown in /home/rayes/public_html/vendor/autoload.php on line 7
[08-Mar-2018 16:58:57 UTC] PHP Fatal error:  Uncaught Error: Class 'ComposerAutoloaderInit27e1c915b5f61d18bf1a09e0059e8b61' not found in /home/rayes/public_html/vendor/autoload.php:7
Stack trace:
#0 /home/rayes/public_html/bootstrap/autoload.php(17): require()
#1 /home/rayes/public_html/public/index.php(22): require('/home/rayes/pub...')
#2 {main}
  thrown in /home/rayes/public_html/vendor/autoload.php on line 7
[08-Mar-2018 16:59:08 UTC] PHP Fatal error:  Uncaught Error: Class 'ComposerAutoloaderInit27e1c915b5f61d18bf1a09e0059e8b61' not found in /home/rayes/public_html/vendor/autoload.php:7
Stack trace:
#0 /home/rayes/public_html/bootstrap/autoload.php(17): require()
#1 /home/rayes/public_html/public/index.php(22): require('/home/rayes/pub...')
#2 {main}
  thrown in /home/rayes/public_html/vendor/autoload.php on line 7
[08-Mar-2018 16:59:52 UTC] PHP Fatal error:  Uncaught Error: Class 'ComposerAutoloaderInit27e1c915b5f61d18bf1a09e0059e8b61' not found in /home/rayes/public_html/vendor/autoload.php:7
Stack trace:
#0 /home/rayes/public_html/bootstrap/autoload.php(17): require()
#1 /home/rayes/public_html/public/index.php(22): require('/home/rayes/pub...')
#2 {main}
  thrown in /home/rayes/public_html/vendor/autoload.php on line 7
[08-Mar-2018 17:00:29 UTC] PHP Fatal error:  Uncaught Error: Class 'ComposerAutoloaderInit27e1c915b5f61d18bf1a09e0059e8b61' not found in /home/rayes/public_html/vendor/autoload.php:7
Stack trace:
#0 /home/rayes/public_html/bootstrap/autoload.php(17): require()
#1 /home/rayes/public_html/public/index.php(22): require('/home/rayes/pub...')
#2 {main}
  thrown in /home/rayes/public_html/vendor/autoload.php on line 7
[08-Mar-2018 17:00:29 UTC] PHP Fatal error:  Uncaught Error: Class 'ComposerAutoloaderInit27e1c915b5f61d18bf1a09e0059e8b61' not found in /home/rayes/public_html/vendor/autoload.php:7
Stack trace:
#0 /home/rayes/public_html/bootstrap/autoload.php(17): require()
#1 /home/rayes/public_html/public/index.php(22): require('/home/rayes/pub...')
#2 {main}
  thrown in /home/rayes/public_html/vendor/autoload.php on line 7
[08-Mar-2018 17:01:00 UTC] PHP Fatal error:  Uncaught Error: Class 'ComposerAutoloaderInit27e1c915b5f61d18bf1a09e0059e8b61' not found in /home/rayes/public_html/vendor/autoload.php:7
Stack trace:
#0 /home/rayes/public_html/bootstrap/autoload.php(17): require()
#1 /home/rayes/public_html/public/index.php(22): require('/home/rayes/pub...')
#2 {main}
  thrown in /home/rayes/public_html/vendor/autoload.php on line 7
[08-Mar-2018 17:01:20 UTC] PHP Fatal error:  Uncaught Error: Class 'ComposerAutoloaderInit8ed3272e8d9410f646df54a383e9b594' not found in /home/rayes/public_html/vendor/autoload.php:7
Stack trace:
#0 /home/rayes/public_html/bootstrap/autoload.php(17): require()
#1 /home/rayes/public_html/public/index.php(22): require('/home/rayes/pub...')
#2 {main}
  thrown in /home/rayes/public_html/vendor/autoload.php on line 7
[08-Mar-2018 17:01:40 UTC] PHP Fatal error:  Uncaught Error: Class 'ComposerAutoloaderInit8ed3272e8d9410f646df54a383e9b594' not found in /home/rayes/public_html/vendor/autoload.php:7
Stack trace:
#0 /home/rayes/public_html/bootstrap/autoload.php(17): require()
#1 /home/rayes/public_html/public/index.php(22): require('/home/rayes/pub...')
#2 {main}
  thrown in /home/rayes/public_html/vendor/autoload.php on line 7
[08-Mar-2018 17:01:58 UTC] PHP Fatal error:  Uncaught Error: Class 'ComposerAutoloaderInit8ed3272e8d9410f646df54a383e9b594' not found in /home/rayes/public_html/vendor/autoload.php:7
Stack trace:
#0 /home/rayes/public_html/bootstrap/autoload.php(17): require()
#1 /home/rayes/public_html/public/index.php(22): require('/home/rayes/pub...')
#2 {main}
  thrown in /home/rayes/public_html/vendor/autoload.php on line 7
[08-Mar-2018 17:02:11 UTC] PHP Fatal error:  Uncaught Error: Class 'ComposerAutoloaderInit8ed3272e8d9410f646df54a383e9b594' not found in /home/rayes/public_html/vendor/autoload.php:7
Stack trace:
#0 /home/rayes/public_html/bootstrap/autoload.php(17): require()
#1 /home/rayes/public_html/public/index.php(22): require('/home/rayes/pub...')
#2 {main}
  thrown in /home/rayes/public_html/vendor/autoload.php on line 7
